<?xml version="1.0" encoding="UTF-8"?>
<!-- Generated by org.testng.reporters.JUnitXMLReporter -->
<testsuite hostname="DESKTOP-IC2CVOL" name="Test" tests="25" failures="1" timestamp="4 Jul 2021 03:34:00 GMT" time="364.887" errors="0">
  <testcase name="@AfterClass logOut" time="0.0" classname="testScripts.ScanToBox">
    <failure type="org.openqa.selenium.NoSuchSessionException" message="Session ID is null. Using WebDriver after calling quit()?
Build info: version: &amp;apos;3.11.0&amp;apos;, revision: &amp;apos;e59cfb3&amp;apos;, time: &amp;apos;2018-03-11T20:26:55.152Z&amp;apos;
System info: host: &amp;apos;DESKTOP-IC2CVOL&amp;apos;, ip: &amp;apos;192.168.43.199&amp;apos;, os.name: &amp;apos;Windows 10&amp;apos;, os.arch: &amp;apos;amd64&amp;apos;, os.version: &amp;apos;10.0&amp;apos;, java.version: &amp;apos;1.8.0_171&amp;apos;
Driver info: driver.version: RemoteWebDriver">
      <![CDATA[org.openqa.selenium.NoSuchSessionException: Session ID is null. Using WebDriver after calling quit()?
Build info: version: '3.11.0', revision: 'e59cfb3', time: '2018-03-11T20:26:55.152Z'
System info: host: 'DESKTOP-IC2CVOL', ip: '192.168.43.199', os.name: 'Windows 10', os.arch: 'amd64', os.version: '10.0', java.version: '1.8.0_171'
Driver info: driver.version: RemoteWebDriver
	at org.openqa.selenium.remote.HttpCommandExecutor.execute(HttpCommandExecutor.java:125)
	at org.openqa.selenium.remote.service.DriverCommandExecutor.execute(DriverCommandExecutor.java:83)
	at org.openqa.selenium.remote.RemoteWebDriver.execute(RemoteWebDriver.java:545)
	at org.openqa.selenium.remote.RemoteWebDriver.findElement(RemoteWebDriver.java:319)
	at org.openqa.selenium.remote.RemoteWebDriver.findElementByXPath(RemoteWebDriver.java:421)
	at org.openqa.selenium.By$ByXPath.findElement(By.java:361)
	at org.openqa.selenium.remote.RemoteWebDriver.findElement(RemoteWebDriver.java:311)
	at testScripts.CommonFunctions$2.apply(CommonFunctions.java:438)
	at testScripts.CommonFunctions$2.apply(CommonFunctions.java:1)
	at org.openqa.selenium.support.ui.FluentWait.until(FluentWait.java:248)
	at testScripts.CommonFunctions.fluentWait(CommonFunctions.java:436)
	at testScripts.CommonFunctions.clickXpath(CommonFunctions.java:166)
	at testScripts.ProjectSpecificFunctions.logOut(ProjectSpecificFunctions.java:150)
	at testScripts.VisibilityMain.main(VisibilityMain.java:20)
... Removed 21 stack frames]]>
    </failure>
  </testcase> <!-- @AfterClass logOut -->
  <testcase name="@BeforeClass loginAsAdmin" time="0.0" classname="testScripts.smoke">
    <skipped/>
  </testcase> <!-- @BeforeClass loginAsAdmin -->
  <testcase name="@AfterClass logOut" time="0.0" classname="testScripts.smoke">
    <skipped/>
  </testcase> <!-- @AfterClass logOut -->
  <testcase name="vehicleCreatioN" time="15.589" classname="testScripts.ScanToBox"/>
  <testcase name="captureParentDetails" time="38.548" classname="testScripts.ScanToBox"/>
  <testcase name="finishUpload" time="4.205" classname="testScripts.ScanToBox"/>
  <testcase name="assignPOD" time="3.76" classname="testScripts.ScanToBox"/>
  <testcase name="podGeneration1" time="4.77" classname="testScripts.ScanToBox"/>
  <testcase name="binnerAssignment" time="7.346" classname="testScripts.ScanToBox"/>
  <testcase name="printScanToBoxlabel" time="31.301" classname="testScripts.ScanToBox"/>
  <testcase name="binning" time="110.992" classname="testScripts.ScanToBox"/>
  <testcase name="pickgeneration" time="11.527" classname="testScripts.ScanToBox"/>
  <testcase name="pickerassign" time="6.018" classname="testScripts.ScanToBox"/>
  <testcase name="pickingScreen" time="7.088" classname="testScripts.ScanToBox"/>
  <testcase name="consolidation" time="66.909" classname="testScripts.ScanToBox">
    <failure type="org.openqa.selenium.TimeoutException" message="Expected condition failed: waiting for testScripts.CommonFunctions$2@499b2a5c (tried for 12 second(s) with 3000 milliseconds interval)
Build info: version: &amp;apos;3.11.0&amp;apos;, revision: &amp;apos;e59cfb3&amp;apos;, time: &amp;apos;2018-03-11T20:26:55.152Z&amp;apos;
System info: host: &amp;apos;DESKTOP-IC2CVOL&amp;apos;, ip: &amp;apos;192.168.43.199&amp;apos;, os.name: &amp;apos;Windows 10&amp;apos;, os.arch: &amp;apos;amd64&amp;apos;, os.version: &amp;apos;10.0&amp;apos;, java.version: &amp;apos;1.8.0_171&amp;apos;
Driver info: driver.version: unknown">
      <![CDATA[org.openqa.selenium.TimeoutException: Expected condition failed: waiting for testScripts.CommonFunctions$2@499b2a5c (tried for 12 second(s) with 3000 milliseconds interval)
Build info: version: '3.11.0', revision: 'e59cfb3', time: '2018-03-11T20:26:55.152Z'
System info: host: 'DESKTOP-IC2CVOL', ip: '192.168.43.199', os.name: 'Windows 10', os.arch: 'amd64', os.version: '10.0', java.version: '1.8.0_171'
Driver info: driver.version: unknown
	at org.openqa.selenium.support.ui.FluentWait.timeoutException(FluentWait.java:303)
	at org.openqa.selenium.support.ui.FluentWait.until(FluentWait.java:271)
	at testScripts.CommonFunctions.fluentWait(CommonFunctions.java:436)
	at testScripts.CommonFunctions.xpathGetText(CommonFunctions.java:625)
	at testScripts.ProjectSpecificFunctions.consolidation1(ProjectSpecificFunctions.java:458)
	at testScripts.ScanToBox.consolidation(ScanToBox.java:915)
	at testScripts.VisibilityMain.main(VisibilityMain.java:20)
... Removed 21 stack frames]]>
    </failure>
  </testcase> <!-- consolidation -->
  <testcase name="dispatch" time="0.0" classname="testScripts.ScanToBox">
    <skipped/>
  </testcase> <!-- dispatch -->
  <testcase name="vehicleCreatioN" time="0.0" classname="testScripts.smoke">
    <skipped/>
  </testcase> <!-- vehicleCreatioN -->
  <testcase name="captureParentDetails" time="0.0" classname="testScripts.smoke">
    <skipped/>
  </testcase> <!-- captureParentDetails -->
  <testcase name="finishUpload" time="0.0" classname="testScripts.smoke">
    <skipped/>
  </testcase> <!-- finishUpload -->
  <testcase name="assignPOD1" time="0.0" classname="testScripts.smoke">
    <skipped/>
  </testcase> <!-- assignPOD1 -->
  <testcase name="podGeneration1" time="0.0" classname="testScripts.smoke">
    <skipped/>
  </testcase> <!-- podGeneration1 -->
  <testcase name="binnerAssignment1" time="0.0" classname="testScripts.smoke">
    <skipped/>
  </testcase> <!-- binnerAssignment1 -->
  <testcase name="binning" time="0.0" classname="testScripts.smoke">
    <skipped/>
  </testcase> <!-- binning -->
  <testcase name="pickgeneration" time="0.0" classname="testScripts.smoke">
    <skipped/>
  </testcase> <!-- pickgeneration -->
  <testcase name="pickerassign" time="0.0" classname="testScripts.smoke">
    <skipped/>
  </testcase> <!-- pickerassign -->
  <testcase name="pickingScreen" time="0.0" classname="testScripts.smoke">
    <skipped/>
  </testcase> <!-- pickingScreen -->
  <testcase name="consolidation" time="0.0" classname="testScripts.smoke">
    <skipped/>
  </testcase> <!-- consolidation -->
  <testcase name="dispatch" time="0.0" classname="testScripts.smoke">
    <skipped/>
  </testcase> <!-- dispatch -->
</testsuite> <!-- Test -->
