<?xml version="1.0" encoding="UTF-8"?>
<testng-results skipped="0" failed="3" ignored="6" total="10" passed="1">
  <reporter-output>
  </reporter-output>
  <suite name="Visibility" duration-ms="749133" started-at="2023-05-16T14:45:33Z" finished-at="2023-05-16T14:58:02Z">
    <groups>
    </groups>
    <test name="Long_regression" duration-ms="749133" started-at="2023-05-16T14:45:33Z" finished-at="2023-05-16T14:58:02Z">
      <class name="testScripts.ScantoBox_CartLabel_Dispatch">
        <test-method status="FAIL" signature="scan_to_box_cart_picking()[pri:0, instance:testScripts.ScantoBox_CartLabel_Dispatch@17046283]" name="scan_to_box_cart_picking" duration-ms="63312" started-at="2023-05-16T14:56:57Z" finished-at="2023-05-16T14:58:00Z">
          <exception class="java.lang.Exception">
            <message>
              <![CDATA[(//td[@id='DashboardPO_GateInNum'])[1] not found]]>
            </message>
            <full-stacktrace>
              <![CDATA[java.lang.Exception: (//td[@id='DashboardPO_GateInNum'])[1] not found
at testScripts.TestNGlisteners.onTestFailure(TestNGlisteners.java:62)
at org.testng.internal.TestListenerHelper.runTestListeners(TestListenerHelper.java:67)
at org.testng.internal.Invoker.runTestListeners(Invoker.java:1389)
at org.testng.internal.Invoker.invokeMethod(Invoker.java:636)
at org.testng.internal.Invoker.invokeTestMethod(Invoker.java:719)
at org.testng.internal.Invoker.invokeTestMethods(Invoker.java:989)
at org.testng.internal.TestMethodWorker.invokeTestMethods(TestMethodWorker.java:125)
at org.testng.internal.TestMethodWorker.run(TestMethodWorker.java:109)
at org.testng.TestRunner.privateRun(TestRunner.java:648)
at org.testng.TestRunner.run(TestRunner.java:505)
at org.testng.SuiteRunner.runTest(SuiteRunner.java:455)
at org.testng.SuiteRunner.runSequentially(SuiteRunner.java:450)
at org.testng.SuiteRunner.privateRun(SuiteRunner.java:415)
at org.testng.SuiteRunner.run(SuiteRunner.java:364)
at org.testng.SuiteRunnerWorker.runSuite(SuiteRunnerWorker.java:52)
at org.testng.SuiteRunnerWorker.run(SuiteRunnerWorker.java:84)
at org.testng.TestNG.runSuitesSequentially(TestNG.java:1208)
at org.testng.TestNG.runSuitesLocally(TestNG.java:1137)
at org.testng.TestNG.runSuites(TestNG.java:1049)
at org.testng.TestNG.run(TestNG.java:1017)
at testScripts.VisibilityMain.main(VisibilityMain.java:68)
]]>
            </full-stacktrace>
          </exception> <!-- java.lang.Exception -->
          <reporter-output>
          </reporter-output>
        </test-method> <!-- scan_to_box_cart_picking -->
        <test-method status="PASS" signature="before()[pri:0, instance:testScripts.ScantoBox_CartLabel_Dispatch@17046283]" name="before" is-config="true" duration-ms="0" started-at="2023-05-16T14:56:57Z" finished-at="2023-05-16T14:56:57Z">
          <reporter-output>
          </reporter-output>
        </test-method> <!-- before -->
      </class> <!-- testScripts.ScantoBox_CartLabel_Dispatch -->
      <class name="testScripts.Site_Site">
        <test-method status="PASS" signature="setUp()[pri:0, instance:testScripts.Site_Site@72a7c7e0]" name="setUp" is-config="true" duration-ms="192" started-at="2023-05-16T14:45:32Z" finished-at="2023-05-16T14:45:33Z">
          <reporter-output>
          </reporter-output>
        </test-method> <!-- setUp -->
        <test-method status="PASS" signature="before()[pri:0, instance:testScripts.Site_Site@72a7c7e0]" name="before" is-config="true" duration-ms="9" started-at="2023-05-16T14:45:33Z" finished-at="2023-05-16T14:45:33Z">
          <reporter-output>
          </reporter-output>
        </test-method> <!-- before -->
        <test-method status="FAIL" signature="fifosugPicktypeInb1()[pri:0, instance:testScripts.Site_Site@72a7c7e0]" name="fifosugPicktypeInb1" duration-ms="74904" started-at="2023-05-16T14:45:33Z" finished-at="2023-05-16T14:46:47Z">
          <exception class="java.lang.Exception">
            <message>
              <![CDATA[(//td[@id='DashboardPO_GateInNum'])[1] not found]]>
            </message>
            <full-stacktrace>
              <![CDATA[java.lang.Exception: (//td[@id='DashboardPO_GateInNum'])[1] not found
at testScripts.TestNGlisteners.onTestFailure(TestNGlisteners.java:62)
at org.testng.internal.TestListenerHelper.runTestListeners(TestListenerHelper.java:67)
at org.testng.internal.Invoker.runTestListeners(Invoker.java:1389)
at org.testng.internal.Invoker.invokeMethod(Invoker.java:636)
at org.testng.internal.Invoker.invokeTestMethod(Invoker.java:719)
at org.testng.internal.Invoker.invokeTestMethods(Invoker.java:989)
at org.testng.internal.TestMethodWorker.invokeTestMethods(TestMethodWorker.java:125)
at org.testng.internal.TestMethodWorker.run(TestMethodWorker.java:109)
at org.testng.TestRunner.privateRun(TestRunner.java:648)
at org.testng.TestRunner.run(TestRunner.java:505)
at org.testng.SuiteRunner.runTest(SuiteRunner.java:455)
at org.testng.SuiteRunner.runSequentially(SuiteRunner.java:450)
at org.testng.SuiteRunner.privateRun(SuiteRunner.java:415)
at org.testng.SuiteRunner.run(SuiteRunner.java:364)
at org.testng.SuiteRunnerWorker.runSuite(SuiteRunnerWorker.java:52)
at org.testng.SuiteRunnerWorker.run(SuiteRunnerWorker.java:84)
at org.testng.TestNG.runSuitesSequentially(TestNG.java:1208)
at org.testng.TestNG.runSuitesLocally(TestNG.java:1137)
at org.testng.TestNG.runSuites(TestNG.java:1049)
at org.testng.TestNG.run(TestNG.java:1017)
at testScripts.VisibilityMain.main(VisibilityMain.java:68)
]]>
            </full-stacktrace>
          </exception> <!-- java.lang.Exception -->
          <reporter-output>
          </reporter-output>
        </test-method> <!-- fifosugPicktypeInb1 -->
        <test-method status="FAIL" signature="endTest()[pri:0, instance:testScripts.Site_Site@72a7c7e0]" name="endTest" is-config="true" duration-ms="63" started-at="2023-05-16T14:58:02Z" finished-at="2023-05-16T14:58:02Z">
          <exception class="java.lang.NullPointerException">
            <full-stacktrace>
              <![CDATA[java.lang.NullPointerException
at java.io.File.<init>(Unknown Source)
at javax.activation.FileDataSource.<init>(Unknown Source)
at testScripts.ProjectSpecificFunctions.Email_trigger(ProjectSpecificFunctions.java:965)
at testScripts.ProjectSpecificFunctions.endTest(ProjectSpecificFunctions.java:110)
at sun.reflect.NativeMethodAccessorImpl.invoke0(Native Method)
at sun.reflect.NativeMethodAccessorImpl.invoke(Unknown Source)
at sun.reflect.DelegatingMethodAccessorImpl.invoke(Unknown Source)
at java.lang.reflect.Method.invoke(Unknown Source)
at org.testng.internal.MethodInvocationHelper.invokeMethod(MethodInvocationHelper.java:124)
at org.testng.internal.MethodInvocationHelper.invokeMethodConsideringTimeout(MethodInvocationHelper.java:59)
at org.testng.internal.Invoker.invokeConfigurationMethod(Invoker.java:458)
at org.testng.internal.Invoker.invokeConfigurations(Invoker.java:222)
at org.testng.internal.Invoker.invokeConfigurations(Invoker.java:142)
at org.testng.SuiteRunner.privateRun(SuiteRunner.java:425)
at org.testng.SuiteRunner.run(SuiteRunner.java:364)
at org.testng.SuiteRunnerWorker.runSuite(SuiteRunnerWorker.java:52)
at org.testng.SuiteRunnerWorker.run(SuiteRunnerWorker.java:84)
at org.testng.TestNG.runSuitesSequentially(TestNG.java:1208)
at org.testng.TestNG.runSuitesLocally(TestNG.java:1137)
at org.testng.TestNG.runSuites(TestNG.java:1049)
at org.testng.TestNG.run(TestNG.java:1017)
at testScripts.VisibilityMain.main(VisibilityMain.java:68)
]]>
            </full-stacktrace>
          </exception> <!-- java.lang.NullPointerException -->
          <reporter-output>
          </reporter-output>
        </test-method> <!-- endTest -->
      </class> <!-- testScripts.Site_Site -->
      <class name="testScripts.ReturnOrder">
        <test-method status="PASS" signature="before()[pri:0, instance:testScripts.ReturnOrder@2e4b8173]" name="before" is-config="true" duration-ms="0" started-at="2023-05-16T14:46:48Z" finished-at="2023-05-16T14:46:48Z">
          <reporter-output>
          </reporter-output>
        </test-method> <!-- before -->
        <test-method status="FAIL" signature="returnOrder_Inbound()[pri:0, instance:testScripts.ReturnOrder@2e4b8173]" name="returnOrder_Inbound" duration-ms="120546" started-at="2023-05-16T14:46:48Z" finished-at="2023-05-16T14:48:49Z">
          <exception class="java.lang.Exception">
            <message>
              <![CDATA[//input[@id='AssignPod_VehicleNumber_Checkbox 0'] not found]]>
            </message>
            <full-stacktrace>
              <![CDATA[java.lang.Exception: //input[@id='AssignPod_VehicleNumber_Checkbox 0'] not found
at testScripts.TestNGlisteners.onTestFailure(TestNGlisteners.java:62)
at org.testng.internal.TestListenerHelper.runTestListeners(TestListenerHelper.java:67)
at org.testng.internal.Invoker.runTestListeners(Invoker.java:1389)
at org.testng.internal.Invoker.invokeMethod(Invoker.java:636)
at org.testng.internal.Invoker.invokeTestMethod(Invoker.java:719)
at org.testng.internal.Invoker.invokeTestMethods(Invoker.java:989)
at org.testng.internal.TestMethodWorker.invokeTestMethods(TestMethodWorker.java:125)
at org.testng.internal.TestMethodWorker.run(TestMethodWorker.java:109)
at org.testng.TestRunner.privateRun(TestRunner.java:648)
at org.testng.TestRunner.run(TestRunner.java:505)
at org.testng.SuiteRunner.runTest(SuiteRunner.java:455)
at org.testng.SuiteRunner.runSequentially(SuiteRunner.java:450)
at org.testng.SuiteRunner.privateRun(SuiteRunner.java:415)
at org.testng.SuiteRunner.run(SuiteRunner.java:364)
at org.testng.SuiteRunnerWorker.runSuite(SuiteRunnerWorker.java:52)
at org.testng.SuiteRunnerWorker.run(SuiteRunnerWorker.java:84)
at org.testng.TestNG.runSuitesSequentially(TestNG.java:1208)
at org.testng.TestNG.runSuitesLocally(TestNG.java:1137)
at org.testng.TestNG.runSuites(TestNG.java:1049)
at org.testng.TestNG.run(TestNG.java:1017)
at testScripts.VisibilityMain.main(VisibilityMain.java:68)
]]>
            </full-stacktrace>
          </exception> <!-- java.lang.Exception -->
          <reporter-output>
          </reporter-output>
        </test-method> <!-- returnOrder_Inbound -->
      </class> <!-- testScripts.ReturnOrder -->
      <class name="testScripts.CartLabel_Consolidation">
        <test-method status="PASS" signature="fifoPicktypeInb()[pri:0, instance:testScripts.CartLabel_Consolidation@70e8f8e]" name="fifoPicktypeInb" duration-ms="486376" started-at="2023-05-16T14:48:50Z" finished-at="2023-05-16T14:56:56Z">
          <reporter-output>
          </reporter-output>
        </test-method> <!-- fifoPicktypeInb -->
        <test-method status="PASS" signature="before()[pri:0, instance:testScripts.CartLabel_Consolidation@70e8f8e]" name="before" is-config="true" duration-ms="0" started-at="2023-05-16T14:48:50Z" finished-at="2023-05-16T14:48:50Z">
          <reporter-output>
          </reporter-output>
        </test-method> <!-- before -->
      </class> <!-- testScripts.CartLabel_Consolidation -->
    </test> <!-- Long_regression -->
  </suite> <!-- Visibility -->
</testng-results>
