<?xml version="1.0" encoding="UTF-8"?>
<!-- Generated by org.testng.reporters.JUnitReportReporter -->
<testsuite skipped="0" hostname="LAP-C-4172" name="testScripts.BodyShopLiveIssues" tests="3" failures="0" timestamp="20 Apr 2023 10:14:30 GMT" time="1105.465" errors="1">
  <testcase name="BodyShopFlow1" time="535.459" classname="testScripts.BodyShopLiveIssues"/>
  <testcase name="BodyShopFlow2" time="202.877" classname="testScripts.BodyShopLiveIssues">
    <error type="java.io.FileNotFoundException" message="C:\Users\WDSI\Desktop\MyWorkspace\VSB_ShortRegression_KK\pdf\02023-04-20\ffba0a5f-c140-4a14-911b-71281e3e73ad.pdf (The system cannot find the file specified)">
      <![CDATA[java.io.FileNotFoundException: C:\Users\WDSI\Desktop\MyWorkspace\VSB_ShortRegression_KK\pdf\02023-04-20\ffba0a5f-c140-4a14-911b-71281e3e73ad.pdf (The system cannot find the file specified)
at testScripts.TestNGlisteners.onTestFailure(TestNGlisteners.java:62)
at org.testng.internal.TestListenerHelper.runTestListeners(TestListenerHelper.java:67)
at org.testng.internal.Invoker.runTestListeners(Invoker.java:1389)
at org.testng.internal.Invoker.invokeMethod(Invoker.java:636)
at org.testng.internal.Invoker.invokeTestMethod(Invoker.java:719)
at org.testng.internal.Invoker.invokeTestMethods(Invoker.java:989)
at org.testng.internal.TestMethodWorker.invokeTestMethods(TestMethodWorker.java:125)
at org.testng.internal.TestMethodWorker.run(TestMethodWorker.java:109)
at org.testng.TestRunner.privateRun(TestRunner.java:648)
at org.testng.TestRunner.run(TestRunner.java:505)
at org.testng.SuiteRunner.runTest(SuiteRunner.java:455)
at org.testng.SuiteRunner.runSequentially(SuiteRunner.java:450)
at org.testng.SuiteRunner.privateRun(SuiteRunner.java:415)
at org.testng.SuiteRunner.run(SuiteRunner.java:364)
at org.testng.SuiteRunnerWorker.runSuite(SuiteRunnerWorker.java:52)
at org.testng.SuiteRunnerWorker.run(SuiteRunnerWorker.java:84)
at org.testng.TestNG.runSuitesSequentially(TestNG.java:1208)
at org.testng.TestNG.runSuitesLocally(TestNG.java:1137)
at org.testng.TestNG.runSuites(TestNG.java:1049)
at org.testng.TestNG.run(TestNG.java:1017)
at testScripts.VisibilityMain.main(VisibilityMain.java:68)
]]>
    </error>
  </testcase> <!-- BodyShopFlow2 -->
  <testcase name="BodyShopFlow3" time="367.129" classname="testScripts.BodyShopLiveIssues"/>
</testsuite> <!-- testScripts.BodyShopLiveIssues -->
