<?xml version="1.0" encoding="UTF-8"?>
<!-- Generated by org.testng.reporters.JUnitReportReporter -->
<testsuite skipped="0" hostname="LAP-C-4153" name="testScripts.RicoFlow" tests="1" failures="0" timestamp="11 May 2023 19:40:28 GMT" time="375.996" errors="1">
  <testcase name="ricoflows" time="375.996" classname="testScripts.RicoFlow">
    <error type="org.openqa.selenium.ElementClickInterceptedException" message="element click intercepted: Element &lt;b class=&quot;jss2&quot;&gt;...&lt;/b&gt; is not clickable at point (89, 426). Other element would receive the click: &lt;div class=&quot;popup-overlay scanningpopup-overlay&quot; style=&quot;position: fixed; inset: 0px; background: white; display: flex; z-index: 999; overflow-y: scroll;&quot;&gt;...&lt;/div&gt;
  (Session info: chrome=113.0.5672.92)
Build info: version: &#039;3.141.59&#039;, revision: &#039;e82be7d358&#039;, time: &#039;2018-11-14T08:17:03&#039;
System info: host: &#039;LAP-C-4153&#039;, ip: &#039;192.168.0.103&#039;, os.name: &#039;Windows 11&#039;, os.arch: &#039;amd64&#039;, os.version: &#039;10.0&#039;, java.version: &#039;1.8.0_341&#039;
Driver info: org.openqa.selenium.chrome.ChromeDriver
Capabilities {acceptInsecureCerts: false, browserName: chrome, browserVersion: 113.0.5672.92, chrome: {chromedriverVersion: 113.0.5672.63 (0e1a4471d5ae..., userDataDir: C:\Users\VIJAYA~1\AppData\L...}, goog:chromeOptions: {debuggerAddress: localhost:57131}, javascriptEnabled: true, networkConnectionEnabled: false, pageLoadStrategy: normal, platform: WINDOWS, platformName: WINDOWS, proxy: Proxy(), setWindowRect: true, strictFileInteractability: false, timeouts: {implicit: 0, pageLoad: 300000, script: 30000}, unhandledPromptBehavior: dismiss and notify, webauthn:extension:credBlob: true, webauthn:extension:largeBlob: true, webauthn:extension:minPinLength: true, webauthn:extension:prf: true, webauthn:virtualAuthenticators: true}
Session ID: 7887edc08e6b96b8350f6a8b0d58c1d9">
      <![CDATA[org.openqa.selenium.ElementClickInterceptedException: element click intercepted: Element <b class="jss2">...</b> is not clickable at point (89, 426). Other element would receive the click: <div class="popup-overlay scanningpopup-overlay" style="position: fixed; inset: 0px; background: white; display: flex; z-index: 999; overflow-y: scroll;">...</div>
  (Session info: chrome=113.0.5672.92)
Build info: version: '3.141.59', revision: 'e82be7d358', time: '2018-11-14T08:17:03'
System info: host: 'LAP-C-4153', ip: '192.168.0.103', os.name: 'Windows 11', os.arch: 'amd64', os.version: '10.0', java.version: '1.8.0_341'
Driver info: org.openqa.selenium.chrome.ChromeDriver
Capabilities {acceptInsecureCerts: false, browserName: chrome, browserVersion: 113.0.5672.92, chrome: {chromedriverVersion: 113.0.5672.63 (0e1a4471d5ae..., userDataDir: C:\Users\VIJAYA~1\AppData\L...}, goog:chromeOptions: {debuggerAddress: localhost:57131}, javascriptEnabled: true, networkConnectionEnabled: false, pageLoadStrategy: normal, platform: WINDOWS, platformName: WINDOWS, proxy: Proxy(), setWindowRect: true, strictFileInteractability: false, timeouts: {implicit: 0, pageLoad: 300000, script: 30000}, unhandledPromptBehavior: dismiss and notify, webauthn:extension:credBlob: true, webauthn:extension:largeBlob: true, webauthn:extension:minPinLength: true, webauthn:extension:prf: true, webauthn:virtualAuthenticators: true}
Session ID: 7887edc08e6b96b8350f6a8b0d58c1d9
at testScripts.TestNGlisteners.onTestFailure(TestNGlisteners.java:62)
at org.testng.internal.TestListenerHelper.runTestListeners(TestListenerHelper.java:67)
at org.testng.internal.Invoker.runTestListeners(Invoker.java:1389)
at org.testng.internal.Invoker.invokeMethod(Invoker.java:636)
at org.testng.internal.Invoker.invokeTestMethod(Invoker.java:719)
at org.testng.internal.Invoker.invokeTestMethods(Invoker.java:989)
at org.testng.internal.TestMethodWorker.invokeTestMethods(TestMethodWorker.java:125)
at org.testng.internal.TestMethodWorker.run(TestMethodWorker.java:109)
at org.testng.TestRunner.privateRun(TestRunner.java:648)
at org.testng.TestRunner.run(TestRunner.java:505)
at org.testng.SuiteRunner.runTest(SuiteRunner.java:455)
at org.testng.SuiteRunner.runSequentially(SuiteRunner.java:450)
at org.testng.SuiteRunner.privateRun(SuiteRunner.java:415)
at org.testng.SuiteRunner.run(SuiteRunner.java:364)
at org.testng.SuiteRunnerWorker.runSuite(SuiteRunnerWorker.java:52)
at org.testng.SuiteRunnerWorker.run(SuiteRunnerWorker.java:84)
at org.testng.TestNG.runSuitesSequentially(TestNG.java:1208)
at org.testng.TestNG.runSuitesLocally(TestNG.java:1137)
at org.testng.TestNG.runSuites(TestNG.java:1049)
at org.testng.TestNG.run(TestNG.java:1017)
at testScripts.VisibilityMain.main(VisibilityMain.java:68)
]]>
    </error>
  </testcase> <!-- ricoflows -->
</testsuite> <!-- testScripts.RicoFlow -->
