<?xml version="1.0" encoding="UTF-8"?>
<!-- Generated by org.testng.reporters.JUnitXMLReporter -->
<testsuite hostname="LAP-C-4153" ignored="6" name="Long_regression" tests="4" failures="3" timestamp="16 May 2023 14:58:02 GMT" time="749.133" errors="0">
  <testcase name="fifosugPicktypeInb1" time="74.904" classname="testScripts.Site_Site">
    <failure type="java.lang.Exception" message="(//td[@id=&amp;apos;DashboardPO_GateInNum&amp;apos;])[1] not found">
      <![CDATA[java.lang.Exception: (//td[@id='DashboardPO_GateInNum'])[1] not found
at testScripts.TestNGlisteners.onTestFailure(TestNGlisteners.java:62)
at testScripts.VisibilityMain.main(VisibilityMain.java:68)
... Removed 19 stack frames]]>
    </failure>
  </testcase> <!-- fifosugPicktypeInb1 -->
  <testcase name="returnOrder_Inbound" time="120.546" classname="testScripts.ReturnOrder">
    <failure type="java.lang.Exception" message="//input[@id=&amp;apos;AssignPod_VehicleNumber_Checkbox 0&amp;apos;] not found">
      <![CDATA[java.lang.Exception: //input[@id='AssignPod_VehicleNumber_Checkbox 0'] not found
at testScripts.TestNGlisteners.onTestFailure(TestNGlisteners.java:62)
at testScripts.VisibilityMain.main(VisibilityMain.java:68)
... Removed 19 stack frames]]>
    </failure>
  </testcase> <!-- returnOrder_Inbound -->
  <testcase name="fifoPicktypeInb" time="486.376" classname="testScripts.CartLabel_Consolidation"/>
  <testcase name="scan_to_box_cart_picking" time="63.312" classname="testScripts.ScantoBox_CartLabel_Dispatch">
    <failure type="java.lang.Exception" message="(//td[@id=&amp;apos;DashboardPO_GateInNum&amp;apos;])[1] not found">
      <![CDATA[java.lang.Exception: (//td[@id='DashboardPO_GateInNum'])[1] not found
at testScripts.TestNGlisteners.onTestFailure(TestNGlisteners.java:62)
at testScripts.VisibilityMain.main(VisibilityMain.java:68)
... Removed 19 stack frames]]>
    </failure>
  </testcase> <!-- scan_to_box_cart_picking -->
  <testcase name="@BeforeSuite setUp" time="0.0" classname="testScripts.ProjectSpecificFunctions">
    <ignored/>
  </testcase> <!-- @BeforeSuite setUp -->
  <testcase name="@BeforeSuite setUp" time="0.0" classname="testScripts.ProjectSpecificFunctions">
    <ignored/>
  </testcase> <!-- @BeforeSuite setUp -->
  <testcase name="@BeforeSuite setUp" time="0.0" classname="testScripts.ProjectSpecificFunctions">
    <ignored/>
  </testcase> <!-- @BeforeSuite setUp -->
  <testcase name="@AfterSuite endTest" time="0.0" classname="testScripts.ProjectSpecificFunctions">
    <ignored/>
  </testcase> <!-- @AfterSuite endTest -->
  <testcase name="@AfterSuite endTest" time="0.0" classname="testScripts.ProjectSpecificFunctions">
    <ignored/>
  </testcase> <!-- @AfterSuite endTest -->
  <testcase name="@AfterSuite endTest" time="0.0" classname="testScripts.ProjectSpecificFunctions">
    <ignored/>
  </testcase> <!-- @AfterSuite endTest -->
</testsuite> <!-- Long_regression -->
