<html>
<head>
<title>TestNG:  Long_regression</title>
<link href="../testng.css" rel="stylesheet" type="text/css" />
<link href="../my-testng.css" rel="stylesheet" type="text/css" />

<style type="text/css">
.log { display: none;} 
.stack-trace { display: none;} 
</style>
<script type="text/javascript">
<!--
function flip(e) {
  current = e.style.display;
  if (current == 'block') {
    e.style.display = 'none';
    return 0;
  }
  else {
    e.style.display = 'block';
    return 1;
  }
}

function toggleBox(szDivId, elem, msg1, msg2)
{
  var res = -1;  if (document.getElementById) {
    res = flip(document.getElementById(szDivId));
  }
  else if (document.all) {
    // this is the way old msie versions work
    res = flip(document.all[szDivId]);
  }
  if(elem) {
    if(res == 0) elem.innerHTML = msg1; else elem.innerHTML = msg2;
  }

}

function toggleAllBoxes() {
  if (document.getElementsByTagName) {
    d = document.getElementsByTagName('div');
    for (i = 0; i < d.length; i++) {
      if (d[i].className == 'log') {
        flip(d[i]);
      }
    }
  }
}

// -->
</script>

</head>
<body>
<h2 align='center'>Long_regression</h2><table border='1' align="center">
<tr>
<td>Tests passed/Failed/Skipped:</td><td>1/3/0</td>
</tr><tr>
<td>Started on:</td><td>Tue May 16 20:15:33 IST 2023</td>
</tr>
<tr><td>Total time:</td><td>749 seconds (749133 ms)</td>
</tr><tr>
<td>Included groups:</td><td></td>
</tr><tr>
<td>Excluded groups:</td><td></td>
</tr>
</table><p/>
<small><i>(Hover the method name to see the test class name)</i></small><p/>
<table width='100%' border='1' class='invocation-failed'>
<tr><td colspan='4' align='center'><b>FAILED TESTS</b></td></tr>
<tr><td><b>Test method</b></td>
<td width="30%"><b>Exception</b></td>
<td width="10%"><b>Time (seconds)</b></td>
<td><b>Instance</b></td>
</tr>
<tr>
<td title='testScripts.Site_Site.fifosugPicktypeInb1()'><b>fifosugPicktypeInb1</b><br>Test class: testScripts.Site_Site</td>
<td><div><pre>java.lang.Exception: (//td[@id=&apos;DashboardPO_GateInNum&apos;])[1] not found
	at testScripts.TestNGlisteners.onTestFailure(TestNGlisteners.java:62)
	at testScripts.VisibilityMain.main(VisibilityMain.java:68)
... Removed 19 stack frames</pre></div><a href='#' onClick='toggleBox("stack-trace1694073314", this, "Click to show all stack frames", "Click to hide stack frames")'>Click to show all stack frames</a>
<div class='stack-trace' id='stack-trace1694073314'><pre>java.lang.Exception: (//td[@id=&apos;DashboardPO_GateInNum&apos;])[1] not found
	at testScripts.TestNGlisteners.onTestFailure(TestNGlisteners.java:62)
	at org.testng.internal.TestListenerHelper.runTestListeners(TestListenerHelper.java:67)
	at org.testng.internal.Invoker.runTestListeners(Invoker.java:1389)
	at org.testng.internal.Invoker.invokeMethod(Invoker.java:636)
	at org.testng.internal.Invoker.invokeTestMethod(Invoker.java:719)
	at org.testng.internal.Invoker.invokeTestMethods(Invoker.java:989)
	at org.testng.internal.TestMethodWorker.invokeTestMethods(TestMethodWorker.java:125)
	at org.testng.internal.TestMethodWorker.run(TestMethodWorker.java:109)
	at org.testng.TestRunner.privateRun(TestRunner.java:648)
	at org.testng.TestRunner.run(TestRunner.java:505)
	at org.testng.SuiteRunner.runTest(SuiteRunner.java:455)
	at org.testng.SuiteRunner.runSequentially(SuiteRunner.java:450)
	at org.testng.SuiteRunner.privateRun(SuiteRunner.java:415)
	at org.testng.SuiteRunner.run(SuiteRunner.java:364)
	at org.testng.SuiteRunnerWorker.runSuite(SuiteRunnerWorker.java:52)
	at org.testng.SuiteRunnerWorker.run(SuiteRunnerWorker.java:84)
	at org.testng.TestNG.runSuitesSequentially(TestNG.java:1208)
	at org.testng.TestNG.runSuitesLocally(TestNG.java:1137)
	at org.testng.TestNG.runSuites(TestNG.java:1049)
	at org.testng.TestNG.run(TestNG.java:1017)
	at testScripts.VisibilityMain.main(VisibilityMain.java:68)
</pre></div></td>
<td>74</td>
<td>testScripts.Site_Site@72a7c7e0</td></tr>
<tr>
<td title='testScripts.ReturnOrder.returnOrder_Inbound()'><b>returnOrder_Inbound</b><br>Test class: testScripts.ReturnOrder</td>
<td><div><pre>java.lang.Exception: //input[@id=&apos;AssignPod_VehicleNumber_Checkbox 0&apos;] not found
	at testScripts.TestNGlisteners.onTestFailure(TestNGlisteners.java:62)
	at testScripts.VisibilityMain.main(VisibilityMain.java:68)
... Removed 19 stack frames</pre></div><a href='#' onClick='toggleBox("stack-trace1713204150", this, "Click to show all stack frames", "Click to hide stack frames")'>Click to show all stack frames</a>
<div class='stack-trace' id='stack-trace1713204150'><pre>java.lang.Exception: //input[@id=&apos;AssignPod_VehicleNumber_Checkbox 0&apos;] not found
	at testScripts.TestNGlisteners.onTestFailure(TestNGlisteners.java:62)
	at org.testng.internal.TestListenerHelper.runTestListeners(TestListenerHelper.java:67)
	at org.testng.internal.Invoker.runTestListeners(Invoker.java:1389)
	at org.testng.internal.Invoker.invokeMethod(Invoker.java:636)
	at org.testng.internal.Invoker.invokeTestMethod(Invoker.java:719)
	at org.testng.internal.Invoker.invokeTestMethods(Invoker.java:989)
	at org.testng.internal.TestMethodWorker.invokeTestMethods(TestMethodWorker.java:125)
	at org.testng.internal.TestMethodWorker.run(TestMethodWorker.java:109)
	at org.testng.TestRunner.privateRun(TestRunner.java:648)
	at org.testng.TestRunner.run(TestRunner.java:505)
	at org.testng.SuiteRunner.runTest(SuiteRunner.java:455)
	at org.testng.SuiteRunner.runSequentially(SuiteRunner.java:450)
	at org.testng.SuiteRunner.privateRun(SuiteRunner.java:415)
	at org.testng.SuiteRunner.run(SuiteRunner.java:364)
	at org.testng.SuiteRunnerWorker.runSuite(SuiteRunnerWorker.java:52)
	at org.testng.SuiteRunnerWorker.run(SuiteRunnerWorker.java:84)
	at org.testng.TestNG.runSuitesSequentially(TestNG.java:1208)
	at org.testng.TestNG.runSuitesLocally(TestNG.java:1137)
	at org.testng.TestNG.runSuites(TestNG.java:1049)
	at org.testng.TestNG.run(TestNG.java:1017)
	at testScripts.VisibilityMain.main(VisibilityMain.java:68)
</pre></div></td>
<td>120</td>
<td>testScripts.ReturnOrder@2e4b8173</td></tr>
<tr>
<td title='testScripts.ScantoBox_CartLabel_Dispatch.scan_to_box_cart_picking()'><b>scan_to_box_cart_picking</b><br>Test class: testScripts.ScantoBox_CartLabel_Dispatch</td>
<td><div><pre>java.lang.Exception: (//td[@id=&apos;DashboardPO_GateInNum&apos;])[1] not found
	at testScripts.TestNGlisteners.onTestFailure(TestNGlisteners.java:62)
	at testScripts.VisibilityMain.main(VisibilityMain.java:68)
... Removed 19 stack frames</pre></div><a href='#' onClick='toggleBox("stack-trace1254073087", this, "Click to show all stack frames", "Click to hide stack frames")'>Click to show all stack frames</a>
<div class='stack-trace' id='stack-trace1254073087'><pre>java.lang.Exception: (//td[@id=&apos;DashboardPO_GateInNum&apos;])[1] not found
	at testScripts.TestNGlisteners.onTestFailure(TestNGlisteners.java:62)
	at org.testng.internal.TestListenerHelper.runTestListeners(TestListenerHelper.java:67)
	at org.testng.internal.Invoker.runTestListeners(Invoker.java:1389)
	at org.testng.internal.Invoker.invokeMethod(Invoker.java:636)
	at org.testng.internal.Invoker.invokeTestMethod(Invoker.java:719)
	at org.testng.internal.Invoker.invokeTestMethods(Invoker.java:989)
	at org.testng.internal.TestMethodWorker.invokeTestMethods(TestMethodWorker.java:125)
	at org.testng.internal.TestMethodWorker.run(TestMethodWorker.java:109)
	at org.testng.TestRunner.privateRun(TestRunner.java:648)
	at org.testng.TestRunner.run(TestRunner.java:505)
	at org.testng.SuiteRunner.runTest(SuiteRunner.java:455)
	at org.testng.SuiteRunner.runSequentially(SuiteRunner.java:450)
	at org.testng.SuiteRunner.privateRun(SuiteRunner.java:415)
	at org.testng.SuiteRunner.run(SuiteRunner.java:364)
	at org.testng.SuiteRunnerWorker.runSuite(SuiteRunnerWorker.java:52)
	at org.testng.SuiteRunnerWorker.run(SuiteRunnerWorker.java:84)
	at org.testng.TestNG.runSuitesSequentially(TestNG.java:1208)
	at org.testng.TestNG.runSuitesLocally(TestNG.java:1137)
	at org.testng.TestNG.runSuites(TestNG.java:1049)
	at org.testng.TestNG.run(TestNG.java:1017)
	at testScripts.VisibilityMain.main(VisibilityMain.java:68)
</pre></div></td>
<td>63</td>
<td>testScripts.ScantoBox_CartLabel_Dispatch@17046283</td></tr>
</table><p>
<table width='100%' border='1' class='invocation-passed'>
<tr><td colspan='4' align='center'><b>PASSED TESTS</b></td></tr>
<tr><td><b>Test method</b></td>
<td width="30%"><b>Exception</b></td>
<td width="10%"><b>Time (seconds)</b></td>
<td><b>Instance</b></td>
</tr>
<tr>
<td title='testScripts.CartLabel_Consolidation.fifoPicktypeInb()'><b>fifoPicktypeInb</b><br>Test class: testScripts.CartLabel_Consolidation</td>
<td></td>
<td>486</td>
<td>testScripts.CartLabel_Consolidation@70e8f8e</td></tr>
</table><p>
</body>
</html>