<?xml version="1.0" encoding="UTF-8"?>
<!-- Generated by org.testng.reporters.JUnitXMLReporter -->
<testsuite hostname="LAP-C-4172" ignored="8" name="Short_regression" tests="11" failures="4" timestamp="05 Apr 2023 04:39:23 GMT" time="3694.847" errors="0">
  <testcase name="finolexscenario_13739" time="268.639" classname="testScripts.FinolexLiveIssues"/>
  <testcase name="finolexscenario_13438" time="293.335" classname="testScripts.FinolexLiveIssues"/>
  <testcase name="finolexOrder_13018" time="308.272" classname="testScripts.FinolexLiveIssues">
    <failure type="java.lang.Exception" message="(//*[contains(.,&amp;apos;1 of 1&amp;apos;)])[16] not found">
      <![CDATA[java.lang.Exception: (//*[contains(.,'1 of 1')])[16] not found
at testScripts.TestNGlisteners.onTestFailure(TestNGlisteners.java:62)
at testScripts.VisibilityMain.main(VisibilityMain.java:66)
... Removed 19 stack frames]]>
    </failure>
  </testcase> <!-- finolexOrder_13018 -->
  <testcase name="finolexscenario_13460" time="623.809" classname="testScripts.FinolexLiveIssues"/>
  <testcase name="finolexOrder_13453" time="455.815" classname="testScripts.FinolexLiveIssues">
    <failure type="java.lang.Exception" message="//button[@id=&amp;apos;DockIn_FinishUpload&amp;apos;] not found">
      <![CDATA[java.lang.Exception: //button[@id='DockIn_FinishUpload'] not found
at testScripts.TestNGlisteners.onTestFailure(TestNGlisteners.java:62)
at testScripts.VisibilityMain.main(VisibilityMain.java:66)
... Removed 19 stack frames]]>
    </failure>
  </testcase> <!-- finolexOrder_13453 -->
  <testcase name="live" time="425.107" classname="testScripts.JCHLiveIssues"/>
  <testcase name="Live_13501" time="172.831" classname="testScripts.HZLLiveIssues"/>
  <testcase name="Live_13493" time="108.146" classname="testScripts.TVSLiveIssues"/>
  <testcase name="BodyShopFlow1" time="493.33" classname="testScripts.BodyShopLiveIssues"/>
  <testcase name="BodyShopFlow2" time="253.735" classname="testScripts.BodyShopLiveIssues">
    <failure type="org.openqa.selenium.InvalidElementStateException" message="invalid element state: Element is not currently interactable and may not be manipulated
  (Session info: chrome=111.0.5563.111)
Build info: version: &amp;apos;3.141.59&amp;apos;, revision: &amp;apos;e82be7d358&amp;apos;, time: &amp;apos;2018-11-14T08:17:03&amp;apos;
System info: host: &amp;apos;LAP-C-4172&amp;apos;, ip: &amp;apos;192.168.67.161&amp;apos;, os.name: &amp;apos;Windows 10&amp;apos;, os.arch: &amp;apos;amd64&amp;apos;, os.version: &amp;apos;10.0&amp;apos;, java.version: &amp;apos;1.8.0_171&amp;apos;
Driver info: org.openqa.selenium.chrome.ChromeDriver
Capabilities {acceptInsecureCerts: false, browserName: chrome, browserVersion: 111.0.5563.111, chrome: {chromedriverVersion: 111.0.5563.64 (c710e93d5b63..., userDataDir: C:\Users\WDSI\AppData\Local...}, goog:chromeOptions: {debuggerAddress: localhost:61500}, javascriptEnabled: true, networkConnectionEnabled: false, pageLoadStrategy: normal, platform: WINDOWS, platformName: WINDOWS, proxy: Proxy(), setWindowRect: true, strictFileInteractability: false, timeouts: {implicit: 0, pageLoad: 300000, script: 30000}, unhandledPromptBehavior: dismiss and notify, webauthn:extension:credBlob: true, webauthn:extension:largeBlob: true, webauthn:extension:minPinLength: true, webauthn:extension:prf: true, webauthn:virtualAuthenticators: true}
Session ID: 3bbb2916667c5a86ff6ffb17390e5c60">
      <![CDATA[org.openqa.selenium.InvalidElementStateException: invalid element state: Element is not currently interactable and may not be manipulated
  (Session info: chrome=111.0.5563.111)
Build info: version: '3.141.59', revision: 'e82be7d358', time: '2018-11-14T08:17:03'
System info: host: 'LAP-C-4172', ip: '192.168.67.161', os.name: 'Windows 10', os.arch: 'amd64', os.version: '10.0', java.version: '1.8.0_171'
Driver info: org.openqa.selenium.chrome.ChromeDriver
Capabilities {acceptInsecureCerts: false, browserName: chrome, browserVersion: 111.0.5563.111, chrome: {chromedriverVersion: 111.0.5563.64 (c710e93d5b63..., userDataDir: C:\Users\WDSI\AppData\Local...}, goog:chromeOptions: {debuggerAddress: localhost:61500}, javascriptEnabled: true, networkConnectionEnabled: false, pageLoadStrategy: normal, platform: WINDOWS, platformName: WINDOWS, proxy: Proxy(), setWindowRect: true, strictFileInteractability: false, timeouts: {implicit: 0, pageLoad: 300000, script: 30000}, unhandledPromptBehavior: dismiss and notify, webauthn:extension:credBlob: true, webauthn:extension:largeBlob: true, webauthn:extension:minPinLength: true, webauthn:extension:prf: true, webauthn:virtualAuthenticators: true}
Session ID: 3bbb2916667c5a86ff6ffb17390e5c60
at testScripts.TestNGlisteners.onTestFailure(TestNGlisteners.java:62)
at testScripts.VisibilityMain.main(VisibilityMain.java:66)
... Removed 19 stack frames]]>
    </failure>
  </testcase> <!-- BodyShopFlow2 -->
  <testcase name="BodyShopFlow3" time="286.575" classname="testScripts.BodyShopLiveIssues">
    <failure type="org.openqa.selenium.InvalidElementStateException" message="invalid element state: Element is not currently interactable and may not be manipulated
  (Session info: chrome=111.0.5563.111)
Build info: version: &amp;apos;3.141.59&amp;apos;, revision: &amp;apos;e82be7d358&amp;apos;, time: &amp;apos;2018-11-14T08:17:03&amp;apos;
System info: host: &amp;apos;LAP-C-4172&amp;apos;, ip: &amp;apos;192.168.67.161&amp;apos;, os.name: &amp;apos;Windows 10&amp;apos;, os.arch: &amp;apos;amd64&amp;apos;, os.version: &amp;apos;10.0&amp;apos;, java.version: &amp;apos;1.8.0_171&amp;apos;
Driver info: org.openqa.selenium.chrome.ChromeDriver
Capabilities {acceptInsecureCerts: false, browserName: chrome, browserVersion: 111.0.5563.111, chrome: {chromedriverVersion: 111.0.5563.64 (c710e93d5b63..., userDataDir: C:\Users\WDSI\AppData\Local...}, goog:chromeOptions: {debuggerAddress: localhost:61565}, javascriptEnabled: true, networkConnectionEnabled: false, pageLoadStrategy: normal, platform: WINDOWS, platformName: WINDOWS, proxy: Proxy(), setWindowRect: true, strictFileInteractability: false, timeouts: {implicit: 0, pageLoad: 300000, script: 30000}, unhandledPromptBehavior: dismiss and notify, webauthn:extension:credBlob: true, webauthn:extension:largeBlob: true, webauthn:extension:minPinLength: true, webauthn:extension:prf: true, webauthn:virtualAuthenticators: true}
Session ID: 62ac8940277ef8417dad95e017ed7b76">
      <![CDATA[org.openqa.selenium.InvalidElementStateException: invalid element state: Element is not currently interactable and may not be manipulated
  (Session info: chrome=111.0.5563.111)
Build info: version: '3.141.59', revision: 'e82be7d358', time: '2018-11-14T08:17:03'
System info: host: 'LAP-C-4172', ip: '192.168.67.161', os.name: 'Windows 10', os.arch: 'amd64', os.version: '10.0', java.version: '1.8.0_171'
Driver info: org.openqa.selenium.chrome.ChromeDriver
Capabilities {acceptInsecureCerts: false, browserName: chrome, browserVersion: 111.0.5563.111, chrome: {chromedriverVersion: 111.0.5563.64 (c710e93d5b63..., userDataDir: C:\Users\WDSI\AppData\Local...}, goog:chromeOptions: {debuggerAddress: localhost:61565}, javascriptEnabled: true, networkConnectionEnabled: false, pageLoadStrategy: normal, platform: WINDOWS, platformName: WINDOWS, proxy: Proxy(), setWindowRect: true, strictFileInteractability: false, timeouts: {implicit: 0, pageLoad: 300000, script: 30000}, unhandledPromptBehavior: dismiss and notify, webauthn:extension:credBlob: true, webauthn:extension:largeBlob: true, webauthn:extension:minPinLength: true, webauthn:extension:prf: true, webauthn:virtualAuthenticators: true}
Session ID: 62ac8940277ef8417dad95e017ed7b76
at testScripts.TestNGlisteners.onTestFailure(TestNGlisteners.java:62)
at testScripts.VisibilityMain.main(VisibilityMain.java:66)
... Removed 19 stack frames]]>
    </failure>
  </testcase> <!-- BodyShopFlow3 -->
  <testcase name="@BeforeSuite setUp" time="0.0" classname="testScripts.ProjectSpecificFunctions">
    <ignored/>
  </testcase> <!-- @BeforeSuite setUp -->
  <testcase name="@BeforeSuite setUp" time="0.0" classname="testScripts.ProjectSpecificFunctions">
    <ignored/>
  </testcase> <!-- @BeforeSuite setUp -->
  <testcase name="@BeforeSuite setUp" time="0.0" classname="testScripts.ProjectSpecificFunctions">
    <ignored/>
  </testcase> <!-- @BeforeSuite setUp -->
  <testcase name="@BeforeSuite setUp" time="0.0" classname="testScripts.ProjectSpecificFunctions">
    <ignored/>
  </testcase> <!-- @BeforeSuite setUp -->
  <testcase name="@AfterSuite endTest" time="0.0" classname="testScripts.ProjectSpecificFunctions">
    <ignored/>
  </testcase> <!-- @AfterSuite endTest -->
  <testcase name="@AfterSuite endTest" time="0.0" classname="testScripts.ProjectSpecificFunctions">
    <ignored/>
  </testcase> <!-- @AfterSuite endTest -->
  <testcase name="@AfterSuite endTest" time="0.0" classname="testScripts.ProjectSpecificFunctions">
    <ignored/>
  </testcase> <!-- @AfterSuite endTest -->
  <testcase name="@AfterSuite endTest" time="0.0" classname="testScripts.ProjectSpecificFunctions">
    <ignored/>
  </testcase> <!-- @AfterSuite endTest -->
</testsuite> <!-- Short_regression -->
