<html>
<head>
<title>TestNG:  Test</title>
<link href="../testng.css" rel="stylesheet" type="text/css" />
<link href="../my-testng.css" rel="stylesheet" type="text/css" />

<style type="text/css">
.log { display: none;} 
.stack-trace { display: none;} 
</style>
<script type="text/javascript">
<!--
function flip(e) {
  current = e.style.display;
  if (current == 'block') {
    e.style.display = 'none';
    return 0;
  }
  else {
    e.style.display = 'block';
    return 1;
  }
}

function toggleBox(szDivId, elem, msg1, msg2)
{
  var res = -1;  if (document.getElementById) {
    res = flip(document.getElementById(szDivId));
  }
  else if (document.all) {
    // this is the way old msie versions work
    res = flip(document.all[szDivId]);
  }
  if(elem) {
    if(res == 0) elem.innerHTML = msg1; else elem.innerHTML = msg2;
  }

}

function toggleAllBoxes() {
  if (document.getElementsByTagName) {
    d = document.getElementsByTagName('div');
    for (i = 0; i < d.length; i++) {
      if (d[i].className == 'log') {
        flip(d[i]);
      }
    }
  }
}

// -->
</script>

</head>
<body>
<h2 align='center'>Test</h2><table border='1' align="center">
<tr>
<td>Tests passed/Failed/Skipped:</td><td>11/1/13</td>
</tr><tr>
<td>Started on:</td><td>Sun Jul 04 08:57:55 IST 2021</td>
</tr>
<tr><td>Total time:</td><td>364 seconds (364887 ms)</td>
</tr><tr>
<td>Included groups:</td><td></td>
</tr><tr>
<td>Excluded groups:</td><td></td>
</tr>
</table><p/>
<small><i>(Hover the method name to see the test class name)</i></small><p/>
<table width='100%' border='1' class='invocation-failed'>
<tr><td colspan='4' align='center'><b>FAILED CONFIGURATIONS</b></td></tr>
<tr><td><b>Test method</b></td>
<td width="30%"><b>Exception</b></td>
<td width="10%"><b>Time (seconds)</b></td>
<td><b>Instance</b></td>
</tr>
<tr>
<td title='testScripts.ScanToBox.logOut()'><b>logOut</b><br>Test class: testScripts.ScanToBox</td>
<td><div><pre>org.openqa.selenium.NoSuchSessionException: Session ID is null. Using WebDriver after calling quit()?
Build info: version: &apos;3.11.0&apos;, revision: &apos;e59cfb3&apos;, time: &apos;2018-03-11T20:26:55.152Z&apos;
System info: host: &apos;DESKTOP-IC2CVOL&apos;, ip: &apos;192.168.43.199&apos;, os.name: &apos;Windows 10&apos;, os.arch: &apos;amd64&apos;, os.version: &apos;10.0&apos;, java.version: &apos;1.8.0_171&apos;
Driver info: driver.version: RemoteWebDriver
	at org.openqa.selenium.remote.HttpCommandExecutor.execute(HttpCommandExecutor.java:125)
	at org.openqa.selenium.remote.service.DriverCommandExecutor.execute(DriverCommandExecutor.java:83)
	at org.openqa.selenium.remote.RemoteWebDriver.execute(RemoteWebDriver.java:545)
	at org.openqa.selenium.remote.RemoteWebDriver.findElement(RemoteWebDriver.java:319)
	at org.openqa.selenium.remote.RemoteWebDriver.findElementByXPath(RemoteWebDriver.java:421)
	at org.openqa.selenium.By$ByXPath.findElement(By.java:361)
	at org.openqa.selenium.remote.RemoteWebDriver.findElement(RemoteWebDriver.java:311)
	at testScripts.CommonFunctions$2.apply(CommonFunctions.java:438)
	at testScripts.CommonFunctions$2.apply(CommonFunctions.java:1)
	at org.openqa.selenium.support.ui.FluentWait.until(FluentWait.java:248)
	at testScripts.CommonFunctions.fluentWait(CommonFunctions.java:436)
	at testScripts.CommonFunctions.clickXpath(CommonFunctions.java:166)
	at testScripts.ProjectSpecificFunctions.logOut(ProjectSpecificFunctions.java:150)
	at testScripts.VisibilityMain.main(VisibilityMain.java:20)
... Removed 21 stack frames</pre></div><a href='#' onClick='toggleBox("stack-trace185164978", this, "Click to show all stack frames", "Click to hide stack frames")'>Click to show all stack frames</a>
<div class='stack-trace' id='stack-trace185164978'><pre>org.openqa.selenium.NoSuchSessionException: Session ID is null. Using WebDriver after calling quit()?
Build info: version: &apos;3.11.0&apos;, revision: &apos;e59cfb3&apos;, time: &apos;2018-03-11T20:26:55.152Z&apos;
System info: host: &apos;DESKTOP-IC2CVOL&apos;, ip: &apos;192.168.43.199&apos;, os.name: &apos;Windows 10&apos;, os.arch: &apos;amd64&apos;, os.version: &apos;10.0&apos;, java.version: &apos;1.8.0_171&apos;
Driver info: driver.version: RemoteWebDriver
	at org.openqa.selenium.remote.HttpCommandExecutor.execute(HttpCommandExecutor.java:125)
	at org.openqa.selenium.remote.service.DriverCommandExecutor.execute(DriverCommandExecutor.java:83)
	at org.openqa.selenium.remote.RemoteWebDriver.execute(RemoteWebDriver.java:545)
	at org.openqa.selenium.remote.RemoteWebDriver.findElement(RemoteWebDriver.java:319)
	at org.openqa.selenium.remote.RemoteWebDriver.findElementByXPath(RemoteWebDriver.java:421)
	at org.openqa.selenium.By$ByXPath.findElement(By.java:361)
	at org.openqa.selenium.remote.RemoteWebDriver.findElement(RemoteWebDriver.java:311)
	at testScripts.CommonFunctions$2.apply(CommonFunctions.java:438)
	at testScripts.CommonFunctions$2.apply(CommonFunctions.java:1)
	at org.openqa.selenium.support.ui.FluentWait.until(FluentWait.java:248)
	at testScripts.CommonFunctions.fluentWait(CommonFunctions.java:436)
	at testScripts.CommonFunctions.clickXpath(CommonFunctions.java:166)
	at testScripts.ProjectSpecificFunctions.logOut(ProjectSpecificFunctions.java:150)
	at sun.reflect.NativeMethodAccessorImpl.invoke0(Native Method)
	at sun.reflect.NativeMethodAccessorImpl.invoke(NativeMethodAccessorImpl.java:62)
	at sun.reflect.DelegatingMethodAccessorImpl.invoke(DelegatingMethodAccessorImpl.java:43)
	at java.lang.reflect.Method.invoke(Method.java:498)
	at org.testng.internal.MethodInvocationHelper.invokeMethod(MethodInvocationHelper.java:86)
	at org.testng.internal.Invoker.invokeConfigurationMethod(Invoker.java:514)
	at org.testng.internal.Invoker.invokeConfigurations(Invoker.java:215)
	at org.testng.internal.Invoker.invokeConfigurations(Invoker.java:142)
	at org.testng.internal.TestMethodWorker.invokeAfterClassMethods(TestMethodWorker.java:232)
	at org.testng.internal.TestMethodWorker.run(TestMethodWorker.java:115)
	at org.testng.TestRunner.privateRun(TestRunner.java:782)
	at org.testng.TestRunner.run(TestRunner.java:632)
	at org.testng.SuiteRunner.runTest(SuiteRunner.java:366)
	at org.testng.SuiteRunner.runSequentially(SuiteRunner.java:361)
	at org.testng.SuiteRunner.privateRun(SuiteRunner.java:319)
	at org.testng.SuiteRunner.run(SuiteRunner.java:268)
	at org.testng.SuiteRunnerWorker.runSuite(SuiteRunnerWorker.java:52)
	at org.testng.SuiteRunnerWorker.run(SuiteRunnerWorker.java:86)
	at org.testng.TestNG.runSuitesSequentially(TestNG.java:1244)
	at org.testng.TestNG.runSuitesLocally(TestNG.java:1169)
	at org.testng.TestNG.run(TestNG.java:1064)
	at testScripts.VisibilityMain.main(VisibilityMain.java:20)
</pre></div></td>
<td>0</td>
<td>testScripts.ScanToBox@79b4d0f</td></tr>
</table><p>
<table width='100%' border='1' class='invocation-skipped'>
<tr><td colspan='4' align='center'><b>SKIPPED CONFIGURATIONS</b></td></tr>
<tr><td><b>Test method</b></td>
<td width="30%"><b>Exception</b></td>
<td width="10%"><b>Time (seconds)</b></td>
<td><b>Instance</b></td>
</tr>
<tr>
<td title='testScripts.smoke.loginAsAdmin()'><b>loginAsAdmin</b><br>Test class: testScripts.smoke</td>
<td></td>
<td>0</td>
<td>testScripts.smoke@42d3bd8b</td></tr>
<tr>
<td title='testScripts.smoke.logOut()'><b>logOut</b><br>Test class: testScripts.smoke</td>
<td></td>
<td>0</td>
<td>testScripts.smoke@42d3bd8b</td></tr>
</table><p>
<table width='100%' border='1' class='invocation-failed'>
<tr><td colspan='4' align='center'><b>FAILED TESTS</b></td></tr>
<tr><td><b>Test method</b></td>
<td width="30%"><b>Exception</b></td>
<td width="10%"><b>Time (seconds)</b></td>
<td><b>Instance</b></td>
</tr>
<tr>
<td title='testScripts.ScanToBox.consolidation()'><b>consolidation</b><br>Test class: testScripts.ScanToBox</td>
<td><div><pre>org.openqa.selenium.TimeoutException: Expected condition failed: waiting for testScripts.CommonFunctions$2@499b2a5c (tried for 12 second(s) with 3000 milliseconds interval)
Build info: version: &apos;3.11.0&apos;, revision: &apos;e59cfb3&apos;, time: &apos;2018-03-11T20:26:55.152Z&apos;
System info: host: &apos;DESKTOP-IC2CVOL&apos;, ip: &apos;192.168.43.199&apos;, os.name: &apos;Windows 10&apos;, os.arch: &apos;amd64&apos;, os.version: &apos;10.0&apos;, java.version: &apos;1.8.0_171&apos;
Driver info: driver.version: unknown
	at org.openqa.selenium.support.ui.FluentWait.timeoutException(FluentWait.java:303)
	at org.openqa.selenium.support.ui.FluentWait.until(FluentWait.java:271)
	at testScripts.CommonFunctions.fluentWait(CommonFunctions.java:436)
	at testScripts.CommonFunctions.xpathGetText(CommonFunctions.java:625)
	at testScripts.ProjectSpecificFunctions.consolidation1(ProjectSpecificFunctions.java:458)
	at testScripts.ScanToBox.consolidation(ScanToBox.java:915)
	at testScripts.VisibilityMain.main(VisibilityMain.java:20)
... Removed 21 stack frames</pre></div><a href='#' onClick='toggleBox("stack-trace605705199", this, "Click to show all stack frames", "Click to hide stack frames")'>Click to show all stack frames</a>
<div class='stack-trace' id='stack-trace605705199'><pre>org.openqa.selenium.TimeoutException: Expected condition failed: waiting for testScripts.CommonFunctions$2@499b2a5c (tried for 12 second(s) with 3000 milliseconds interval)
Build info: version: &apos;3.11.0&apos;, revision: &apos;e59cfb3&apos;, time: &apos;2018-03-11T20:26:55.152Z&apos;
System info: host: &apos;DESKTOP-IC2CVOL&apos;, ip: &apos;192.168.43.199&apos;, os.name: &apos;Windows 10&apos;, os.arch: &apos;amd64&apos;, os.version: &apos;10.0&apos;, java.version: &apos;1.8.0_171&apos;
Driver info: driver.version: unknown
	at org.openqa.selenium.support.ui.FluentWait.timeoutException(FluentWait.java:303)
	at org.openqa.selenium.support.ui.FluentWait.until(FluentWait.java:271)
	at testScripts.CommonFunctions.fluentWait(CommonFunctions.java:436)
	at testScripts.CommonFunctions.xpathGetText(CommonFunctions.java:625)
	at testScripts.ProjectSpecificFunctions.consolidation1(ProjectSpecificFunctions.java:458)
	at testScripts.ScanToBox.consolidation(ScanToBox.java:915)
	at sun.reflect.NativeMethodAccessorImpl.invoke0(Native Method)
	at sun.reflect.NativeMethodAccessorImpl.invoke(NativeMethodAccessorImpl.java:62)
	at sun.reflect.DelegatingMethodAccessorImpl.invoke(DelegatingMethodAccessorImpl.java:43)
	at java.lang.reflect.Method.invoke(Method.java:498)
	at org.testng.internal.MethodInvocationHelper.invokeMethod(MethodInvocationHelper.java:86)
	at org.testng.internal.Invoker.invokeMethod(Invoker.java:645)
	at org.testng.internal.Invoker.invokeTestMethod(Invoker.java:822)
	at org.testng.internal.Invoker.invokeTestMethods(Invoker.java:1130)
	at org.testng.internal.TestMethodWorker.invokeTestMethods(TestMethodWorker.java:129)
	at org.testng.internal.TestMethodWorker.run(TestMethodWorker.java:112)
	at org.testng.TestRunner.privateRun(TestRunner.java:782)
	at org.testng.TestRunner.run(TestRunner.java:632)
	at org.testng.SuiteRunner.runTest(SuiteRunner.java:366)
	at org.testng.SuiteRunner.runSequentially(SuiteRunner.java:361)
	at org.testng.SuiteRunner.privateRun(SuiteRunner.java:319)
	at org.testng.SuiteRunner.run(SuiteRunner.java:268)
	at org.testng.SuiteRunnerWorker.runSuite(SuiteRunnerWorker.java:52)
	at org.testng.SuiteRunnerWorker.run(SuiteRunnerWorker.java:86)
	at org.testng.TestNG.runSuitesSequentially(TestNG.java:1244)
	at org.testng.TestNG.runSuitesLocally(TestNG.java:1169)
	at org.testng.TestNG.run(TestNG.java:1064)
	at testScripts.VisibilityMain.main(VisibilityMain.java:20)
</pre></div></td>
<td>66</td>
<td>testScripts.ScanToBox@79b4d0f</td></tr>
</table><p>
<table width='100%' border='1' class='invocation-passed'>
<tr><td colspan='4' align='center'><b>PASSED TESTS</b></td></tr>
<tr><td><b>Test method</b></td>
<td width="30%"><b>Exception</b></td>
<td width="10%"><b>Time (seconds)</b></td>
<td><b>Instance</b></td>
</tr>
<tr>
<td title='testScripts.ScanToBox.assignPOD()'><b>assignPOD</b><br>Test class: testScripts.ScanToBox</td>
<td></td>
<td>3</td>
<td>testScripts.ScanToBox@79b4d0f</td></tr>
<tr>
<td title='testScripts.ScanToBox.binnerAssignment()'><b>binnerAssignment</b><br>Test class: testScripts.ScanToBox</td>
<td></td>
<td>7</td>
<td>testScripts.ScanToBox@79b4d0f</td></tr>
<tr>
<td title='testScripts.ScanToBox.binning()'><b>binning</b><br>Test class: testScripts.ScanToBox</td>
<td></td>
<td>110</td>
<td>testScripts.ScanToBox@79b4d0f</td></tr>
<tr>
<td title='testScripts.ScanToBox.captureParentDetails()'><b>captureParentDetails</b><br>Test class: testScripts.ScanToBox</td>
<td></td>
<td>38</td>
<td>testScripts.ScanToBox@79b4d0f</td></tr>
<tr>
<td title='testScripts.ScanToBox.finishUpload()'><b>finishUpload</b><br>Test class: testScripts.ScanToBox</td>
<td></td>
<td>4</td>
<td>testScripts.ScanToBox@79b4d0f</td></tr>
<tr>
<td title='testScripts.ScanToBox.pickerassign()'><b>pickerassign</b><br>Test class: testScripts.ScanToBox</td>
<td></td>
<td>6</td>
<td>testScripts.ScanToBox@79b4d0f</td></tr>
<tr>
<td title='testScripts.ScanToBox.pickgeneration()'><b>pickgeneration</b><br>Test class: testScripts.ScanToBox</td>
<td></td>
<td>11</td>
<td>testScripts.ScanToBox@79b4d0f</td></tr>
<tr>
<td title='testScripts.ScanToBox.pickingScreen()'><b>pickingScreen</b><br>Test class: testScripts.ScanToBox</td>
<td></td>
<td>7</td>
<td>testScripts.ScanToBox@79b4d0f</td></tr>
<tr>
<td title='testScripts.ScanToBox.podGeneration1()'><b>podGeneration1</b><br>Test class: testScripts.ScanToBox</td>
<td></td>
<td>4</td>
<td>testScripts.ScanToBox@79b4d0f</td></tr>
<tr>
<td title='testScripts.ScanToBox.printScanToBoxlabel()'><b>printScanToBoxlabel</b><br>Test class: testScripts.ScanToBox</td>
<td></td>
<td>31</td>
<td>testScripts.ScanToBox@79b4d0f</td></tr>
<tr>
<td title='testScripts.ScanToBox.vehicleCreatioN()'><b>vehicleCreatioN</b><br>Test class: testScripts.ScanToBox</td>
<td></td>
<td>15</td>
<td>testScripts.ScanToBox@79b4d0f</td></tr>
</table><p>
<table width='100%' border='1' class='invocation-skipped'>
<tr><td colspan='4' align='center'><b>SKIPPED TESTS</b></td></tr>
<tr><td><b>Test method</b></td>
<td width="30%"><b>Exception</b></td>
<td width="10%"><b>Time (seconds)</b></td>
<td><b>Instance</b></td>
</tr>
<tr>
<td title='testScripts.smoke.assignPOD1()'><b>assignPOD1</b><br>Test class: testScripts.smoke</td>
<td><div><pre>java.lang.Throwable: Method smoke.assignPOD1()[pri:0, instance:testScripts.smoke@42d3bd8b] depends on not successfully finished methods
	at testScripts.VisibilityMain.main(VisibilityMain.java:20)
... Removed 14 stack frames</pre></div><a href='#' onClick='toggleBox("stack-trace1853422837", this, "Click to show all stack frames", "Click to hide stack frames")'>Click to show all stack frames</a>
<div class='stack-trace' id='stack-trace1853422837'><pre>java.lang.Throwable: Method smoke.assignPOD1()[pri:0, instance:testScripts.smoke@42d3bd8b] depends on not successfully finished methods
	at org.testng.internal.Invoker.invokeTestMethods(Invoker.java:1039)
	at org.testng.internal.TestMethodWorker.invokeTestMethods(TestMethodWorker.java:129)
	at org.testng.internal.TestMethodWorker.run(TestMethodWorker.java:112)
	at org.testng.TestRunner.privateRun(TestRunner.java:782)
	at org.testng.TestRunner.run(TestRunner.java:632)
	at org.testng.SuiteRunner.runTest(SuiteRunner.java:366)
	at org.testng.SuiteRunner.runSequentially(SuiteRunner.java:361)
	at org.testng.SuiteRunner.privateRun(SuiteRunner.java:319)
	at org.testng.SuiteRunner.run(SuiteRunner.java:268)
	at org.testng.SuiteRunnerWorker.runSuite(SuiteRunnerWorker.java:52)
	at org.testng.SuiteRunnerWorker.run(SuiteRunnerWorker.java:86)
	at org.testng.TestNG.runSuitesSequentially(TestNG.java:1244)
	at org.testng.TestNG.runSuitesLocally(TestNG.java:1169)
	at org.testng.TestNG.run(TestNG.java:1064)
	at testScripts.VisibilityMain.main(VisibilityMain.java:20)
</pre></div></td>
<td>0</td>
<td>null</td></tr>
<tr>
<td title='testScripts.smoke.binnerAssignment1()'><b>binnerAssignment1</b><br>Test class: testScripts.smoke</td>
<td><div><pre>java.lang.Throwable: Method smoke.binnerAssignment1()[pri:0, instance:testScripts.smoke@42d3bd8b] depends on not successfully finished methods
	at testScripts.VisibilityMain.main(VisibilityMain.java:20)
... Removed 14 stack frames</pre></div><a href='#' onClick='toggleBox("stack-trace205278236", this, "Click to show all stack frames", "Click to hide stack frames")'>Click to show all stack frames</a>
<div class='stack-trace' id='stack-trace205278236'><pre>java.lang.Throwable: Method smoke.binnerAssignment1()[pri:0, instance:testScripts.smoke@42d3bd8b] depends on not successfully finished methods
	at org.testng.internal.Invoker.invokeTestMethods(Invoker.java:1039)
	at org.testng.internal.TestMethodWorker.invokeTestMethods(TestMethodWorker.java:129)
	at org.testng.internal.TestMethodWorker.run(TestMethodWorker.java:112)
	at org.testng.TestRunner.privateRun(TestRunner.java:782)
	at org.testng.TestRunner.run(TestRunner.java:632)
	at org.testng.SuiteRunner.runTest(SuiteRunner.java:366)
	at org.testng.SuiteRunner.runSequentially(SuiteRunner.java:361)
	at org.testng.SuiteRunner.privateRun(SuiteRunner.java:319)
	at org.testng.SuiteRunner.run(SuiteRunner.java:268)
	at org.testng.SuiteRunnerWorker.runSuite(SuiteRunnerWorker.java:52)
	at org.testng.SuiteRunnerWorker.run(SuiteRunnerWorker.java:86)
	at org.testng.TestNG.runSuitesSequentially(TestNG.java:1244)
	at org.testng.TestNG.runSuitesLocally(TestNG.java:1169)
	at org.testng.TestNG.run(TestNG.java:1064)
	at testScripts.VisibilityMain.main(VisibilityMain.java:20)
</pre></div></td>
<td>0</td>
<td>null</td></tr>
<tr>
<td title='testScripts.smoke.binning()'><b>binning</b><br>Test class: testScripts.smoke</td>
<td><div><pre>java.lang.Throwable: Method smoke.binning()[pri:0, instance:testScripts.smoke@42d3bd8b] depends on not successfully finished methods
	at testScripts.VisibilityMain.main(VisibilityMain.java:20)
... Removed 14 stack frames</pre></div><a href='#' onClick='toggleBox("stack-trace490630452", this, "Click to show all stack frames", "Click to hide stack frames")'>Click to show all stack frames</a>
<div class='stack-trace' id='stack-trace490630452'><pre>java.lang.Throwable: Method smoke.binning()[pri:0, instance:testScripts.smoke@42d3bd8b] depends on not successfully finished methods
	at org.testng.internal.Invoker.invokeTestMethods(Invoker.java:1039)
	at org.testng.internal.TestMethodWorker.invokeTestMethods(TestMethodWorker.java:129)
	at org.testng.internal.TestMethodWorker.run(TestMethodWorker.java:112)
	at org.testng.TestRunner.privateRun(TestRunner.java:782)
	at org.testng.TestRunner.run(TestRunner.java:632)
	at org.testng.SuiteRunner.runTest(SuiteRunner.java:366)
	at org.testng.SuiteRunner.runSequentially(SuiteRunner.java:361)
	at org.testng.SuiteRunner.privateRun(SuiteRunner.java:319)
	at org.testng.SuiteRunner.run(SuiteRunner.java:268)
	at org.testng.SuiteRunnerWorker.runSuite(SuiteRunnerWorker.java:52)
	at org.testng.SuiteRunnerWorker.run(SuiteRunnerWorker.java:86)
	at org.testng.TestNG.runSuitesSequentially(TestNG.java:1244)
	at org.testng.TestNG.runSuitesLocally(TestNG.java:1169)
	at org.testng.TestNG.run(TestNG.java:1064)
	at testScripts.VisibilityMain.main(VisibilityMain.java:20)
</pre></div></td>
<td>0</td>
<td>null</td></tr>
<tr>
<td title='testScripts.smoke.captureParentDetails()'><b>captureParentDetails</b><br>Test class: testScripts.smoke</td>
<td><div><pre>java.lang.Throwable: Method smoke.captureParentDetails()[pri:0, instance:testScripts.smoke@42d3bd8b] depends on not successfully finished methods
	at testScripts.VisibilityMain.main(VisibilityMain.java:20)
... Removed 14 stack frames</pre></div><a href='#' onClick='toggleBox("stack-trace643587433", this, "Click to show all stack frames", "Click to hide stack frames")'>Click to show all stack frames</a>
<div class='stack-trace' id='stack-trace643587433'><pre>java.lang.Throwable: Method smoke.captureParentDetails()[pri:0, instance:testScripts.smoke@42d3bd8b] depends on not successfully finished methods
	at org.testng.internal.Invoker.invokeTestMethods(Invoker.java:1039)
	at org.testng.internal.TestMethodWorker.invokeTestMethods(TestMethodWorker.java:129)
	at org.testng.internal.TestMethodWorker.run(TestMethodWorker.java:112)
	at org.testng.TestRunner.privateRun(TestRunner.java:782)
	at org.testng.TestRunner.run(TestRunner.java:632)
	at org.testng.SuiteRunner.runTest(SuiteRunner.java:366)
	at org.testng.SuiteRunner.runSequentially(SuiteRunner.java:361)
	at org.testng.SuiteRunner.privateRun(SuiteRunner.java:319)
	at org.testng.SuiteRunner.run(SuiteRunner.java:268)
	at org.testng.SuiteRunnerWorker.runSuite(SuiteRunnerWorker.java:52)
	at org.testng.SuiteRunnerWorker.run(SuiteRunnerWorker.java:86)
	at org.testng.TestNG.runSuitesSequentially(TestNG.java:1244)
	at org.testng.TestNG.runSuitesLocally(TestNG.java:1169)
	at org.testng.TestNG.run(TestNG.java:1064)
	at testScripts.VisibilityMain.main(VisibilityMain.java:20)
</pre></div></td>
<td>0</td>
<td>null</td></tr>
<tr>
<td title='testScripts.smoke.consolidation()'><b>consolidation</b><br>Test class: testScripts.smoke</td>
<td><div><pre>java.lang.Throwable: Method smoke.consolidation()[pri:0, instance:testScripts.smoke@42d3bd8b] depends on not successfully finished methods
	at testScripts.VisibilityMain.main(VisibilityMain.java:20)
... Removed 14 stack frames</pre></div><a href='#' onClick='toggleBox("stack-trace1791589252", this, "Click to show all stack frames", "Click to hide stack frames")'>Click to show all stack frames</a>
<div class='stack-trace' id='stack-trace1791589252'><pre>java.lang.Throwable: Method smoke.consolidation()[pri:0, instance:testScripts.smoke@42d3bd8b] depends on not successfully finished methods
	at org.testng.internal.Invoker.invokeTestMethods(Invoker.java:1039)
	at org.testng.internal.TestMethodWorker.invokeTestMethods(TestMethodWorker.java:129)
	at org.testng.internal.TestMethodWorker.run(TestMethodWorker.java:112)
	at org.testng.TestRunner.privateRun(TestRunner.java:782)
	at org.testng.TestRunner.run(TestRunner.java:632)
	at org.testng.SuiteRunner.runTest(SuiteRunner.java:366)
	at org.testng.SuiteRunner.runSequentially(SuiteRunner.java:361)
	at org.testng.SuiteRunner.privateRun(SuiteRunner.java:319)
	at org.testng.SuiteRunner.run(SuiteRunner.java:268)
	at org.testng.SuiteRunnerWorker.runSuite(SuiteRunnerWorker.java:52)
	at org.testng.SuiteRunnerWorker.run(SuiteRunnerWorker.java:86)
	at org.testng.TestNG.runSuitesSequentially(TestNG.java:1244)
	at org.testng.TestNG.runSuitesLocally(TestNG.java:1169)
	at org.testng.TestNG.run(TestNG.java:1064)
	at testScripts.VisibilityMain.main(VisibilityMain.java:20)
</pre></div></td>
<td>0</td>
<td>null</td></tr>
<tr>
<td title='testScripts.ScanToBox.dispatch()'><b>dispatch</b><br>Test class: testScripts.ScanToBox</td>
<td><div><pre>java.lang.Throwable: Method ScanToBox.dispatch()[pri:0, instance:testScripts.ScanToBox@79b4d0f] depends on not successfully finished methods
	at testScripts.VisibilityMain.main(VisibilityMain.java:20)
... Removed 14 stack frames</pre></div><a href='#' onClick='toggleBox("stack-trace274298188", this, "Click to show all stack frames", "Click to hide stack frames")'>Click to show all stack frames</a>
<div class='stack-trace' id='stack-trace274298188'><pre>java.lang.Throwable: Method ScanToBox.dispatch()[pri:0, instance:testScripts.ScanToBox@79b4d0f] depends on not successfully finished methods
	at org.testng.internal.Invoker.invokeTestMethods(Invoker.java:1039)
	at org.testng.internal.TestMethodWorker.invokeTestMethods(TestMethodWorker.java:129)
	at org.testng.internal.TestMethodWorker.run(TestMethodWorker.java:112)
	at org.testng.TestRunner.privateRun(TestRunner.java:782)
	at org.testng.TestRunner.run(TestRunner.java:632)
	at org.testng.SuiteRunner.runTest(SuiteRunner.java:366)
	at org.testng.SuiteRunner.runSequentially(SuiteRunner.java:361)
	at org.testng.SuiteRunner.privateRun(SuiteRunner.java:319)
	at org.testng.SuiteRunner.run(SuiteRunner.java:268)
	at org.testng.SuiteRunnerWorker.runSuite(SuiteRunnerWorker.java:52)
	at org.testng.SuiteRunnerWorker.run(SuiteRunnerWorker.java:86)
	at org.testng.TestNG.runSuitesSequentially(TestNG.java:1244)
	at org.testng.TestNG.runSuitesLocally(TestNG.java:1169)
	at org.testng.TestNG.run(TestNG.java:1064)
	at testScripts.VisibilityMain.main(VisibilityMain.java:20)
</pre></div></td>
<td>0</td>
<td>null</td></tr>
<tr>
<td title='testScripts.smoke.dispatch()'><b>dispatch</b><br>Test class: testScripts.smoke</td>
<td><div><pre>java.lang.Throwable: Method smoke.dispatch()[pri:0, instance:testScripts.smoke@42d3bd8b] depends on not successfully finished methods
	at testScripts.VisibilityMain.main(VisibilityMain.java:20)
... Removed 14 stack frames</pre></div><a href='#' onClick='toggleBox("stack-trace463215441", this, "Click to show all stack frames", "Click to hide stack frames")'>Click to show all stack frames</a>
<div class='stack-trace' id='stack-trace463215441'><pre>java.lang.Throwable: Method smoke.dispatch()[pri:0, instance:testScripts.smoke@42d3bd8b] depends on not successfully finished methods
	at org.testng.internal.Invoker.invokeTestMethods(Invoker.java:1039)
	at org.testng.internal.TestMethodWorker.invokeTestMethods(TestMethodWorker.java:129)
	at org.testng.internal.TestMethodWorker.run(TestMethodWorker.java:112)
	at org.testng.TestRunner.privateRun(TestRunner.java:782)
	at org.testng.TestRunner.run(TestRunner.java:632)
	at org.testng.SuiteRunner.runTest(SuiteRunner.java:366)
	at org.testng.SuiteRunner.runSequentially(SuiteRunner.java:361)
	at org.testng.SuiteRunner.privateRun(SuiteRunner.java:319)
	at org.testng.SuiteRunner.run(SuiteRunner.java:268)
	at org.testng.SuiteRunnerWorker.runSuite(SuiteRunnerWorker.java:52)
	at org.testng.SuiteRunnerWorker.run(SuiteRunnerWorker.java:86)
	at org.testng.TestNG.runSuitesSequentially(TestNG.java:1244)
	at org.testng.TestNG.runSuitesLocally(TestNG.java:1169)
	at org.testng.TestNG.run(TestNG.java:1064)
	at testScripts.VisibilityMain.main(VisibilityMain.java:20)
</pre></div></td>
<td>0</td>
<td>null</td></tr>
<tr>
<td title='testScripts.smoke.finishUpload()'><b>finishUpload</b><br>Test class: testScripts.smoke</td>
<td><div><pre>java.lang.Throwable: Method smoke.finishUpload()[pri:0, instance:testScripts.smoke@42d3bd8b] depends on not successfully finished methods
	at testScripts.VisibilityMain.main(VisibilityMain.java:20)
... Removed 14 stack frames</pre></div><a href='#' onClick='toggleBox("stack-trace1492822331", this, "Click to show all stack frames", "Click to hide stack frames")'>Click to show all stack frames</a>
<div class='stack-trace' id='stack-trace1492822331'><pre>java.lang.Throwable: Method smoke.finishUpload()[pri:0, instance:testScripts.smoke@42d3bd8b] depends on not successfully finished methods
	at org.testng.internal.Invoker.invokeTestMethods(Invoker.java:1039)
	at org.testng.internal.TestMethodWorker.invokeTestMethods(TestMethodWorker.java:129)
	at org.testng.internal.TestMethodWorker.run(TestMethodWorker.java:112)
	at org.testng.TestRunner.privateRun(TestRunner.java:782)
	at org.testng.TestRunner.run(TestRunner.java:632)
	at org.testng.SuiteRunner.runTest(SuiteRunner.java:366)
	at org.testng.SuiteRunner.runSequentially(SuiteRunner.java:361)
	at org.testng.SuiteRunner.privateRun(SuiteRunner.java:319)
	at org.testng.SuiteRunner.run(SuiteRunner.java:268)
	at org.testng.SuiteRunnerWorker.runSuite(SuiteRunnerWorker.java:52)
	at org.testng.SuiteRunnerWorker.run(SuiteRunnerWorker.java:86)
	at org.testng.TestNG.runSuitesSequentially(TestNG.java:1244)
	at org.testng.TestNG.runSuitesLocally(TestNG.java:1169)
	at org.testng.TestNG.run(TestNG.java:1064)
	at testScripts.VisibilityMain.main(VisibilityMain.java:20)
</pre></div></td>
<td>0</td>
<td>null</td></tr>
<tr>
<td title='testScripts.smoke.pickerassign()'><b>pickerassign</b><br>Test class: testScripts.smoke</td>
<td><div><pre>java.lang.Throwable: Method smoke.pickerassign()[pri:0, instance:testScripts.smoke@42d3bd8b] depends on not successfully finished methods
	at testScripts.VisibilityMain.main(VisibilityMain.java:20)
... Removed 14 stack frames</pre></div><a href='#' onClick='toggleBox("stack-trace403960809", this, "Click to show all stack frames", "Click to hide stack frames")'>Click to show all stack frames</a>
<div class='stack-trace' id='stack-trace403960809'><pre>java.lang.Throwable: Method smoke.pickerassign()[pri:0, instance:testScripts.smoke@42d3bd8b] depends on not successfully finished methods
	at org.testng.internal.Invoker.invokeTestMethods(Invoker.java:1039)
	at org.testng.internal.TestMethodWorker.invokeTestMethods(TestMethodWorker.java:129)
	at org.testng.internal.TestMethodWorker.run(TestMethodWorker.java:112)
	at org.testng.TestRunner.privateRun(TestRunner.java:782)
	at org.testng.TestRunner.run(TestRunner.java:632)
	at org.testng.SuiteRunner.runTest(SuiteRunner.java:366)
	at org.testng.SuiteRunner.runSequentially(SuiteRunner.java:361)
	at org.testng.SuiteRunner.privateRun(SuiteRunner.java:319)
	at org.testng.SuiteRunner.run(SuiteRunner.java:268)
	at org.testng.SuiteRunnerWorker.runSuite(SuiteRunnerWorker.java:52)
	at org.testng.SuiteRunnerWorker.run(SuiteRunnerWorker.java:86)
	at org.testng.TestNG.runSuitesSequentially(TestNG.java:1244)
	at org.testng.TestNG.runSuitesLocally(TestNG.java:1169)
	at org.testng.TestNG.run(TestNG.java:1064)
	at testScripts.VisibilityMain.main(VisibilityMain.java:20)
</pre></div></td>
<td>0</td>
<td>null</td></tr>
<tr>
<td title='testScripts.smoke.pickgeneration()'><b>pickgeneration</b><br>Test class: testScripts.smoke</td>
<td><div><pre>java.lang.Throwable: Method smoke.pickgeneration()[pri:0, instance:testScripts.smoke@42d3bd8b] depends on not successfully finished methods
	at testScripts.VisibilityMain.main(VisibilityMain.java:20)
... Removed 14 stack frames</pre></div><a href='#' onClick='toggleBox("stack-trace824357143", this, "Click to show all stack frames", "Click to hide stack frames")'>Click to show all stack frames</a>
<div class='stack-trace' id='stack-trace824357143'><pre>java.lang.Throwable: Method smoke.pickgeneration()[pri:0, instance:testScripts.smoke@42d3bd8b] depends on not successfully finished methods
	at org.testng.internal.Invoker.invokeTestMethods(Invoker.java:1039)
	at org.testng.internal.TestMethodWorker.invokeTestMethods(TestMethodWorker.java:129)
	at org.testng.internal.TestMethodWorker.run(TestMethodWorker.java:112)
	at org.testng.TestRunner.privateRun(TestRunner.java:782)
	at org.testng.TestRunner.run(TestRunner.java:632)
	at org.testng.SuiteRunner.runTest(SuiteRunner.java:366)
	at org.testng.SuiteRunner.runSequentially(SuiteRunner.java:361)
	at org.testng.SuiteRunner.privateRun(SuiteRunner.java:319)
	at org.testng.SuiteRunner.run(SuiteRunner.java:268)
	at org.testng.SuiteRunnerWorker.runSuite(SuiteRunnerWorker.java:52)
	at org.testng.SuiteRunnerWorker.run(SuiteRunnerWorker.java:86)
	at org.testng.TestNG.runSuitesSequentially(TestNG.java:1244)
	at org.testng.TestNG.runSuitesLocally(TestNG.java:1169)
	at org.testng.TestNG.run(TestNG.java:1064)
	at testScripts.VisibilityMain.main(VisibilityMain.java:20)
</pre></div></td>
<td>0</td>
<td>null</td></tr>
<tr>
<td title='testScripts.smoke.pickingScreen()'><b>pickingScreen</b><br>Test class: testScripts.smoke</td>
<td><div><pre>java.lang.Throwable: Method smoke.pickingScreen()[pri:0, instance:testScripts.smoke@42d3bd8b] depends on not successfully finished methods
	at testScripts.VisibilityMain.main(VisibilityMain.java:20)
... Removed 14 stack frames</pre></div><a href='#' onClick='toggleBox("stack-trace102052782", this, "Click to show all stack frames", "Click to hide stack frames")'>Click to show all stack frames</a>
<div class='stack-trace' id='stack-trace102052782'><pre>java.lang.Throwable: Method smoke.pickingScreen()[pri:0, instance:testScripts.smoke@42d3bd8b] depends on not successfully finished methods
	at org.testng.internal.Invoker.invokeTestMethods(Invoker.java:1039)
	at org.testng.internal.TestMethodWorker.invokeTestMethods(TestMethodWorker.java:129)
	at org.testng.internal.TestMethodWorker.run(TestMethodWorker.java:112)
	at org.testng.TestRunner.privateRun(TestRunner.java:782)
	at org.testng.TestRunner.run(TestRunner.java:632)
	at org.testng.SuiteRunner.runTest(SuiteRunner.java:366)
	at org.testng.SuiteRunner.runSequentially(SuiteRunner.java:361)
	at org.testng.SuiteRunner.privateRun(SuiteRunner.java:319)
	at org.testng.SuiteRunner.run(SuiteRunner.java:268)
	at org.testng.SuiteRunnerWorker.runSuite(SuiteRunnerWorker.java:52)
	at org.testng.SuiteRunnerWorker.run(SuiteRunnerWorker.java:86)
	at org.testng.TestNG.runSuitesSequentially(TestNG.java:1244)
	at org.testng.TestNG.runSuitesLocally(TestNG.java:1169)
	at org.testng.TestNG.run(TestNG.java:1064)
	at testScripts.VisibilityMain.main(VisibilityMain.java:20)
</pre></div></td>
<td>0</td>
<td>null</td></tr>
<tr>
<td title='testScripts.smoke.podGeneration1()'><b>podGeneration1</b><br>Test class: testScripts.smoke</td>
<td><div><pre>java.lang.Throwable: Method smoke.podGeneration1()[pri:0, instance:testScripts.smoke@42d3bd8b] depends on not successfully finished methods
	at testScripts.VisibilityMain.main(VisibilityMain.java:20)
... Removed 14 stack frames</pre></div><a href='#' onClick='toggleBox("stack-trace795594631", this, "Click to show all stack frames", "Click to hide stack frames")'>Click to show all stack frames</a>
<div class='stack-trace' id='stack-trace795594631'><pre>java.lang.Throwable: Method smoke.podGeneration1()[pri:0, instance:testScripts.smoke@42d3bd8b] depends on not successfully finished methods
	at org.testng.internal.Invoker.invokeTestMethods(Invoker.java:1039)
	at org.testng.internal.TestMethodWorker.invokeTestMethods(TestMethodWorker.java:129)
	at org.testng.internal.TestMethodWorker.run(TestMethodWorker.java:112)
	at org.testng.TestRunner.privateRun(TestRunner.java:782)
	at org.testng.TestRunner.run(TestRunner.java:632)
	at org.testng.SuiteRunner.runTest(SuiteRunner.java:366)
	at org.testng.SuiteRunner.runSequentially(SuiteRunner.java:361)
	at org.testng.SuiteRunner.privateRun(SuiteRunner.java:319)
	at org.testng.SuiteRunner.run(SuiteRunner.java:268)
	at org.testng.SuiteRunnerWorker.runSuite(SuiteRunnerWorker.java:52)
	at org.testng.SuiteRunnerWorker.run(SuiteRunnerWorker.java:86)
	at org.testng.TestNG.runSuitesSequentially(TestNG.java:1244)
	at org.testng.TestNG.runSuitesLocally(TestNG.java:1169)
	at org.testng.TestNG.run(TestNG.java:1064)
	at testScripts.VisibilityMain.main(VisibilityMain.java:20)
</pre></div></td>
<td>0</td>
<td>null</td></tr>
<tr>
<td title='testScripts.smoke.vehicleCreatioN()'><b>vehicleCreatioN</b><br>Test class: testScripts.smoke</td>
<td></td>
<td>0</td>
<td>testScripts.smoke@42d3bd8b</td></tr>
</table><p>
</body>
</html>