<?xml version="1.0" encoding="UTF-8"?>
<!-- Generated by org.testng.reporters.JUnitXMLReporter -->
<testsuite hostname="DESKTOP-282TSLQ" name="Test" tests="73" failures="7" timestamp="22 Sep 2021 19:42:20 GMT" time="16771.285" errors="0">
  <testcase name="fifoPicktype" time="843.227" classname="testScripts.SmokeFIFO"/>
  <testcase name="fifosugPicktype" time="842.272" classname="testScripts.SmokeFIFO"/>
  <testcase name="fmfoPicktype" time="842.663" classname="testScripts.SmokeFIFO"/>
  <testcase name="fefoPicktype" time="842.188" classname="testScripts.SmokeFIFO"/>
  <testcase name="cuslpnPicktype" time="759.671" classname="testScripts.SmokeFIFO"/>
  <testcase name="batchPicktype" time="856.377" classname="testScripts.SmokeFIFO"/>
  <testcase name="serialNumberpicktype" time="842.159" classname="testScripts.SmokeFIFO"/>
  <testcase name="vehicleCreatioN" time="0.335" classname="testScripts.ExcessQtyBinning"/>
  <testcase name="captureParentDetails" time="66.481" classname="testScripts.ExcessQtyBinning"/>
  <testcase name="finishUpload" time="5.1" classname="testScripts.ExcessQtyBinning"/>
  <testcase name="assignPOD" time="45.869" classname="testScripts.ExcessQtyBinning"/>
  <testcase name="podGeneration" time="60.367" classname="testScripts.ExcessQtyBinning"/>
  <testcase name="binnerAssignment" time="49.717" classname="testScripts.ExcessQtyBinning"/>
  <testcase name="binning" time="65.724" classname="testScripts.ExcessQtyBinning">
    <failure type="java.lang.NullPointerException">
      <![CDATA[java.lang.NullPointerException
	at testScripts.TestNGlisteners.onTestFailure(TestNGlisteners.java:60)
	at testScripts.VisibilityMain.main(VisibilityMain.java:24)
... Removed 18 stack frames]]>
    </failure>
  </testcase> <!-- binning -->
  <testcase name="pickgeneration" time="0.0" classname="testScripts.ExcessQtyBinning">
    <skipped/>
  </testcase> <!-- pickgeneration -->
  <testcase name="pickerassign" time="0.0" classname="testScripts.ExcessQtyBinning">
    <skipped/>
  </testcase> <!-- pickerassign -->
  <testcase name="pickingScreen" time="0.0" classname="testScripts.ExcessQtyBinning">
    <skipped/>
  </testcase> <!-- pickingScreen -->
  <testcase name="consolidation" time="0.0" classname="testScripts.ExcessQtyBinning">
    <skipped/>
  </testcase> <!-- consolidation -->
  <testcase name="dispatch" time="0.0" classname="testScripts.ExcessQtyBinning">
    <skipped/>
  </testcase> <!-- dispatch -->
  <testcase name="vehicleCreatioN" time="0.328" classname="testScripts.ShortQtyBinning"/>
  <testcase name="captureParentDetails" time="67.174" classname="testScripts.ShortQtyBinning"/>
  <testcase name="finishUpload" time="5.138" classname="testScripts.ShortQtyBinning"/>
  <testcase name="assignPOD" time="46.15" classname="testScripts.ShortQtyBinning"/>
  <testcase name="podGeneration" time="54.637" classname="testScripts.ShortQtyBinning"/>
  <testcase name="binnerAssignment" time="49.877" classname="testScripts.ShortQtyBinning"/>
  <testcase name="binning" time="346.572" classname="testScripts.ShortQtyBinning"/>
  <testcase name="pickgeneration" time="60.144" classname="testScripts.ShortQtyBinning"/>
  <testcase name="pickerassign" time="33.513" classname="testScripts.ShortQtyBinning"/>
  <testcase name="pickingScreen" time="62.339" classname="testScripts.ShortQtyBinning"/>
  <testcase name="consolidation" time="119.13" classname="testScripts.ShortQtyBinning">
    <failure type="org.openqa.selenium.TimeoutException" message="Expected condition failed: waiting for testScripts.CommonFunctions$2@6b2e46af (tried for 50 second(s) with 5000 milliseconds interval)">
      <![CDATA[org.openqa.selenium.TimeoutException: Expected condition failed: waiting for testScripts.CommonFunctions$2@6b2e46af (tried for 50 second(s) with 5000 milliseconds interval)
	at testScripts.TestNGlisteners.onTestFailure(TestNGlisteners.java:60)
	at testScripts.VisibilityMain.main(VisibilityMain.java:24)
Caused by: org.openqa.selenium.NoSuchElementException: no such element: Unable to locate element: {"method":"xpath","selector":"//input[@id='Consolidate_enterqty']"}
  (Session info: chrome=93.0.4577.82)
For documentation on this error, please visit: http://seleniumhq.org/exceptions/no_such_element.html
Build info: version: '3.11.0', revision: 'e59cfb3', time: '2018-03-11T20:26:55.152Z'
System info: host: 'DESKTOP-282TSLQ', ip: '192.168.0.112', os.name: 'Windows 10', os.arch: 'amd64', os.version: '10.0', java.version: '1.8.0_171'
Driver info: org.openqa.selenium.chrome.ChromeDriver
Capabilities {acceptInsecureCerts: false, browserName: chrome, browserVersion: 93.0.4577.82, chrome: {chromedriverVersion: 93.0.4577.63 (ff5c0da2ec0ad..., userDataDir: C:\Users\WDSI\AppData\Local...}, goog:chromeOptions: {debuggerAddress: localhost:56788}, javascriptEnabled: true, networkConnectionEnabled: false, pageLoadStrategy: normal, platform: WINDOWS, platformName: WINDOWS, proxy: Proxy(), setWindowRect: true, strictFileInteractability: false, timeouts: {implicit: 0, pageLoad: 300000, script: 30000}, unhandledPromptBehavior: dismiss and notify, webauthn:extension:credBlob: true, webauthn:extension:largeBlob: true, webauthn:virtualAuthenticators: true}
Session ID: b2aae9476081c47900d5f95945642c60
*** Element info: {Using=xpath, value=//input[@id='Consolidate_enterqty']}
	at org.openqa.selenium.remote.http.W3CHttpResponseCodec.createException(W3CHttpResponseCodec.java:187)
	at org.openqa.selenium.remote.http.W3CHttpResponseCodec.decode(W3CHttpResponseCodec.java:122)
	at org.openqa.selenium.remote.http.W3CHttpResponseCodec.decode(W3CHttpResponseCodec.java:49)
	at org.openqa.selenium.remote.HttpCommandExecutor.execute(HttpCommandExecutor.java:158)
	at org.openqa.selenium.remote.service.DriverCommandExecutor.execute(DriverCommandExecutor.java:83)
	at org.openqa.selenium.remote.RemoteWebDriver.execute(RemoteWebDriver.java:545)
	at org.openqa.selenium.remote.RemoteWebDriver.findElement(RemoteWebDriver.java:319)
	at org.openqa.selenium.remote.RemoteWebDriver.findElementByXPath(RemoteWebDriver.java:421)
	at org.openqa.selenium.By$ByXPath.findElement(By.java:361)
	at org.openqa.selenium.remote.RemoteWebDriver.findElement(RemoteWebDriver.java:311)
	at testScripts.CommonFunctions$2.apply(CommonFunctions.java:696)
	at testScripts.CommonFunctions$2.apply(CommonFunctions.java:1)
	at org.openqa.selenium.support.ui.FluentWait.until(FluentWait.java:248)
	at testScripts.CommonFunctions.fluentWait(CommonFunctions.java:694)
	at testScripts.CommonFunctions.enterXpath(CommonFunctions.java:539)
	at testScripts.ProjectSpecificFunctions.consolidation1(ProjectSpecificFunctions.java:555)
	at testScripts.ShortQtyBinning.consolidation(ShortQtyBinning.java:369)
	... 16 more
... Removed 27 stack frames]]>
    </failure>
  </testcase> <!-- consolidation -->
  <testcase name="dispatch" time="0.0" classname="testScripts.ShortQtyBinning">
    <skipped/>
  </testcase> <!-- dispatch -->
  <testcase name="vehicleCreatioN" time="0.473" classname="testScripts.ScanToBox"/>
  <testcase name="captureParentDetails" time="67.04" classname="testScripts.ScanToBox"/>
  <testcase name="finishUpload" time="7.149" classname="testScripts.ScanToBox"/>
  <testcase name="assignPOD" time="46.494" classname="testScripts.ScanToBox"/>
  <testcase name="podGeneration1" time="39.563" classname="testScripts.ScanToBox"/>
  <testcase name="binnerAssignment" time="49.928" classname="testScripts.ScanToBox"/>
  <testcase name="printScanToBoxlabel" time="29.115" classname="testScripts.ScanToBox"/>
  <testcase name="binning" time="320.578" classname="testScripts.ScanToBox">
    <failure type="org.openqa.selenium.TimeoutException" message="Expected condition failed: waiting for condition (element ([[ChromeDriver: chrome on WINDOWS (424706fd9204378efdbcaf909bb46da5)] -&amp;gt; xpath: .//td[contains(@class,&amp;apos;tablerow&amp;apos;)][5]]) to become stale) to be refreshed (tried for 20 second(s) with 500 milliseconds interval)
Build info: version: &amp;apos;3.11.0&amp;apos;, revision: &amp;apos;e59cfb3&amp;apos;, time: &amp;apos;2018-03-11T20:26:55.152Z&amp;apos;
System info: host: &amp;apos;DESKTOP-282TSLQ&amp;apos;, ip: &amp;apos;192.168.0.112&amp;apos;, os.name: &amp;apos;Windows 10&amp;apos;, os.arch: &amp;apos;amd64&amp;apos;, os.version: &amp;apos;10.0&amp;apos;, java.version: &amp;apos;1.8.0_171&amp;apos;
Driver info: org.openqa.selenium.chrome.ChromeDriver
Capabilities {acceptInsecureCerts: false, browserName: chrome, browserVersion: 93.0.4577.82, chrome: {chromedriverVersion: 93.0.4577.63 (ff5c0da2ec0ad..., userDataDir: C:\Users\WDSI\AppData\Local...}, goog:chromeOptions: {debuggerAddress: localhost:57474}, javascriptEnabled: true, networkConnectionEnabled: false, pageLoadStrategy: normal, platform: WINDOWS, platformName: WINDOWS, proxy: Proxy(), setWindowRect: true, strictFileInteractability: false, timeouts: {implicit: 0, pageLoad: 300000, script: 30000}, unhandledPromptBehavior: dismiss and notify, webauthn:extension:credBlob: true, webauthn:extension:largeBlob: true, webauthn:virtualAuthenticators: true}
Session ID: 424706fd9204378efdbcaf909bb46da5">
      <![CDATA[org.openqa.selenium.TimeoutException: Expected condition failed: waiting for condition (element ([[ChromeDriver: chrome on WINDOWS (424706fd9204378efdbcaf909bb46da5)] -> xpath: .//td[contains(@class,'tablerow')][5]]) to become stale) to be refreshed (tried for 20 second(s) with 500 milliseconds interval)
Build info: version: '3.11.0', revision: 'e59cfb3', time: '2018-03-11T20:26:55.152Z'
System info: host: 'DESKTOP-282TSLQ', ip: '192.168.0.112', os.name: 'Windows 10', os.arch: 'amd64', os.version: '10.0', java.version: '1.8.0_171'
Driver info: org.openqa.selenium.chrome.ChromeDriver
Capabilities {acceptInsecureCerts: false, browserName: chrome, browserVersion: 93.0.4577.82, chrome: {chromedriverVersion: 93.0.4577.63 (ff5c0da2ec0ad..., userDataDir: C:\Users\WDSI\AppData\Local...}, goog:chromeOptions: {debuggerAddress: localhost:57474}, javascriptEnabled: true, networkConnectionEnabled: false, pageLoadStrategy: normal, platform: WINDOWS, platformName: WINDOWS, proxy: Proxy(), setWindowRect: true, strictFileInteractability: false, timeouts: {implicit: 0, pageLoad: 300000, script: 30000}, unhandledPromptBehavior: dismiss and notify, webauthn:extension:credBlob: true, webauthn:extension:largeBlob: true, webauthn:virtualAuthenticators: true}
Session ID: 424706fd9204378efdbcaf909bb46da5
	at testScripts.TestNGlisteners.onTestFailure(TestNGlisteners.java:60)
	at testScripts.VisibilityMain.main(VisibilityMain.java:24)
... Removed 18 stack frames]]>
    </failure>
  </testcase> <!-- binning -->
  <testcase name="pickgeneration" time="0.0" classname="testScripts.ScanToBox">
    <skipped/>
  </testcase> <!-- pickgeneration -->
  <testcase name="pickerassign" time="0.0" classname="testScripts.ScanToBox">
    <skipped/>
  </testcase> <!-- pickerassign -->
  <testcase name="pickingScreen" time="0.0" classname="testScripts.ScanToBox">
    <skipped/>
  </testcase> <!-- pickingScreen -->
  <testcase name="consolidation" time="0.0" classname="testScripts.ScanToBox">
    <skipped/>
  </testcase> <!-- consolidation -->
  <testcase name="dispatch" time="0.0" classname="testScripts.ScanToBox">
    <skipped/>
  </testcase> <!-- dispatch -->
  <testcase name="vehicleCreatioN" time="0.316" classname="testScripts.Inbound_OrderForm"/>
  <testcase name="captureParentDetails" time="32.983" classname="testScripts.Inbound_OrderForm"/>
  <testcase name="inbOrderform" time="1033.966" classname="testScripts.Inbound_OrderForm"/>
  <testcase name="assignPOD" time="46.429" classname="testScripts.Inbound_OrderForm"/>
  <testcase name="podGeneration1" time="39.583" classname="testScripts.Inbound_OrderForm"/>
  <testcase name="binnerAssignment" time="199.064" classname="testScripts.Inbound_OrderForm"/>
  <testcase name="binning" time="1033.46" classname="testScripts.Inbound_OrderForm"/>
  <testcase name="pickgeneration" time="62.132" classname="testScripts.Outboundscenarios"/>
  <testcase name="pickerassign" time="33.541" classname="testScripts.Outboundscenarios"/>
  <testcase name="pickingScreen" time="62.343" classname="testScripts.Outboundscenarios"/>
  <testcase name="consolidation" time="99.346" classname="testScripts.Outboundscenarios">
    <failure type="org.openqa.selenium.TimeoutException" message="Expected condition failed: waiting for testScripts.CommonFunctions$2@78e17a99 (tried for 50 second(s) with 5000 milliseconds interval)">
      <![CDATA[org.openqa.selenium.TimeoutException: Expected condition failed: waiting for testScripts.CommonFunctions$2@78e17a99 (tried for 50 second(s) with 5000 milliseconds interval)
	at testScripts.TestNGlisteners.onTestFailure(TestNGlisteners.java:60)
	at testScripts.VisibilityMain.main(VisibilityMain.java:24)
Caused by: org.openqa.selenium.NoSuchElementException: no such element: Unable to locate element: {"method":"xpath","selector":"//input[@id='Consolidate_enterqty']"}
  (Session info: chrome=93.0.4577.82)
For documentation on this error, please visit: http://seleniumhq.org/exceptions/no_such_element.html
Build info: version: '3.11.0', revision: 'e59cfb3', time: '2018-03-11T20:26:55.152Z'
System info: host: 'DESKTOP-282TSLQ', ip: '192.168.0.112', os.name: 'Windows 10', os.arch: 'amd64', os.version: '10.0', java.version: '1.8.0_171'
Driver info: org.openqa.selenium.chrome.ChromeDriver
Capabilities {acceptInsecureCerts: false, browserName: chrome, browserVersion: 93.0.4577.82, chrome: {chromedriverVersion: 93.0.4577.63 (ff5c0da2ec0ad..., userDataDir: C:\Users\WDSI\AppData\Local...}, goog:chromeOptions: {debuggerAddress: localhost:62478}, javascriptEnabled: true, networkConnectionEnabled: false, pageLoadStrategy: normal, platform: WINDOWS, platformName: WINDOWS, proxy: Proxy(), setWindowRect: true, strictFileInteractability: false, timeouts: {implicit: 0, pageLoad: 300000, script: 30000}, unhandledPromptBehavior: dismiss and notify, webauthn:extension:credBlob: true, webauthn:extension:largeBlob: true, webauthn:virtualAuthenticators: true}
Session ID: c4034c1dca006964d14293d1aa65cb18
*** Element info: {Using=xpath, value=//input[@id='Consolidate_enterqty']}
	at org.openqa.selenium.remote.http.W3CHttpResponseCodec.createException(W3CHttpResponseCodec.java:187)
	at org.openqa.selenium.remote.http.W3CHttpResponseCodec.decode(W3CHttpResponseCodec.java:122)
	at org.openqa.selenium.remote.http.W3CHttpResponseCodec.decode(W3CHttpResponseCodec.java:49)
	at org.openqa.selenium.remote.HttpCommandExecutor.execute(HttpCommandExecutor.java:158)
	at org.openqa.selenium.remote.service.DriverCommandExecutor.execute(DriverCommandExecutor.java:83)
	at org.openqa.selenium.remote.RemoteWebDriver.execute(RemoteWebDriver.java:545)
	at org.openqa.selenium.remote.RemoteWebDriver.findElement(RemoteWebDriver.java:319)
	at org.openqa.selenium.remote.RemoteWebDriver.findElementByXPath(RemoteWebDriver.java:421)
	at org.openqa.selenium.By$ByXPath.findElement(By.java:361)
	at org.openqa.selenium.remote.RemoteWebDriver.findElement(RemoteWebDriver.java:311)
	at testScripts.CommonFunctions$2.apply(CommonFunctions.java:696)
	at testScripts.CommonFunctions$2.apply(CommonFunctions.java:1)
	at org.openqa.selenium.support.ui.FluentWait.until(FluentWait.java:248)
	at testScripts.CommonFunctions.fluentWait(CommonFunctions.java:694)
	at testScripts.CommonFunctions.enterXpath(CommonFunctions.java:539)
	at testScripts.ProjectSpecificFunctions.consolidation1(ProjectSpecificFunctions.java:555)
	at testScripts.Outboundscenarios.consolidation(Outboundscenarios.java:54)
	... 16 more
... Removed 27 stack frames]]>
    </failure>
  </testcase> <!-- consolidation -->
  <testcase name="dispatch" time="0.0" classname="testScripts.Outboundscenarios">
    <skipped/>
  </testcase> <!-- dispatch -->
  <testcase name="outboundCREATEREQUEST1" time="8.009" classname="testScripts.Outboundscenarios">
    <failure type="org.openqa.selenium.NoSuchSessionException" message="Session ID is null. Using WebDriver after calling quit()?
Build info: version: &amp;apos;3.11.0&amp;apos;, revision: &amp;apos;e59cfb3&amp;apos;, time: &amp;apos;2018-03-11T20:26:55.152Z&amp;apos;
System info: host: &amp;apos;DESKTOP-282TSLQ&amp;apos;, ip: &amp;apos;192.168.0.112&amp;apos;, os.name: &amp;apos;Windows 10&amp;apos;, os.arch: &amp;apos;amd64&amp;apos;, os.version: &amp;apos;10.0&amp;apos;, java.version: &amp;apos;1.8.0_171&amp;apos;
Driver info: driver.version: RemoteWebDriver">
      <![CDATA[org.openqa.selenium.NoSuchSessionException: Session ID is null. Using WebDriver after calling quit()?
Build info: version: '3.11.0', revision: 'e59cfb3', time: '2018-03-11T20:26:55.152Z'
System info: host: 'DESKTOP-282TSLQ', ip: '192.168.0.112', os.name: 'Windows 10', os.arch: 'amd64', os.version: '10.0', java.version: '1.8.0_171'
Driver info: driver.version: RemoteWebDriver
	at org.openqa.selenium.remote.HttpCommandExecutor.execute(HttpCommandExecutor.java:125)
	at org.openqa.selenium.remote.service.DriverCommandExecutor.execute(DriverCommandExecutor.java:83)
	at org.openqa.selenium.remote.RemoteWebDriver.execute(RemoteWebDriver.java:545)
	at org.openqa.selenium.remote.RemoteWebDriver.findElement(RemoteWebDriver.java:319)
	at org.openqa.selenium.remote.RemoteWebDriver.findElementByXPath(RemoteWebDriver.java:421)
	at org.openqa.selenium.By$ByXPath.findElement(By.java:361)
	at org.openqa.selenium.remote.RemoteWebDriver.findElement(RemoteWebDriver.java:311)
	at testScripts.CommonFunctions$2.apply(CommonFunctions.java:696)
	at testScripts.CommonFunctions$2.apply(CommonFunctions.java:1)
	at org.openqa.selenium.support.ui.FluentWait.until(FluentWait.java:248)
	at testScripts.CommonFunctions.fluentWait(CommonFunctions.java:694)
	at testScripts.CommonFunctions.clickXpath(CommonFunctions.java:409)
	at testScripts.Outboundscenarios.outboundCREATEREQUEST1(Outboundscenarios.java:75)
	at testScripts.VisibilityMain.main(VisibilityMain.java:24)
... Removed 21 stack frames]]>
    </failure>
  </testcase> <!-- outboundCREATEREQUEST1 -->
  <testcase name="pickerassignment" time="0.0" classname="testScripts.Outboundscenarios">
    <skipped/>
  </testcase> <!-- pickerassignment -->
  <testcase name="AlternativeBin_Picking" time="0.0" classname="testScripts.Outboundscenarios">
    <skipped/>
  </testcase> <!-- AlternativeBin_Picking -->
  <testcase name="Random_pick" time="0.0" classname="testScripts.Outboundscenarios">
    <skipped/>
  </testcase> <!-- Random_pick -->
  <testcase name="shortpick" time="0.0" classname="testScripts.Outboundscenarios">
    <skipped/>
  </testcase> <!-- shortpick -->
  <testcase name="optimization_skip" time="0.0" classname="testScripts.Outboundscenarios">
    <skipped/>
  </testcase> <!-- optimization_skip -->
  <testcase name="dispatchOrderform" time="0.0" classname="testScripts.Outboundscenarios">
    <skipped/>
  </testcase> <!-- dispatchOrderform -->
  <testcase name="INB_Cancellation_DockinScreen" time="491.603" classname="testScripts.Cancellation_Inbound"/>
  <testcase name="INB_Cancellation_AfterBinnerAssignment" time="3686.95" classname="testScripts.Cancellation_Inbound">
    <failure type="java.lang.AssertionError" message="expected [true] but found [false]">
      <![CDATA[java.lang.AssertionError: expected [true] but found [false]
	at testScripts.TestNGlisteners.onTestFailure(TestNGlisteners.java:60)
	at testScripts.VisibilityMain.main(VisibilityMain.java:24)
... Removed 18 stack frames]]>
    </failure>
  </testcase> <!-- INB_Cancellation_AfterBinnerAssignment -->
  <testcase name="INB_Cancellation_DuringBinning" time="0.0" classname="testScripts.Cancellation_Inbound">
    <skipped/>
  </testcase> <!-- INB_Cancellation_DuringBinning -->
  <testcase name="OUT_Cancellation_pickgenerationScreen" time="384.246" classname="testScripts.Cancellation_Outbound"/>
  <testcase name="OUT_Cancellation_Orderisin_PickerDashboardScreen" time="393.696" classname="testScripts.Cancellation_Outbound"/>
  <testcase name="OUT_Cancellation_DuringPartialpicking" time="503.292" classname="testScripts.Cancellation_Outbound"/>
  <testcase name="OUT_Cancellation_atOrderisinConsolidationDashboard" time="610.346" classname="testScripts.Cancellation_Outbound">
    <failure type="java.lang.IndexOutOfBoundsException" message="Index: 1, Size: 1">
      <![CDATA[java.lang.IndexOutOfBoundsException: Index: 1, Size: 1
	at testScripts.TestNGlisteners.onTestFailure(TestNGlisteners.java:60)
	at testScripts.VisibilityMain.main(VisibilityMain.java:24)
... Removed 18 stack frames]]>
    </failure>
  </testcase> <!-- OUT_Cancellation_atOrderisinConsolidationDashboard -->
  <testcase name="OUT_Cancellation_DuringPartialconsolidation" time="0.0" classname="testScripts.Cancellation_Outbound">
    <skipped/>
  </testcase> <!-- OUT_Cancellation_DuringPartialconsolidation -->
  <testcase name="OUT_Cancellation_atOrderisinDispatchDashboard" time="0.0" classname="testScripts.Cancellation_Outbound">
    <skipped/>
  </testcase> <!-- OUT_Cancellation_atOrderisinDispatchDashboard -->
  <testcase name="OUT_Cancellation_DuringPartialDispatch" time="0.0" classname="testScripts.Cancellation_Outbound">
    <skipped/>
  </testcase> <!-- OUT_Cancellation_DuringPartialDispatch -->
</testsuite> <!-- Test -->
