<html>
<head>
<title>TestNG:  Test</title>
<link href="../testng.css" rel="stylesheet" type="text/css" />
<link href="../my-testng.css" rel="stylesheet" type="text/css" />

<style type="text/css">
.log { display: none;} 
.stack-trace { display: none;} 
</style>
<script type="text/javascript">
<!--
function flip(e) {
  current = e.style.display;
  if (current == 'block') {
    e.style.display = 'none';
    return 0;
  }
  else {
    e.style.display = 'block';
    return 1;
  }
}

function toggleBox(szDivId, elem, msg1, msg2)
{
  var res = -1;  if (document.getElementById) {
    res = flip(document.getElementById(szDivId));
  }
  else if (document.all) {
    // this is the way old msie versions work
    res = flip(document.all[szDivId]);
  }
  if(elem) {
    if(res == 0) elem.innerHTML = msg1; else elem.innerHTML = msg2;
  }

}

function toggleAllBoxes() {
  if (document.getElementsByTagName) {
    d = document.getElementsByTagName('div');
    for (i = 0; i < d.length; i++) {
      if (d[i].className == 'log') {
        flip(d[i]);
      }
    }
  }
}

// -->
</script>

</head>
<body>
<h2 align='center'>Test</h2><table border='1' align="center">
<tr>
<td>Tests passed/Failed/Skipped:</td><td>44/7/22</td>
</tr><tr>
<td>Started on:</td><td>Wed Sep 22 20:32:48 IST 2021</td>
</tr>
<tr><td>Total time:</td><td>16771 seconds (16771285 ms)</td>
</tr><tr>
<td>Included groups:</td><td></td>
</tr><tr>
<td>Excluded groups:</td><td></td>
</tr>
</table><p/>
<small><i>(Hover the method name to see the test class name)</i></small><p/>
<table width='100%' border='1' class='invocation-failed'>
<tr><td colspan='4' align='center'><b>FAILED TESTS</b></td></tr>
<tr><td><b>Test method</b></td>
<td width="30%"><b>Exception</b></td>
<td width="10%"><b>Time (seconds)</b></td>
<td><b>Instance</b></td>
</tr>
<tr>
<td title='testScripts.Cancellation_Inbound.INB_Cancellation_AfterBinnerAssignment()'><b>INB_Cancellation_AfterBinnerAssignment</b><br>Test class: testScripts.Cancellation_Inbound</td>
<td><div><pre>java.lang.AssertionError: expected [true] but found [false]
	at testScripts.TestNGlisteners.onTestFailure(TestNGlisteners.java:60)
	at testScripts.VisibilityMain.main(VisibilityMain.java:24)
... Removed 18 stack frames</pre></div><a href='#' onClick='toggleBox("stack-trace1102135101", this, "Click to show all stack frames", "Click to hide stack frames")'>Click to show all stack frames</a>
<div class='stack-trace' id='stack-trace1102135101'><pre>java.lang.AssertionError: expected [true] but found [false]
	at testScripts.TestNGlisteners.onTestFailure(TestNGlisteners.java:60)
	at org.testng.internal.Invoker.runTestListeners(Invoker.java:1693)
	at org.testng.internal.Invoker.runTestListeners(Invoker.java:1677)
	at org.testng.internal.Invoker.invokeMethod(Invoker.java:702)
	at org.testng.internal.Invoker.invokeTestMethod(Invoker.java:822)
	at org.testng.internal.Invoker.invokeTestMethods(Invoker.java:1130)
	at org.testng.internal.TestMethodWorker.invokeTestMethods(TestMethodWorker.java:129)
	at org.testng.internal.TestMethodWorker.run(TestMethodWorker.java:112)
	at org.testng.TestRunner.privateRun(TestRunner.java:782)
	at org.testng.TestRunner.run(TestRunner.java:632)
	at org.testng.SuiteRunner.runTest(SuiteRunner.java:366)
	at org.testng.SuiteRunner.runSequentially(SuiteRunner.java:361)
	at org.testng.SuiteRunner.privateRun(SuiteRunner.java:319)
	at org.testng.SuiteRunner.run(SuiteRunner.java:268)
	at org.testng.SuiteRunnerWorker.runSuite(SuiteRunnerWorker.java:52)
	at org.testng.SuiteRunnerWorker.run(SuiteRunnerWorker.java:86)
	at org.testng.TestNG.runSuitesSequentially(TestNG.java:1244)
	at org.testng.TestNG.runSuitesLocally(TestNG.java:1169)
	at org.testng.TestNG.run(TestNG.java:1064)
	at testScripts.VisibilityMain.main(VisibilityMain.java:24)
</pre></div></td>
<td>3686</td>
<td>testScripts.Cancellation_Inbound@366e2eef</td></tr>
<tr>
<td title='testScripts.Cancellation_Outbound.OUT_Cancellation_atOrderisinConsolidationDashboard()'><b>OUT_Cancellation_atOrderisinConsolidationDashboard</b><br>Test class: testScripts.Cancellation_Outbound</td>
<td><div><pre>java.lang.IndexOutOfBoundsException: Index: 1, Size: 1
	at testScripts.TestNGlisteners.onTestFailure(TestNGlisteners.java:60)
	at testScripts.VisibilityMain.main(VisibilityMain.java:24)
... Removed 18 stack frames</pre></div><a href='#' onClick='toggleBox("stack-trace1756837032", this, "Click to show all stack frames", "Click to hide stack frames")'>Click to show all stack frames</a>
<div class='stack-trace' id='stack-trace1756837032'><pre>java.lang.IndexOutOfBoundsException: Index: 1, Size: 1
	at testScripts.TestNGlisteners.onTestFailure(TestNGlisteners.java:60)
	at org.testng.internal.Invoker.runTestListeners(Invoker.java:1693)
	at org.testng.internal.Invoker.runTestListeners(Invoker.java:1677)
	at org.testng.internal.Invoker.invokeMethod(Invoker.java:702)
	at org.testng.internal.Invoker.invokeTestMethod(Invoker.java:822)
	at org.testng.internal.Invoker.invokeTestMethods(Invoker.java:1130)
	at org.testng.internal.TestMethodWorker.invokeTestMethods(TestMethodWorker.java:129)
	at org.testng.internal.TestMethodWorker.run(TestMethodWorker.java:112)
	at org.testng.TestRunner.privateRun(TestRunner.java:782)
	at org.testng.TestRunner.run(TestRunner.java:632)
	at org.testng.SuiteRunner.runTest(SuiteRunner.java:366)
	at org.testng.SuiteRunner.runSequentially(SuiteRunner.java:361)
	at org.testng.SuiteRunner.privateRun(SuiteRunner.java:319)
	at org.testng.SuiteRunner.run(SuiteRunner.java:268)
	at org.testng.SuiteRunnerWorker.runSuite(SuiteRunnerWorker.java:52)
	at org.testng.SuiteRunnerWorker.run(SuiteRunnerWorker.java:86)
	at org.testng.TestNG.runSuitesSequentially(TestNG.java:1244)
	at org.testng.TestNG.runSuitesLocally(TestNG.java:1169)
	at org.testng.TestNG.run(TestNG.java:1064)
	at testScripts.VisibilityMain.main(VisibilityMain.java:24)
</pre></div></td>
<td>610</td>
<td>testScripts.Cancellation_Outbound@6df97b55</td></tr>
<tr>
<td title='testScripts.ExcessQtyBinning.binning()'><b>binning</b><br>Test class: testScripts.ExcessQtyBinning</td>
<td><div><pre>java.lang.NullPointerException
	at testScripts.TestNGlisteners.onTestFailure(TestNGlisteners.java:60)
	at testScripts.VisibilityMain.main(VisibilityMain.java:24)
... Removed 18 stack frames</pre></div><a href='#' onClick='toggleBox("stack-trace162144258", this, "Click to show all stack frames", "Click to hide stack frames")'>Click to show all stack frames</a>
<div class='stack-trace' id='stack-trace162144258'><pre>java.lang.NullPointerException
	at testScripts.TestNGlisteners.onTestFailure(TestNGlisteners.java:60)
	at org.testng.internal.Invoker.runTestListeners(Invoker.java:1693)
	at org.testng.internal.Invoker.runTestListeners(Invoker.java:1677)
	at org.testng.internal.Invoker.invokeMethod(Invoker.java:702)
	at org.testng.internal.Invoker.invokeTestMethod(Invoker.java:822)
	at org.testng.internal.Invoker.invokeTestMethods(Invoker.java:1130)
	at org.testng.internal.TestMethodWorker.invokeTestMethods(TestMethodWorker.java:129)
	at org.testng.internal.TestMethodWorker.run(TestMethodWorker.java:112)
	at org.testng.TestRunner.privateRun(TestRunner.java:782)
	at org.testng.TestRunner.run(TestRunner.java:632)
	at org.testng.SuiteRunner.runTest(SuiteRunner.java:366)
	at org.testng.SuiteRunner.runSequentially(SuiteRunner.java:361)
	at org.testng.SuiteRunner.privateRun(SuiteRunner.java:319)
	at org.testng.SuiteRunner.run(SuiteRunner.java:268)
	at org.testng.SuiteRunnerWorker.runSuite(SuiteRunnerWorker.java:52)
	at org.testng.SuiteRunnerWorker.run(SuiteRunnerWorker.java:86)
	at org.testng.TestNG.runSuitesSequentially(TestNG.java:1244)
	at org.testng.TestNG.runSuitesLocally(TestNG.java:1169)
	at org.testng.TestNG.run(TestNG.java:1064)
	at testScripts.VisibilityMain.main(VisibilityMain.java:24)
</pre></div></td>
<td>65</td>
<td>testScripts.ExcessQtyBinning@2ef9b8bc</td></tr>
<tr>
<td title='testScripts.ScanToBox.binning()'><b>binning</b><br>Test class: testScripts.ScanToBox</td>
<td><div><pre>org.openqa.selenium.TimeoutException: Expected condition failed: waiting for condition (element ([[ChromeDriver: chrome on WINDOWS (424706fd9204378efdbcaf909bb46da5)] -&gt; xpath: .//td[contains(@class,&apos;tablerow&apos;)][5]]) to become stale) to be refreshed (tried for 20 second(s) with 500 milliseconds interval)
Build info: version: &apos;3.11.0&apos;, revision: &apos;e59cfb3&apos;, time: &apos;2018-03-11T20:26:55.152Z&apos;
System info: host: &apos;DESKTOP-282TSLQ&apos;, ip: &apos;192.168.0.112&apos;, os.name: &apos;Windows 10&apos;, os.arch: &apos;amd64&apos;, os.version: &apos;10.0&apos;, java.version: &apos;1.8.0_171&apos;
Driver info: org.openqa.selenium.chrome.ChromeDriver
Capabilities {acceptInsecureCerts: false, browserName: chrome, browserVersion: 93.0.4577.82, chrome: {chromedriverVersion: 93.0.4577.63 (ff5c0da2ec0ad..., userDataDir: C:\Users\WDSI\AppData\Local...}, goog:chromeOptions: {debuggerAddress: localhost:57474}, javascriptEnabled: true, networkConnectionEnabled: false, pageLoadStrategy: normal, platform: WINDOWS, platformName: WINDOWS, proxy: Proxy(), setWindowRect: true, strictFileInteractability: false, timeouts: {implicit: 0, pageLoad: 300000, script: 30000}, unhandledPromptBehavior: dismiss and notify, webauthn:extension:credBlob: true, webauthn:extension:largeBlob: true, webauthn:virtualAuthenticators: true}
Session ID: 424706fd9204378efdbcaf909bb46da5
	at testScripts.TestNGlisteners.onTestFailure(TestNGlisteners.java:60)
	at testScripts.VisibilityMain.main(VisibilityMain.java:24)
... Removed 18 stack frames</pre></div><a href='#' onClick='toggleBox("stack-trace264767425", this, "Click to show all stack frames", "Click to hide stack frames")'>Click to show all stack frames</a>
<div class='stack-trace' id='stack-trace264767425'><pre>org.openqa.selenium.TimeoutException: Expected condition failed: waiting for condition (element ([[ChromeDriver: chrome on WINDOWS (424706fd9204378efdbcaf909bb46da5)] -&gt; xpath: .//td[contains(@class,&apos;tablerow&apos;)][5]]) to become stale) to be refreshed (tried for 20 second(s) with 500 milliseconds interval)
Build info: version: &apos;3.11.0&apos;, revision: &apos;e59cfb3&apos;, time: &apos;2018-03-11T20:26:55.152Z&apos;
System info: host: &apos;DESKTOP-282TSLQ&apos;, ip: &apos;192.168.0.112&apos;, os.name: &apos;Windows 10&apos;, os.arch: &apos;amd64&apos;, os.version: &apos;10.0&apos;, java.version: &apos;1.8.0_171&apos;
Driver info: org.openqa.selenium.chrome.ChromeDriver
Capabilities {acceptInsecureCerts: false, browserName: chrome, browserVersion: 93.0.4577.82, chrome: {chromedriverVersion: 93.0.4577.63 (ff5c0da2ec0ad..., userDataDir: C:\Users\WDSI\AppData\Local...}, goog:chromeOptions: {debuggerAddress: localhost:57474}, javascriptEnabled: true, networkConnectionEnabled: false, pageLoadStrategy: normal, platform: WINDOWS, platformName: WINDOWS, proxy: Proxy(), setWindowRect: true, strictFileInteractability: false, timeouts: {implicit: 0, pageLoad: 300000, script: 30000}, unhandledPromptBehavior: dismiss and notify, webauthn:extension:credBlob: true, webauthn:extension:largeBlob: true, webauthn:virtualAuthenticators: true}
Session ID: 424706fd9204378efdbcaf909bb46da5
	at testScripts.TestNGlisteners.onTestFailure(TestNGlisteners.java:60)
	at org.testng.internal.Invoker.runTestListeners(Invoker.java:1693)
	at org.testng.internal.Invoker.runTestListeners(Invoker.java:1677)
	at org.testng.internal.Invoker.invokeMethod(Invoker.java:702)
	at org.testng.internal.Invoker.invokeTestMethod(Invoker.java:822)
	at org.testng.internal.Invoker.invokeTestMethods(Invoker.java:1130)
	at org.testng.internal.TestMethodWorker.invokeTestMethods(TestMethodWorker.java:129)
	at org.testng.internal.TestMethodWorker.run(TestMethodWorker.java:112)
	at org.testng.TestRunner.privateRun(TestRunner.java:782)
	at org.testng.TestRunner.run(TestRunner.java:632)
	at org.testng.SuiteRunner.runTest(SuiteRunner.java:366)
	at org.testng.SuiteRunner.runSequentially(SuiteRunner.java:361)
	at org.testng.SuiteRunner.privateRun(SuiteRunner.java:319)
	at org.testng.SuiteRunner.run(SuiteRunner.java:268)
	at org.testng.SuiteRunnerWorker.runSuite(SuiteRunnerWorker.java:52)
	at org.testng.SuiteRunnerWorker.run(SuiteRunnerWorker.java:86)
	at org.testng.TestNG.runSuitesSequentially(TestNG.java:1244)
	at org.testng.TestNG.runSuitesLocally(TestNG.java:1169)
	at org.testng.TestNG.run(TestNG.java:1064)
	at testScripts.VisibilityMain.main(VisibilityMain.java:24)
</pre></div></td>
<td>320</td>
<td>testScripts.ScanToBox@3567135c</td></tr>
<tr>
<td title='testScripts.ShortQtyBinning.consolidation()'><b>consolidation</b><br>Test class: testScripts.ShortQtyBinning</td>
<td><div><pre>org.openqa.selenium.TimeoutException: Expected condition failed: waiting for testScripts.CommonFunctions$2@6b2e46af (tried for 50 second(s) with 5000 milliseconds interval)
	at testScripts.TestNGlisteners.onTestFailure(TestNGlisteners.java:60)
	at testScripts.VisibilityMain.main(VisibilityMain.java:24)
Caused by: org.openqa.selenium.NoSuchElementException: no such element: Unable to locate element: {&quot;method&quot;:&quot;xpath&quot;,&quot;selector&quot;:&quot;//input[@id=&apos;Consolidate_enterqty&apos;]&quot;}
  (Session info: chrome=93.0.4577.82)
For documentation on this error, please visit: http://seleniumhq.org/exceptions/no_such_element.html
Build info: version: &apos;3.11.0&apos;, revision: &apos;e59cfb3&apos;, time: &apos;2018-03-11T20:26:55.152Z&apos;
System info: host: &apos;DESKTOP-282TSLQ&apos;, ip: &apos;192.168.0.112&apos;, os.name: &apos;Windows 10&apos;, os.arch: &apos;amd64&apos;, os.version: &apos;10.0&apos;, java.version: &apos;1.8.0_171&apos;
Driver info: org.openqa.selenium.chrome.ChromeDriver
Capabilities {acceptInsecureCerts: false, browserName: chrome, browserVersion: 93.0.4577.82, chrome: {chromedriverVersion: 93.0.4577.63 (ff5c0da2ec0ad..., userDataDir: C:\Users\WDSI\AppData\Local...}, goog:chromeOptions: {debuggerAddress: localhost:56788}, javascriptEnabled: true, networkConnectionEnabled: false, pageLoadStrategy: normal, platform: WINDOWS, platformName: WINDOWS, proxy: Proxy(), setWindowRect: true, strictFileInteractability: false, timeouts: {implicit: 0, pageLoad: 300000, script: 30000}, unhandledPromptBehavior: dismiss and notify, webauthn:extension:credBlob: true, webauthn:extension:largeBlob: true, webauthn:virtualAuthenticators: true}
Session ID: b2aae9476081c47900d5f95945642c60
*** Element info: {Using=xpath, value=//input[@id=&apos;Consolidate_enterqty&apos;]}
	at org.openqa.selenium.remote.http.W3CHttpResponseCodec.createException(W3CHttpResponseCodec.java:187)
	at org.openqa.selenium.remote.http.W3CHttpResponseCodec.decode(W3CHttpResponseCodec.java:122)
	at org.openqa.selenium.remote.http.W3CHttpResponseCodec.decode(W3CHttpResponseCodec.java:49)
	at org.openqa.selenium.remote.HttpCommandExecutor.execute(HttpCommandExecutor.java:158)
	at org.openqa.selenium.remote.service.DriverCommandExecutor.execute(DriverCommandExecutor.java:83)
	at org.openqa.selenium.remote.RemoteWebDriver.execute(RemoteWebDriver.java:545)
	at org.openqa.selenium.remote.RemoteWebDriver.findElement(RemoteWebDriver.java:319)
	at org.openqa.selenium.remote.RemoteWebDriver.findElementByXPath(RemoteWebDriver.java:421)
	at org.openqa.selenium.By$ByXPath.findElement(By.java:361)
	at org.openqa.selenium.remote.RemoteWebDriver.findElement(RemoteWebDriver.java:311)
	at testScripts.CommonFunctions$2.apply(CommonFunctions.java:696)
	at testScripts.CommonFunctions$2.apply(CommonFunctions.java:1)
	at org.openqa.selenium.support.ui.FluentWait.until(FluentWait.java:248)
	at testScripts.CommonFunctions.fluentWait(CommonFunctions.java:694)
	at testScripts.CommonFunctions.enterXpath(CommonFunctions.java:539)
	at testScripts.ProjectSpecificFunctions.consolidation1(ProjectSpecificFunctions.java:555)
	at testScripts.ShortQtyBinning.consolidation(ShortQtyBinning.java:369)
	... 16 more
... Removed 27 stack frames</pre></div><a href='#' onClick='toggleBox("stack-trace1613912455", this, "Click to show all stack frames", "Click to hide stack frames")'>Click to show all stack frames</a>
<div class='stack-trace' id='stack-trace1613912455'><pre>org.openqa.selenium.TimeoutException: Expected condition failed: waiting for testScripts.CommonFunctions$2@6b2e46af (tried for 50 second(s) with 5000 milliseconds interval)
	at testScripts.TestNGlisteners.onTestFailure(TestNGlisteners.java:60)
	at org.testng.internal.Invoker.runTestListeners(Invoker.java:1693)
	at org.testng.internal.Invoker.runTestListeners(Invoker.java:1677)
	at org.testng.internal.Invoker.invokeMethod(Invoker.java:702)
	at org.testng.internal.Invoker.invokeTestMethod(Invoker.java:822)
	at org.testng.internal.Invoker.invokeTestMethods(Invoker.java:1130)
	at org.testng.internal.TestMethodWorker.invokeTestMethods(TestMethodWorker.java:129)
	at org.testng.internal.TestMethodWorker.run(TestMethodWorker.java:112)
	at org.testng.TestRunner.privateRun(TestRunner.java:782)
	at org.testng.TestRunner.run(TestRunner.java:632)
	at org.testng.SuiteRunner.runTest(SuiteRunner.java:366)
	at org.testng.SuiteRunner.runSequentially(SuiteRunner.java:361)
	at org.testng.SuiteRunner.privateRun(SuiteRunner.java:319)
	at org.testng.SuiteRunner.run(SuiteRunner.java:268)
	at org.testng.SuiteRunnerWorker.runSuite(SuiteRunnerWorker.java:52)
	at org.testng.SuiteRunnerWorker.run(SuiteRunnerWorker.java:86)
	at org.testng.TestNG.runSuitesSequentially(TestNG.java:1244)
	at org.testng.TestNG.runSuitesLocally(TestNG.java:1169)
	at org.testng.TestNG.run(TestNG.java:1064)
	at testScripts.VisibilityMain.main(VisibilityMain.java:24)
Caused by: org.openqa.selenium.NoSuchElementException: no such element: Unable to locate element: {&quot;method&quot;:&quot;xpath&quot;,&quot;selector&quot;:&quot;//input[@id=&apos;Consolidate_enterqty&apos;]&quot;}
  (Session info: chrome=93.0.4577.82)
For documentation on this error, please visit: http://seleniumhq.org/exceptions/no_such_element.html
Build info: version: &apos;3.11.0&apos;, revision: &apos;e59cfb3&apos;, time: &apos;2018-03-11T20:26:55.152Z&apos;
System info: host: &apos;DESKTOP-282TSLQ&apos;, ip: &apos;192.168.0.112&apos;, os.name: &apos;Windows 10&apos;, os.arch: &apos;amd64&apos;, os.version: &apos;10.0&apos;, java.version: &apos;1.8.0_171&apos;
Driver info: org.openqa.selenium.chrome.ChromeDriver
Capabilities {acceptInsecureCerts: false, browserName: chrome, browserVersion: 93.0.4577.82, chrome: {chromedriverVersion: 93.0.4577.63 (ff5c0da2ec0ad..., userDataDir: C:\Users\WDSI\AppData\Local...}, goog:chromeOptions: {debuggerAddress: localhost:56788}, javascriptEnabled: true, networkConnectionEnabled: false, pageLoadStrategy: normal, platform: WINDOWS, platformName: WINDOWS, proxy: Proxy(), setWindowRect: true, strictFileInteractability: false, timeouts: {implicit: 0, pageLoad: 300000, script: 30000}, unhandledPromptBehavior: dismiss and notify, webauthn:extension:credBlob: true, webauthn:extension:largeBlob: true, webauthn:virtualAuthenticators: true}
Session ID: b2aae9476081c47900d5f95945642c60
*** Element info: {Using=xpath, value=//input[@id=&apos;Consolidate_enterqty&apos;]}
	at sun.reflect.GeneratedConstructorAccessor20.newInstance(Unknown Source)
	at sun.reflect.DelegatingConstructorAccessorImpl.newInstance(DelegatingConstructorAccessorImpl.java:45)
	at java.lang.reflect.Constructor.newInstance(Constructor.java:423)
	at org.openqa.selenium.remote.http.W3CHttpResponseCodec.createException(W3CHttpResponseCodec.java:187)
	at org.openqa.selenium.remote.http.W3CHttpResponseCodec.decode(W3CHttpResponseCodec.java:122)
	at org.openqa.selenium.remote.http.W3CHttpResponseCodec.decode(W3CHttpResponseCodec.java:49)
	at org.openqa.selenium.remote.HttpCommandExecutor.execute(HttpCommandExecutor.java:158)
	at org.openqa.selenium.remote.service.DriverCommandExecutor.execute(DriverCommandExecutor.java:83)
	at org.openqa.selenium.remote.RemoteWebDriver.execute(RemoteWebDriver.java:545)
	at org.openqa.selenium.remote.RemoteWebDriver.findElement(RemoteWebDriver.java:319)
	at org.openqa.selenium.remote.RemoteWebDriver.findElementByXPath(RemoteWebDriver.java:421)
	at org.openqa.selenium.By$ByXPath.findElement(By.java:361)
	at org.openqa.selenium.remote.RemoteWebDriver.findElement(RemoteWebDriver.java:311)
	at testScripts.CommonFunctions$2.apply(CommonFunctions.java:696)
	at testScripts.CommonFunctions$2.apply(CommonFunctions.java:1)
	at org.openqa.selenium.support.ui.FluentWait.until(FluentWait.java:248)
	at testScripts.CommonFunctions.fluentWait(CommonFunctions.java:694)
	at testScripts.CommonFunctions.enterXpath(CommonFunctions.java:539)
	at testScripts.ProjectSpecificFunctions.consolidation1(ProjectSpecificFunctions.java:555)
	at testScripts.ShortQtyBinning.consolidation(ShortQtyBinning.java:369)
	at sun.reflect.NativeMethodAccessorImpl.invoke0(Native Method)
	at sun.reflect.NativeMethodAccessorImpl.invoke(NativeMethodAccessorImpl.java:62)
	at sun.reflect.DelegatingMethodAccessorImpl.invoke(DelegatingMethodAccessorImpl.java:43)
	at java.lang.reflect.Method.invoke(Method.java:498)
	at org.testng.internal.MethodInvocationHelper.invokeMethod(MethodInvocationHelper.java:86)
	at org.testng.internal.Invoker.invokeMethod(Invoker.java:645)
	... 16 more
</pre></div></td>
<td>119</td>
<td>testScripts.ShortQtyBinning@6fb554cc</td></tr>
<tr>
<td title='testScripts.Outboundscenarios.consolidation()'><b>consolidation</b><br>Test class: testScripts.Outboundscenarios</td>
<td><div><pre>org.openqa.selenium.TimeoutException: Expected condition failed: waiting for testScripts.CommonFunctions$2@78e17a99 (tried for 50 second(s) with 5000 milliseconds interval)
	at testScripts.TestNGlisteners.onTestFailure(TestNGlisteners.java:60)
	at testScripts.VisibilityMain.main(VisibilityMain.java:24)
Caused by: org.openqa.selenium.NoSuchElementException: no such element: Unable to locate element: {&quot;method&quot;:&quot;xpath&quot;,&quot;selector&quot;:&quot;//input[@id=&apos;Consolidate_enterqty&apos;]&quot;}
  (Session info: chrome=93.0.4577.82)
For documentation on this error, please visit: http://seleniumhq.org/exceptions/no_such_element.html
Build info: version: &apos;3.11.0&apos;, revision: &apos;e59cfb3&apos;, time: &apos;2018-03-11T20:26:55.152Z&apos;
System info: host: &apos;DESKTOP-282TSLQ&apos;, ip: &apos;192.168.0.112&apos;, os.name: &apos;Windows 10&apos;, os.arch: &apos;amd64&apos;, os.version: &apos;10.0&apos;, java.version: &apos;1.8.0_171&apos;
Driver info: org.openqa.selenium.chrome.ChromeDriver
Capabilities {acceptInsecureCerts: false, browserName: chrome, browserVersion: 93.0.4577.82, chrome: {chromedriverVersion: 93.0.4577.63 (ff5c0da2ec0ad..., userDataDir: C:\Users\WDSI\AppData\Local...}, goog:chromeOptions: {debuggerAddress: localhost:62478}, javascriptEnabled: true, networkConnectionEnabled: false, pageLoadStrategy: normal, platform: WINDOWS, platformName: WINDOWS, proxy: Proxy(), setWindowRect: true, strictFileInteractability: false, timeouts: {implicit: 0, pageLoad: 300000, script: 30000}, unhandledPromptBehavior: dismiss and notify, webauthn:extension:credBlob: true, webauthn:extension:largeBlob: true, webauthn:virtualAuthenticators: true}
Session ID: c4034c1dca006964d14293d1aa65cb18
*** Element info: {Using=xpath, value=//input[@id=&apos;Consolidate_enterqty&apos;]}
	at org.openqa.selenium.remote.http.W3CHttpResponseCodec.createException(W3CHttpResponseCodec.java:187)
	at org.openqa.selenium.remote.http.W3CHttpResponseCodec.decode(W3CHttpResponseCodec.java:122)
	at org.openqa.selenium.remote.http.W3CHttpResponseCodec.decode(W3CHttpResponseCodec.java:49)
	at org.openqa.selenium.remote.HttpCommandExecutor.execute(HttpCommandExecutor.java:158)
	at org.openqa.selenium.remote.service.DriverCommandExecutor.execute(DriverCommandExecutor.java:83)
	at org.openqa.selenium.remote.RemoteWebDriver.execute(RemoteWebDriver.java:545)
	at org.openqa.selenium.remote.RemoteWebDriver.findElement(RemoteWebDriver.java:319)
	at org.openqa.selenium.remote.RemoteWebDriver.findElementByXPath(RemoteWebDriver.java:421)
	at org.openqa.selenium.By$ByXPath.findElement(By.java:361)
	at org.openqa.selenium.remote.RemoteWebDriver.findElement(RemoteWebDriver.java:311)
	at testScripts.CommonFunctions$2.apply(CommonFunctions.java:696)
	at testScripts.CommonFunctions$2.apply(CommonFunctions.java:1)
	at org.openqa.selenium.support.ui.FluentWait.until(FluentWait.java:248)
	at testScripts.CommonFunctions.fluentWait(CommonFunctions.java:694)
	at testScripts.CommonFunctions.enterXpath(CommonFunctions.java:539)
	at testScripts.ProjectSpecificFunctions.consolidation1(ProjectSpecificFunctions.java:555)
	at testScripts.Outboundscenarios.consolidation(Outboundscenarios.java:54)
	... 16 more
... Removed 27 stack frames</pre></div><a href='#' onClick='toggleBox("stack-trace103130367", this, "Click to show all stack frames", "Click to hide stack frames")'>Click to show all stack frames</a>
<div class='stack-trace' id='stack-trace103130367'><pre>org.openqa.selenium.TimeoutException: Expected condition failed: waiting for testScripts.CommonFunctions$2@78e17a99 (tried for 50 second(s) with 5000 milliseconds interval)
	at testScripts.TestNGlisteners.onTestFailure(TestNGlisteners.java:60)
	at org.testng.internal.Invoker.runTestListeners(Invoker.java:1693)
	at org.testng.internal.Invoker.runTestListeners(Invoker.java:1677)
	at org.testng.internal.Invoker.invokeMethod(Invoker.java:702)
	at org.testng.internal.Invoker.invokeTestMethod(Invoker.java:822)
	at org.testng.internal.Invoker.invokeTestMethods(Invoker.java:1130)
	at org.testng.internal.TestMethodWorker.invokeTestMethods(TestMethodWorker.java:129)
	at org.testng.internal.TestMethodWorker.run(TestMethodWorker.java:112)
	at org.testng.TestRunner.privateRun(TestRunner.java:782)
	at org.testng.TestRunner.run(TestRunner.java:632)
	at org.testng.SuiteRunner.runTest(SuiteRunner.java:366)
	at org.testng.SuiteRunner.runSequentially(SuiteRunner.java:361)
	at org.testng.SuiteRunner.privateRun(SuiteRunner.java:319)
	at org.testng.SuiteRunner.run(SuiteRunner.java:268)
	at org.testng.SuiteRunnerWorker.runSuite(SuiteRunnerWorker.java:52)
	at org.testng.SuiteRunnerWorker.run(SuiteRunnerWorker.java:86)
	at org.testng.TestNG.runSuitesSequentially(TestNG.java:1244)
	at org.testng.TestNG.runSuitesLocally(TestNG.java:1169)
	at org.testng.TestNG.run(TestNG.java:1064)
	at testScripts.VisibilityMain.main(VisibilityMain.java:24)
Caused by: org.openqa.selenium.NoSuchElementException: no such element: Unable to locate element: {&quot;method&quot;:&quot;xpath&quot;,&quot;selector&quot;:&quot;//input[@id=&apos;Consolidate_enterqty&apos;]&quot;}
  (Session info: chrome=93.0.4577.82)
For documentation on this error, please visit: http://seleniumhq.org/exceptions/no_such_element.html
Build info: version: &apos;3.11.0&apos;, revision: &apos;e59cfb3&apos;, time: &apos;2018-03-11T20:26:55.152Z&apos;
System info: host: &apos;DESKTOP-282TSLQ&apos;, ip: &apos;192.168.0.112&apos;, os.name: &apos;Windows 10&apos;, os.arch: &apos;amd64&apos;, os.version: &apos;10.0&apos;, java.version: &apos;1.8.0_171&apos;
Driver info: org.openqa.selenium.chrome.ChromeDriver
Capabilities {acceptInsecureCerts: false, browserName: chrome, browserVersion: 93.0.4577.82, chrome: {chromedriverVersion: 93.0.4577.63 (ff5c0da2ec0ad..., userDataDir: C:\Users\WDSI\AppData\Local...}, goog:chromeOptions: {debuggerAddress: localhost:62478}, javascriptEnabled: true, networkConnectionEnabled: false, pageLoadStrategy: normal, platform: WINDOWS, platformName: WINDOWS, proxy: Proxy(), setWindowRect: true, strictFileInteractability: false, timeouts: {implicit: 0, pageLoad: 300000, script: 30000}, unhandledPromptBehavior: dismiss and notify, webauthn:extension:credBlob: true, webauthn:extension:largeBlob: true, webauthn:virtualAuthenticators: true}
Session ID: c4034c1dca006964d14293d1aa65cb18
*** Element info: {Using=xpath, value=//input[@id=&apos;Consolidate_enterqty&apos;]}
	at sun.reflect.GeneratedConstructorAccessor20.newInstance(Unknown Source)
	at sun.reflect.DelegatingConstructorAccessorImpl.newInstance(DelegatingConstructorAccessorImpl.java:45)
	at java.lang.reflect.Constructor.newInstance(Constructor.java:423)
	at org.openqa.selenium.remote.http.W3CHttpResponseCodec.createException(W3CHttpResponseCodec.java:187)
	at org.openqa.selenium.remote.http.W3CHttpResponseCodec.decode(W3CHttpResponseCodec.java:122)
	at org.openqa.selenium.remote.http.W3CHttpResponseCodec.decode(W3CHttpResponseCodec.java:49)
	at org.openqa.selenium.remote.HttpCommandExecutor.execute(HttpCommandExecutor.java:158)
	at org.openqa.selenium.remote.service.DriverCommandExecutor.execute(DriverCommandExecutor.java:83)
	at org.openqa.selenium.remote.RemoteWebDriver.execute(RemoteWebDriver.java:545)
	at org.openqa.selenium.remote.RemoteWebDriver.findElement(RemoteWebDriver.java:319)
	at org.openqa.selenium.remote.RemoteWebDriver.findElementByXPath(RemoteWebDriver.java:421)
	at org.openqa.selenium.By$ByXPath.findElement(By.java:361)
	at org.openqa.selenium.remote.RemoteWebDriver.findElement(RemoteWebDriver.java:311)
	at testScripts.CommonFunctions$2.apply(CommonFunctions.java:696)
	at testScripts.CommonFunctions$2.apply(CommonFunctions.java:1)
	at org.openqa.selenium.support.ui.FluentWait.until(FluentWait.java:248)
	at testScripts.CommonFunctions.fluentWait(CommonFunctions.java:694)
	at testScripts.CommonFunctions.enterXpath(CommonFunctions.java:539)
	at testScripts.ProjectSpecificFunctions.consolidation1(ProjectSpecificFunctions.java:555)
	at testScripts.Outboundscenarios.consolidation(Outboundscenarios.java:54)
	at sun.reflect.NativeMethodAccessorImpl.invoke0(Native Method)
	at sun.reflect.NativeMethodAccessorImpl.invoke(NativeMethodAccessorImpl.java:62)
	at sun.reflect.DelegatingMethodAccessorImpl.invoke(DelegatingMethodAccessorImpl.java:43)
	at java.lang.reflect.Method.invoke(Method.java:498)
	at org.testng.internal.MethodInvocationHelper.invokeMethod(MethodInvocationHelper.java:86)
	at org.testng.internal.Invoker.invokeMethod(Invoker.java:645)
	... 16 more
</pre></div></td>
<td>99</td>
<td>testScripts.Outboundscenarios@3a03464</td></tr>
<tr>
<td title='testScripts.Outboundscenarios.outboundCREATEREQUEST1()'><b>outboundCREATEREQUEST1</b><br>Test class: testScripts.Outboundscenarios</td>
<td><div><pre>org.openqa.selenium.NoSuchSessionException: Session ID is null. Using WebDriver after calling quit()?
Build info: version: &apos;3.11.0&apos;, revision: &apos;e59cfb3&apos;, time: &apos;2018-03-11T20:26:55.152Z&apos;
System info: host: &apos;DESKTOP-282TSLQ&apos;, ip: &apos;192.168.0.112&apos;, os.name: &apos;Windows 10&apos;, os.arch: &apos;amd64&apos;, os.version: &apos;10.0&apos;, java.version: &apos;1.8.0_171&apos;
Driver info: driver.version: RemoteWebDriver
	at org.openqa.selenium.remote.HttpCommandExecutor.execute(HttpCommandExecutor.java:125)
	at org.openqa.selenium.remote.service.DriverCommandExecutor.execute(DriverCommandExecutor.java:83)
	at org.openqa.selenium.remote.RemoteWebDriver.execute(RemoteWebDriver.java:545)
	at org.openqa.selenium.remote.RemoteWebDriver.findElement(RemoteWebDriver.java:319)
	at org.openqa.selenium.remote.RemoteWebDriver.findElementByXPath(RemoteWebDriver.java:421)
	at org.openqa.selenium.By$ByXPath.findElement(By.java:361)
	at org.openqa.selenium.remote.RemoteWebDriver.findElement(RemoteWebDriver.java:311)
	at testScripts.CommonFunctions$2.apply(CommonFunctions.java:696)
	at testScripts.CommonFunctions$2.apply(CommonFunctions.java:1)
	at org.openqa.selenium.support.ui.FluentWait.until(FluentWait.java:248)
	at testScripts.CommonFunctions.fluentWait(CommonFunctions.java:694)
	at testScripts.CommonFunctions.clickXpath(CommonFunctions.java:409)
	at testScripts.Outboundscenarios.outboundCREATEREQUEST1(Outboundscenarios.java:75)
	at testScripts.VisibilityMain.main(VisibilityMain.java:24)
... Removed 21 stack frames</pre></div><a href='#' onClick='toggleBox("stack-trace1781297535", this, "Click to show all stack frames", "Click to hide stack frames")'>Click to show all stack frames</a>
<div class='stack-trace' id='stack-trace1781297535'><pre>org.openqa.selenium.NoSuchSessionException: Session ID is null. Using WebDriver after calling quit()?
Build info: version: &apos;3.11.0&apos;, revision: &apos;e59cfb3&apos;, time: &apos;2018-03-11T20:26:55.152Z&apos;
System info: host: &apos;DESKTOP-282TSLQ&apos;, ip: &apos;192.168.0.112&apos;, os.name: &apos;Windows 10&apos;, os.arch: &apos;amd64&apos;, os.version: &apos;10.0&apos;, java.version: &apos;1.8.0_171&apos;
Driver info: driver.version: RemoteWebDriver
	at org.openqa.selenium.remote.HttpCommandExecutor.execute(HttpCommandExecutor.java:125)
	at org.openqa.selenium.remote.service.DriverCommandExecutor.execute(DriverCommandExecutor.java:83)
	at org.openqa.selenium.remote.RemoteWebDriver.execute(RemoteWebDriver.java:545)
	at org.openqa.selenium.remote.RemoteWebDriver.findElement(RemoteWebDriver.java:319)
	at org.openqa.selenium.remote.RemoteWebDriver.findElementByXPath(RemoteWebDriver.java:421)
	at org.openqa.selenium.By$ByXPath.findElement(By.java:361)
	at org.openqa.selenium.remote.RemoteWebDriver.findElement(RemoteWebDriver.java:311)
	at testScripts.CommonFunctions$2.apply(CommonFunctions.java:696)
	at testScripts.CommonFunctions$2.apply(CommonFunctions.java:1)
	at org.openqa.selenium.support.ui.FluentWait.until(FluentWait.java:248)
	at testScripts.CommonFunctions.fluentWait(CommonFunctions.java:694)
	at testScripts.CommonFunctions.clickXpath(CommonFunctions.java:409)
	at testScripts.Outboundscenarios.outboundCREATEREQUEST1(Outboundscenarios.java:75)
	at sun.reflect.NativeMethodAccessorImpl.invoke0(Native Method)
	at sun.reflect.NativeMethodAccessorImpl.invoke(NativeMethodAccessorImpl.java:62)
	at sun.reflect.DelegatingMethodAccessorImpl.invoke(DelegatingMethodAccessorImpl.java:43)
	at java.lang.reflect.Method.invoke(Method.java:498)
	at org.testng.internal.MethodInvocationHelper.invokeMethod(MethodInvocationHelper.java:86)
	at org.testng.internal.Invoker.invokeMethod(Invoker.java:645)
	at org.testng.internal.Invoker.invokeTestMethod(Invoker.java:822)
	at org.testng.internal.Invoker.invokeTestMethods(Invoker.java:1130)
	at org.testng.internal.TestMethodWorker.invokeTestMethods(TestMethodWorker.java:129)
	at org.testng.internal.TestMethodWorker.run(TestMethodWorker.java:112)
	at org.testng.TestRunner.privateRun(TestRunner.java:782)
	at org.testng.TestRunner.run(TestRunner.java:632)
	at org.testng.SuiteRunner.runTest(SuiteRunner.java:366)
	at org.testng.SuiteRunner.runSequentially(SuiteRunner.java:361)
	at org.testng.SuiteRunner.privateRun(SuiteRunner.java:319)
	at org.testng.SuiteRunner.run(SuiteRunner.java:268)
	at org.testng.SuiteRunnerWorker.runSuite(SuiteRunnerWorker.java:52)
	at org.testng.SuiteRunnerWorker.run(SuiteRunnerWorker.java:86)
	at org.testng.TestNG.runSuitesSequentially(TestNG.java:1244)
	at org.testng.TestNG.runSuitesLocally(TestNG.java:1169)
	at org.testng.TestNG.run(TestNG.java:1064)
	at testScripts.VisibilityMain.main(VisibilityMain.java:24)
</pre></div></td>
<td>8</td>
<td>testScripts.Outboundscenarios@3a03464</td></tr>
</table><p>
<table width='100%' border='1' class='invocation-passed'>
<tr><td colspan='4' align='center'><b>PASSED TESTS</b></td></tr>
<tr><td><b>Test method</b></td>
<td width="30%"><b>Exception</b></td>
<td width="10%"><b>Time (seconds)</b></td>
<td><b>Instance</b></td>
</tr>
<tr>
<td title='testScripts.Cancellation_Inbound.INB_Cancellation_DockinScreen()'><b>INB_Cancellation_DockinScreen</b><br>Test class: testScripts.Cancellation_Inbound</td>
<td></td>
<td>491</td>
<td>testScripts.Cancellation_Inbound@366e2eef</td></tr>
<tr>
<td title='testScripts.Cancellation_Outbound.OUT_Cancellation_DuringPartialpicking()'><b>OUT_Cancellation_DuringPartialpicking</b><br>Test class: testScripts.Cancellation_Outbound</td>
<td></td>
<td>503</td>
<td>testScripts.Cancellation_Outbound@6df97b55</td></tr>
<tr>
<td title='testScripts.Cancellation_Outbound.OUT_Cancellation_Orderisin_PickerDashboardScreen()'><b>OUT_Cancellation_Orderisin_PickerDashboardScreen</b><br>Test class: testScripts.Cancellation_Outbound</td>
<td></td>
<td>393</td>
<td>testScripts.Cancellation_Outbound@6df97b55</td></tr>
<tr>
<td title='testScripts.Cancellation_Outbound.OUT_Cancellation_pickgenerationScreen()'><b>OUT_Cancellation_pickgenerationScreen</b><br>Test class: testScripts.Cancellation_Outbound</td>
<td></td>
<td>384</td>
<td>testScripts.Cancellation_Outbound@6df97b55</td></tr>
<tr>
<td title='testScripts.ExcessQtyBinning.assignPOD()'><b>assignPOD</b><br>Test class: testScripts.ExcessQtyBinning</td>
<td></td>
<td>45</td>
<td>testScripts.ExcessQtyBinning@2ef9b8bc</td></tr>
<tr>
<td title='testScripts.ShortQtyBinning.assignPOD()'><b>assignPOD</b><br>Test class: testScripts.ShortQtyBinning</td>
<td></td>
<td>46</td>
<td>testScripts.ShortQtyBinning@6fb554cc</td></tr>
<tr>
<td title='testScripts.ScanToBox.assignPOD()'><b>assignPOD</b><br>Test class: testScripts.ScanToBox</td>
<td></td>
<td>46</td>
<td>testScripts.ScanToBox@3567135c</td></tr>
<tr>
<td title='testScripts.Inbound_OrderForm.assignPOD()'><b>assignPOD</b><br>Test class: testScripts.Inbound_OrderForm</td>
<td></td>
<td>46</td>
<td>testScripts.Inbound_OrderForm@1936f0f5</td></tr>
<tr>
<td title='testScripts.SmokeFIFO.batchPicktype()'><b>batchPicktype</b><br>Test class: testScripts.SmokeFIFO</td>
<td></td>
<td>856</td>
<td>testScripts.SmokeFIFO@5315b42e</td></tr>
<tr>
<td title='testScripts.ExcessQtyBinning.binnerAssignment()'><b>binnerAssignment</b><br>Test class: testScripts.ExcessQtyBinning</td>
<td></td>
<td>49</td>
<td>testScripts.ExcessQtyBinning@2ef9b8bc</td></tr>
<tr>
<td title='testScripts.ShortQtyBinning.binnerAssignment()'><b>binnerAssignment</b><br>Test class: testScripts.ShortQtyBinning</td>
<td></td>
<td>49</td>
<td>testScripts.ShortQtyBinning@6fb554cc</td></tr>
<tr>
<td title='testScripts.ScanToBox.binnerAssignment()'><b>binnerAssignment</b><br>Test class: testScripts.ScanToBox</td>
<td></td>
<td>49</td>
<td>testScripts.ScanToBox@3567135c</td></tr>
<tr>
<td title='testScripts.Inbound_OrderForm.binnerAssignment()'><b>binnerAssignment</b><br>Test class: testScripts.Inbound_OrderForm</td>
<td></td>
<td>199</td>
<td>testScripts.Inbound_OrderForm@1936f0f5</td></tr>
<tr>
<td title='testScripts.ShortQtyBinning.binning()'><b>binning</b><br>Test class: testScripts.ShortQtyBinning</td>
<td></td>
<td>346</td>
<td>testScripts.ShortQtyBinning@6fb554cc</td></tr>
<tr>
<td title='testScripts.Inbound_OrderForm.binning()'><b>binning</b><br>Test class: testScripts.Inbound_OrderForm</td>
<td></td>
<td>1033</td>
<td>testScripts.Inbound_OrderForm@1936f0f5</td></tr>
<tr>
<td title='testScripts.ExcessQtyBinning.captureParentDetails()'><b>captureParentDetails</b><br>Test class: testScripts.ExcessQtyBinning</td>
<td></td>
<td>66</td>
<td>testScripts.ExcessQtyBinning@2ef9b8bc</td></tr>
<tr>
<td title='testScripts.ShortQtyBinning.captureParentDetails()'><b>captureParentDetails</b><br>Test class: testScripts.ShortQtyBinning</td>
<td></td>
<td>67</td>
<td>testScripts.ShortQtyBinning@6fb554cc</td></tr>
<tr>
<td title='testScripts.ScanToBox.captureParentDetails()'><b>captureParentDetails</b><br>Test class: testScripts.ScanToBox</td>
<td></td>
<td>67</td>
<td>testScripts.ScanToBox@3567135c</td></tr>
<tr>
<td title='testScripts.Inbound_OrderForm.captureParentDetails()'><b>captureParentDetails</b><br>Test class: testScripts.Inbound_OrderForm</td>
<td></td>
<td>32</td>
<td>testScripts.Inbound_OrderForm@1936f0f5</td></tr>
<tr>
<td title='testScripts.SmokeFIFO.cuslpnPicktype()'><b>cuslpnPicktype</b><br>Test class: testScripts.SmokeFIFO</td>
<td></td>
<td>759</td>
<td>testScripts.SmokeFIFO@5315b42e</td></tr>
<tr>
<td title='testScripts.SmokeFIFO.fefoPicktype()'><b>fefoPicktype</b><br>Test class: testScripts.SmokeFIFO</td>
<td></td>
<td>842</td>
<td>testScripts.SmokeFIFO@5315b42e</td></tr>
<tr>
<td title='testScripts.SmokeFIFO.fifoPicktype()'><b>fifoPicktype</b><br>Test class: testScripts.SmokeFIFO</td>
<td></td>
<td>843</td>
<td>testScripts.SmokeFIFO@5315b42e</td></tr>
<tr>
<td title='testScripts.SmokeFIFO.fifosugPicktype()'><b>fifosugPicktype</b><br>Test class: testScripts.SmokeFIFO</td>
<td></td>
<td>842</td>
<td>testScripts.SmokeFIFO@5315b42e</td></tr>
<tr>
<td title='testScripts.ExcessQtyBinning.finishUpload()'><b>finishUpload</b><br>Test class: testScripts.ExcessQtyBinning</td>
<td></td>
<td>5</td>
<td>testScripts.ExcessQtyBinning@2ef9b8bc</td></tr>
<tr>
<td title='testScripts.ShortQtyBinning.finishUpload()'><b>finishUpload</b><br>Test class: testScripts.ShortQtyBinning</td>
<td></td>
<td>5</td>
<td>testScripts.ShortQtyBinning@6fb554cc</td></tr>
<tr>
<td title='testScripts.ScanToBox.finishUpload()'><b>finishUpload</b><br>Test class: testScripts.ScanToBox</td>
<td></td>
<td>7</td>
<td>testScripts.ScanToBox@3567135c</td></tr>
<tr>
<td title='testScripts.SmokeFIFO.fmfoPicktype()'><b>fmfoPicktype</b><br>Test class: testScripts.SmokeFIFO</td>
<td></td>
<td>842</td>
<td>testScripts.SmokeFIFO@5315b42e</td></tr>
<tr>
<td title='testScripts.Inbound_OrderForm.inbOrderform()'><b>inbOrderform</b><br>Test class: testScripts.Inbound_OrderForm</td>
<td></td>
<td>1033</td>
<td>testScripts.Inbound_OrderForm@1936f0f5</td></tr>
<tr>
<td title='testScripts.ShortQtyBinning.pickerassign()'><b>pickerassign</b><br>Test class: testScripts.ShortQtyBinning</td>
<td></td>
<td>33</td>
<td>testScripts.ShortQtyBinning@6fb554cc</td></tr>
<tr>
<td title='testScripts.Outboundscenarios.pickerassign()'><b>pickerassign</b><br>Test class: testScripts.Outboundscenarios</td>
<td></td>
<td>33</td>
<td>testScripts.Outboundscenarios@3a03464</td></tr>
<tr>
<td title='testScripts.ShortQtyBinning.pickgeneration()'><b>pickgeneration</b><br>Test class: testScripts.ShortQtyBinning</td>
<td></td>
<td>60</td>
<td>testScripts.ShortQtyBinning@6fb554cc</td></tr>
<tr>
<td title='testScripts.Outboundscenarios.pickgeneration()'><b>pickgeneration</b><br>Test class: testScripts.Outboundscenarios</td>
<td></td>
<td>62</td>
<td>testScripts.Outboundscenarios@3a03464</td></tr>
<tr>
<td title='testScripts.ShortQtyBinning.pickingScreen()'><b>pickingScreen</b><br>Test class: testScripts.ShortQtyBinning</td>
<td></td>
<td>62</td>
<td>testScripts.ShortQtyBinning@6fb554cc</td></tr>
<tr>
<td title='testScripts.Outboundscenarios.pickingScreen()'><b>pickingScreen</b><br>Test class: testScripts.Outboundscenarios</td>
<td></td>
<td>62</td>
<td>testScripts.Outboundscenarios@3a03464</td></tr>
<tr>
<td title='testScripts.ExcessQtyBinning.podGeneration()'><b>podGeneration</b><br>Test class: testScripts.ExcessQtyBinning</td>
<td></td>
<td>60</td>
<td>testScripts.ExcessQtyBinning@2ef9b8bc</td></tr>
<tr>
<td title='testScripts.ShortQtyBinning.podGeneration()'><b>podGeneration</b><br>Test class: testScripts.ShortQtyBinning</td>
<td></td>
<td>54</td>
<td>testScripts.ShortQtyBinning@6fb554cc</td></tr>
<tr>
<td title='testScripts.ScanToBox.podGeneration1()'><b>podGeneration1</b><br>Test class: testScripts.ScanToBox</td>
<td></td>
<td>39</td>
<td>testScripts.ScanToBox@3567135c</td></tr>
<tr>
<td title='testScripts.Inbound_OrderForm.podGeneration1()'><b>podGeneration1</b><br>Test class: testScripts.Inbound_OrderForm</td>
<td></td>
<td>39</td>
<td>testScripts.Inbound_OrderForm@1936f0f5</td></tr>
<tr>
<td title='testScripts.ScanToBox.printScanToBoxlabel()'><b>printScanToBoxlabel</b><br>Test class: testScripts.ScanToBox</td>
<td></td>
<td>29</td>
<td>testScripts.ScanToBox@3567135c</td></tr>
<tr>
<td title='testScripts.SmokeFIFO.serialNumberpicktype()'><b>serialNumberpicktype</b><br>Test class: testScripts.SmokeFIFO</td>
<td></td>
<td>842</td>
<td>testScripts.SmokeFIFO@5315b42e</td></tr>
<tr>
<td title='testScripts.ExcessQtyBinning.vehicleCreatioN()'><b>vehicleCreatioN</b><br>Test class: testScripts.ExcessQtyBinning</td>
<td></td>
<td>0</td>
<td>testScripts.ExcessQtyBinning@2ef9b8bc</td></tr>
<tr>
<td title='testScripts.ShortQtyBinning.vehicleCreatioN()'><b>vehicleCreatioN</b><br>Test class: testScripts.ShortQtyBinning</td>
<td></td>
<td>0</td>
<td>testScripts.ShortQtyBinning@6fb554cc</td></tr>
<tr>
<td title='testScripts.ScanToBox.vehicleCreatioN()'><b>vehicleCreatioN</b><br>Test class: testScripts.ScanToBox</td>
<td></td>
<td>0</td>
<td>testScripts.ScanToBox@3567135c</td></tr>
<tr>
<td title='testScripts.Inbound_OrderForm.vehicleCreatioN()'><b>vehicleCreatioN</b><br>Test class: testScripts.Inbound_OrderForm</td>
<td></td>
<td>0</td>
<td>testScripts.Inbound_OrderForm@1936f0f5</td></tr>
</table><p>
<table width='100%' border='1' class='invocation-skipped'>
<tr><td colspan='4' align='center'><b>SKIPPED TESTS</b></td></tr>
<tr><td><b>Test method</b></td>
<td width="30%"><b>Exception</b></td>
<td width="10%"><b>Time (seconds)</b></td>
<td><b>Instance</b></td>
</tr>
<tr>
<td title='testScripts.Outboundscenarios.AlternativeBin_Picking()'><b>AlternativeBin_Picking</b><br>Test class: testScripts.Outboundscenarios</td>
<td><div><pre>java.lang.Throwable: Method Outboundscenarios.AlternativeBin_Picking()[pri:0, instance:testScripts.Outboundscenarios@3a03464] depends on not successfully finished methods
	at testScripts.VisibilityMain.main(VisibilityMain.java:24)
... Removed 14 stack frames</pre></div><a href='#' onClick='toggleBox("stack-trace777748410", this, "Click to show all stack frames", "Click to hide stack frames")'>Click to show all stack frames</a>
<div class='stack-trace' id='stack-trace777748410'><pre>java.lang.Throwable: Method Outboundscenarios.AlternativeBin_Picking()[pri:0, instance:testScripts.Outboundscenarios@3a03464] depends on not successfully finished methods
	at org.testng.internal.Invoker.invokeTestMethods(Invoker.java:1039)
	at org.testng.internal.TestMethodWorker.invokeTestMethods(TestMethodWorker.java:129)
	at org.testng.internal.TestMethodWorker.run(TestMethodWorker.java:112)
	at org.testng.TestRunner.privateRun(TestRunner.java:782)
	at org.testng.TestRunner.run(TestRunner.java:632)
	at org.testng.SuiteRunner.runTest(SuiteRunner.java:366)
	at org.testng.SuiteRunner.runSequentially(SuiteRunner.java:361)
	at org.testng.SuiteRunner.privateRun(SuiteRunner.java:319)
	at org.testng.SuiteRunner.run(SuiteRunner.java:268)
	at org.testng.SuiteRunnerWorker.runSuite(SuiteRunnerWorker.java:52)
	at org.testng.SuiteRunnerWorker.run(SuiteRunnerWorker.java:86)
	at org.testng.TestNG.runSuitesSequentially(TestNG.java:1244)
	at org.testng.TestNG.runSuitesLocally(TestNG.java:1169)
	at org.testng.TestNG.run(TestNG.java:1064)
	at testScripts.VisibilityMain.main(VisibilityMain.java:24)
</pre></div></td>
<td>0</td>
<td>null</td></tr>
<tr>
<td title='testScripts.Cancellation_Inbound.INB_Cancellation_DuringBinning()'><b>INB_Cancellation_DuringBinning</b><br>Test class: testScripts.Cancellation_Inbound</td>
<td><div><pre>java.lang.Throwable: Method Cancellation_Inbound.INB_Cancellation_DuringBinning()[pri:0, instance:testScripts.Cancellation_Inbound@366e2eef] depends on not successfully finished methods
	at testScripts.VisibilityMain.main(VisibilityMain.java:24)
... Removed 14 stack frames</pre></div><a href='#' onClick='toggleBox("stack-trace613017674", this, "Click to show all stack frames", "Click to hide stack frames")'>Click to show all stack frames</a>
<div class='stack-trace' id='stack-trace613017674'><pre>java.lang.Throwable: Method Cancellation_Inbound.INB_Cancellation_DuringBinning()[pri:0, instance:testScripts.Cancellation_Inbound@366e2eef] depends on not successfully finished methods
	at org.testng.internal.Invoker.invokeTestMethods(Invoker.java:1039)
	at org.testng.internal.TestMethodWorker.invokeTestMethods(TestMethodWorker.java:129)
	at org.testng.internal.TestMethodWorker.run(TestMethodWorker.java:112)
	at org.testng.TestRunner.privateRun(TestRunner.java:782)
	at org.testng.TestRunner.run(TestRunner.java:632)
	at org.testng.SuiteRunner.runTest(SuiteRunner.java:366)
	at org.testng.SuiteRunner.runSequentially(SuiteRunner.java:361)
	at org.testng.SuiteRunner.privateRun(SuiteRunner.java:319)
	at org.testng.SuiteRunner.run(SuiteRunner.java:268)
	at org.testng.SuiteRunnerWorker.runSuite(SuiteRunnerWorker.java:52)
	at org.testng.SuiteRunnerWorker.run(SuiteRunnerWorker.java:86)
	at org.testng.TestNG.runSuitesSequentially(TestNG.java:1244)
	at org.testng.TestNG.runSuitesLocally(TestNG.java:1169)
	at org.testng.TestNG.run(TestNG.java:1064)
	at testScripts.VisibilityMain.main(VisibilityMain.java:24)
</pre></div></td>
<td>0</td>
<td>null</td></tr>
<tr>
<td title='testScripts.Cancellation_Outbound.OUT_Cancellation_DuringPartialDispatch()'><b>OUT_Cancellation_DuringPartialDispatch</b><br>Test class: testScripts.Cancellation_Outbound</td>
<td><div><pre>java.lang.Throwable: Method Cancellation_Outbound.OUT_Cancellation_DuringPartialDispatch()[pri:0, instance:testScripts.Cancellation_Outbound@6df97b55] depends on not successfully finished methods
	at testScripts.VisibilityMain.main(VisibilityMain.java:24)
... Removed 14 stack frames</pre></div><a href='#' onClick='toggleBox("stack-trace227080339", this, "Click to show all stack frames", "Click to hide stack frames")'>Click to show all stack frames</a>
<div class='stack-trace' id='stack-trace227080339'><pre>java.lang.Throwable: Method Cancellation_Outbound.OUT_Cancellation_DuringPartialDispatch()[pri:0, instance:testScripts.Cancellation_Outbound@6df97b55] depends on not successfully finished methods
	at org.testng.internal.Invoker.invokeTestMethods(Invoker.java:1039)
	at org.testng.internal.TestMethodWorker.invokeTestMethods(TestMethodWorker.java:129)
	at org.testng.internal.TestMethodWorker.run(TestMethodWorker.java:112)
	at org.testng.TestRunner.privateRun(TestRunner.java:782)
	at org.testng.TestRunner.run(TestRunner.java:632)
	at org.testng.SuiteRunner.runTest(SuiteRunner.java:366)
	at org.testng.SuiteRunner.runSequentially(SuiteRunner.java:361)
	at org.testng.SuiteRunner.privateRun(SuiteRunner.java:319)
	at org.testng.SuiteRunner.run(SuiteRunner.java:268)
	at org.testng.SuiteRunnerWorker.runSuite(SuiteRunnerWorker.java:52)
	at org.testng.SuiteRunnerWorker.run(SuiteRunnerWorker.java:86)
	at org.testng.TestNG.runSuitesSequentially(TestNG.java:1244)
	at org.testng.TestNG.runSuitesLocally(TestNG.java:1169)
	at org.testng.TestNG.run(TestNG.java:1064)
	at testScripts.VisibilityMain.main(VisibilityMain.java:24)
</pre></div></td>
<td>0</td>
<td>null</td></tr>
<tr>
<td title='testScripts.Cancellation_Outbound.OUT_Cancellation_DuringPartialconsolidation()'><b>OUT_Cancellation_DuringPartialconsolidation</b><br>Test class: testScripts.Cancellation_Outbound</td>
<td><div><pre>java.lang.Throwable: Method Cancellation_Outbound.OUT_Cancellation_DuringPartialconsolidation()[pri:0, instance:testScripts.Cancellation_Outbound@6df97b55] depends on not successfully finished methods
	at testScripts.VisibilityMain.main(VisibilityMain.java:24)
... Removed 14 stack frames</pre></div><a href='#' onClick='toggleBox("stack-trace1108730163", this, "Click to show all stack frames", "Click to hide stack frames")'>Click to show all stack frames</a>
<div class='stack-trace' id='stack-trace1108730163'><pre>java.lang.Throwable: Method Cancellation_Outbound.OUT_Cancellation_DuringPartialconsolidation()[pri:0, instance:testScripts.Cancellation_Outbound@6df97b55] depends on not successfully finished methods
	at org.testng.internal.Invoker.invokeTestMethods(Invoker.java:1039)
	at org.testng.internal.TestMethodWorker.invokeTestMethods(TestMethodWorker.java:129)
	at org.testng.internal.TestMethodWorker.run(TestMethodWorker.java:112)
	at org.testng.TestRunner.privateRun(TestRunner.java:782)
	at org.testng.TestRunner.run(TestRunner.java:632)
	at org.testng.SuiteRunner.runTest(SuiteRunner.java:366)
	at org.testng.SuiteRunner.runSequentially(SuiteRunner.java:361)
	at org.testng.SuiteRunner.privateRun(SuiteRunner.java:319)
	at org.testng.SuiteRunner.run(SuiteRunner.java:268)
	at org.testng.SuiteRunnerWorker.runSuite(SuiteRunnerWorker.java:52)
	at org.testng.SuiteRunnerWorker.run(SuiteRunnerWorker.java:86)
	at org.testng.TestNG.runSuitesSequentially(TestNG.java:1244)
	at org.testng.TestNG.runSuitesLocally(TestNG.java:1169)
	at org.testng.TestNG.run(TestNG.java:1064)
	at testScripts.VisibilityMain.main(VisibilityMain.java:24)
</pre></div></td>
<td>0</td>
<td>null</td></tr>
<tr>
<td title='testScripts.Cancellation_Outbound.OUT_Cancellation_atOrderisinDispatchDashboard()'><b>OUT_Cancellation_atOrderisinDispatchDashboard</b><br>Test class: testScripts.Cancellation_Outbound</td>
<td><div><pre>java.lang.Throwable: Method Cancellation_Outbound.OUT_Cancellation_atOrderisinDispatchDashboard()[pri:0, instance:testScripts.Cancellation_Outbound@6df97b55] depends on not successfully finished methods
	at testScripts.VisibilityMain.main(VisibilityMain.java:24)
... Removed 14 stack frames</pre></div><a href='#' onClick='toggleBox("stack-trace1556841942", this, "Click to show all stack frames", "Click to hide stack frames")'>Click to show all stack frames</a>
<div class='stack-trace' id='stack-trace1556841942'><pre>java.lang.Throwable: Method Cancellation_Outbound.OUT_Cancellation_atOrderisinDispatchDashboard()[pri:0, instance:testScripts.Cancellation_Outbound@6df97b55] depends on not successfully finished methods
	at org.testng.internal.Invoker.invokeTestMethods(Invoker.java:1039)
	at org.testng.internal.TestMethodWorker.invokeTestMethods(TestMethodWorker.java:129)
	at org.testng.internal.TestMethodWorker.run(TestMethodWorker.java:112)
	at org.testng.TestRunner.privateRun(TestRunner.java:782)
	at org.testng.TestRunner.run(TestRunner.java:632)
	at org.testng.SuiteRunner.runTest(SuiteRunner.java:366)
	at org.testng.SuiteRunner.runSequentially(SuiteRunner.java:361)
	at org.testng.SuiteRunner.privateRun(SuiteRunner.java:319)
	at org.testng.SuiteRunner.run(SuiteRunner.java:268)
	at org.testng.SuiteRunnerWorker.runSuite(SuiteRunnerWorker.java:52)
	at org.testng.SuiteRunnerWorker.run(SuiteRunnerWorker.java:86)
	at org.testng.TestNG.runSuitesSequentially(TestNG.java:1244)
	at org.testng.TestNG.runSuitesLocally(TestNG.java:1169)
	at org.testng.TestNG.run(TestNG.java:1064)
	at testScripts.VisibilityMain.main(VisibilityMain.java:24)
</pre></div></td>
<td>0</td>
<td>null</td></tr>
<tr>
<td title='testScripts.Outboundscenarios.Random_pick()'><b>Random_pick</b><br>Test class: testScripts.Outboundscenarios</td>
<td><div><pre>java.lang.Throwable: Method Outboundscenarios.Random_pick()[pri:0, instance:testScripts.Outboundscenarios@3a03464] depends on not successfully finished methods
	at testScripts.VisibilityMain.main(VisibilityMain.java:24)
... Removed 14 stack frames</pre></div><a href='#' onClick='toggleBox("stack-trace662000775", this, "Click to show all stack frames", "Click to hide stack frames")'>Click to show all stack frames</a>
<div class='stack-trace' id='stack-trace662000775'><pre>java.lang.Throwable: Method Outboundscenarios.Random_pick()[pri:0, instance:testScripts.Outboundscenarios@3a03464] depends on not successfully finished methods
	at org.testng.internal.Invoker.invokeTestMethods(Invoker.java:1039)
	at org.testng.internal.TestMethodWorker.invokeTestMethods(TestMethodWorker.java:129)
	at org.testng.internal.TestMethodWorker.run(TestMethodWorker.java:112)
	at org.testng.TestRunner.privateRun(TestRunner.java:782)
	at org.testng.TestRunner.run(TestRunner.java:632)
	at org.testng.SuiteRunner.runTest(SuiteRunner.java:366)
	at org.testng.SuiteRunner.runSequentially(SuiteRunner.java:361)
	at org.testng.SuiteRunner.privateRun(SuiteRunner.java:319)
	at org.testng.SuiteRunner.run(SuiteRunner.java:268)
	at org.testng.SuiteRunnerWorker.runSuite(SuiteRunnerWorker.java:52)
	at org.testng.SuiteRunnerWorker.run(SuiteRunnerWorker.java:86)
	at org.testng.TestNG.runSuitesSequentially(TestNG.java:1244)
	at org.testng.TestNG.runSuitesLocally(TestNG.java:1169)
	at org.testng.TestNG.run(TestNG.java:1064)
	at testScripts.VisibilityMain.main(VisibilityMain.java:24)
</pre></div></td>
<td>0</td>
<td>null</td></tr>
<tr>
<td title='testScripts.ExcessQtyBinning.consolidation()'><b>consolidation</b><br>Test class: testScripts.ExcessQtyBinning</td>
<td><div><pre>java.lang.Throwable: Method ExcessQtyBinning.consolidation()[pri:0, instance:testScripts.ExcessQtyBinning@2ef9b8bc] depends on not successfully finished methods
	at testScripts.VisibilityMain.main(VisibilityMain.java:24)
... Removed 14 stack frames</pre></div><a href='#' onClick='toggleBox("stack-trace1013528106", this, "Click to show all stack frames", "Click to hide stack frames")'>Click to show all stack frames</a>
<div class='stack-trace' id='stack-trace1013528106'><pre>java.lang.Throwable: Method ExcessQtyBinning.consolidation()[pri:0, instance:testScripts.ExcessQtyBinning@2ef9b8bc] depends on not successfully finished methods
	at org.testng.internal.Invoker.invokeTestMethods(Invoker.java:1039)
	at org.testng.internal.TestMethodWorker.invokeTestMethods(TestMethodWorker.java:129)
	at org.testng.internal.TestMethodWorker.run(TestMethodWorker.java:112)
	at org.testng.TestRunner.privateRun(TestRunner.java:782)
	at org.testng.TestRunner.run(TestRunner.java:632)
	at org.testng.SuiteRunner.runTest(SuiteRunner.java:366)
	at org.testng.SuiteRunner.runSequentially(SuiteRunner.java:361)
	at org.testng.SuiteRunner.privateRun(SuiteRunner.java:319)
	at org.testng.SuiteRunner.run(SuiteRunner.java:268)
	at org.testng.SuiteRunnerWorker.runSuite(SuiteRunnerWorker.java:52)
	at org.testng.SuiteRunnerWorker.run(SuiteRunnerWorker.java:86)
	at org.testng.TestNG.runSuitesSequentially(TestNG.java:1244)
	at org.testng.TestNG.runSuitesLocally(TestNG.java:1169)
	at org.testng.TestNG.run(TestNG.java:1064)
	at testScripts.VisibilityMain.main(VisibilityMain.java:24)
</pre></div></td>
<td>0</td>
<td>null</td></tr>
<tr>
<td title='testScripts.ScanToBox.consolidation()'><b>consolidation</b><br>Test class: testScripts.ScanToBox</td>
<td><div><pre>java.lang.Throwable: Method ScanToBox.consolidation()[pri:0, instance:testScripts.ScanToBox@3567135c] depends on not successfully finished methods
	at testScripts.VisibilityMain.main(VisibilityMain.java:24)
... Removed 14 stack frames</pre></div><a href='#' onClick='toggleBox("stack-trace427939937", this, "Click to show all stack frames", "Click to hide stack frames")'>Click to show all stack frames</a>
<div class='stack-trace' id='stack-trace427939937'><pre>java.lang.Throwable: Method ScanToBox.consolidation()[pri:0, instance:testScripts.ScanToBox@3567135c] depends on not successfully finished methods
	at org.testng.internal.Invoker.invokeTestMethods(Invoker.java:1039)
	at org.testng.internal.TestMethodWorker.invokeTestMethods(TestMethodWorker.java:129)
	at org.testng.internal.TestMethodWorker.run(TestMethodWorker.java:112)
	at org.testng.TestRunner.privateRun(TestRunner.java:782)
	at org.testng.TestRunner.run(TestRunner.java:632)
	at org.testng.SuiteRunner.runTest(SuiteRunner.java:366)
	at org.testng.SuiteRunner.runSequentially(SuiteRunner.java:361)
	at org.testng.SuiteRunner.privateRun(SuiteRunner.java:319)
	at org.testng.SuiteRunner.run(SuiteRunner.java:268)
	at org.testng.SuiteRunnerWorker.runSuite(SuiteRunnerWorker.java:52)
	at org.testng.SuiteRunnerWorker.run(SuiteRunnerWorker.java:86)
	at org.testng.TestNG.runSuitesSequentially(TestNG.java:1244)
	at org.testng.TestNG.runSuitesLocally(TestNG.java:1169)
	at org.testng.TestNG.run(TestNG.java:1064)
	at testScripts.VisibilityMain.main(VisibilityMain.java:24)
</pre></div></td>
<td>0</td>
<td>null</td></tr>
<tr>
<td title='testScripts.ExcessQtyBinning.dispatch()'><b>dispatch</b><br>Test class: testScripts.ExcessQtyBinning</td>
<td><div><pre>java.lang.Throwable: Method ExcessQtyBinning.dispatch()[pri:0, instance:testScripts.ExcessQtyBinning@2ef9b8bc] depends on not successfully finished methods
	at testScripts.VisibilityMain.main(VisibilityMain.java:24)
... Removed 14 stack frames</pre></div><a href='#' onClick='toggleBox("stack-trace605201451", this, "Click to show all stack frames", "Click to hide stack frames")'>Click to show all stack frames</a>
<div class='stack-trace' id='stack-trace605201451'><pre>java.lang.Throwable: Method ExcessQtyBinning.dispatch()[pri:0, instance:testScripts.ExcessQtyBinning@2ef9b8bc] depends on not successfully finished methods
	at org.testng.internal.Invoker.invokeTestMethods(Invoker.java:1039)
	at org.testng.internal.TestMethodWorker.invokeTestMethods(TestMethodWorker.java:129)
	at org.testng.internal.TestMethodWorker.run(TestMethodWorker.java:112)
	at org.testng.TestRunner.privateRun(TestRunner.java:782)
	at org.testng.TestRunner.run(TestRunner.java:632)
	at org.testng.SuiteRunner.runTest(SuiteRunner.java:366)
	at org.testng.SuiteRunner.runSequentially(SuiteRunner.java:361)
	at org.testng.SuiteRunner.privateRun(SuiteRunner.java:319)
	at org.testng.SuiteRunner.run(SuiteRunner.java:268)
	at org.testng.SuiteRunnerWorker.runSuite(SuiteRunnerWorker.java:52)
	at org.testng.SuiteRunnerWorker.run(SuiteRunnerWorker.java:86)
	at org.testng.TestNG.runSuitesSequentially(TestNG.java:1244)
	at org.testng.TestNG.runSuitesLocally(TestNG.java:1169)
	at org.testng.TestNG.run(TestNG.java:1064)
	at testScripts.VisibilityMain.main(VisibilityMain.java:24)
</pre></div></td>
<td>0</td>
<td>null</td></tr>
<tr>
<td title='testScripts.ShortQtyBinning.dispatch()'><b>dispatch</b><br>Test class: testScripts.ShortQtyBinning</td>
<td><div><pre>java.lang.Throwable: Method ShortQtyBinning.dispatch()[pri:0, instance:testScripts.ShortQtyBinning@6fb554cc] depends on not successfully finished methods
	at testScripts.VisibilityMain.main(VisibilityMain.java:24)
... Removed 14 stack frames</pre></div><a href='#' onClick='toggleBox("stack-trace863286716", this, "Click to show all stack frames", "Click to hide stack frames")'>Click to show all stack frames</a>
<div class='stack-trace' id='stack-trace863286716'><pre>java.lang.Throwable: Method ShortQtyBinning.dispatch()[pri:0, instance:testScripts.ShortQtyBinning@6fb554cc] depends on not successfully finished methods
	at org.testng.internal.Invoker.invokeTestMethods(Invoker.java:1039)
	at org.testng.internal.TestMethodWorker.invokeTestMethods(TestMethodWorker.java:129)
	at org.testng.internal.TestMethodWorker.run(TestMethodWorker.java:112)
	at org.testng.TestRunner.privateRun(TestRunner.java:782)
	at org.testng.TestRunner.run(TestRunner.java:632)
	at org.testng.SuiteRunner.runTest(SuiteRunner.java:366)
	at org.testng.SuiteRunner.runSequentially(SuiteRunner.java:361)
	at org.testng.SuiteRunner.privateRun(SuiteRunner.java:319)
	at org.testng.SuiteRunner.run(SuiteRunner.java:268)
	at org.testng.SuiteRunnerWorker.runSuite(SuiteRunnerWorker.java:52)
	at org.testng.SuiteRunnerWorker.run(SuiteRunnerWorker.java:86)
	at org.testng.TestNG.runSuitesSequentially(TestNG.java:1244)
	at org.testng.TestNG.runSuitesLocally(TestNG.java:1169)
	at org.testng.TestNG.run(TestNG.java:1064)
	at testScripts.VisibilityMain.main(VisibilityMain.java:24)
</pre></div></td>
<td>0</td>
<td>null</td></tr>
<tr>
<td title='testScripts.ScanToBox.dispatch()'><b>dispatch</b><br>Test class: testScripts.ScanToBox</td>
<td><div><pre>java.lang.Throwable: Method ScanToBox.dispatch()[pri:0, instance:testScripts.ScanToBox@3567135c] depends on not successfully finished methods
	at testScripts.VisibilityMain.main(VisibilityMain.java:24)
... Removed 14 stack frames</pre></div><a href='#' onClick='toggleBox("stack-trace294649085", this, "Click to show all stack frames", "Click to hide stack frames")'>Click to show all stack frames</a>
<div class='stack-trace' id='stack-trace294649085'><pre>java.lang.Throwable: Method ScanToBox.dispatch()[pri:0, instance:testScripts.ScanToBox@3567135c] depends on not successfully finished methods
	at org.testng.internal.Invoker.invokeTestMethods(Invoker.java:1039)
	at org.testng.internal.TestMethodWorker.invokeTestMethods(TestMethodWorker.java:129)
	at org.testng.internal.TestMethodWorker.run(TestMethodWorker.java:112)
	at org.testng.TestRunner.privateRun(TestRunner.java:782)
	at org.testng.TestRunner.run(TestRunner.java:632)
	at org.testng.SuiteRunner.runTest(SuiteRunner.java:366)
	at org.testng.SuiteRunner.runSequentially(SuiteRunner.java:361)
	at org.testng.SuiteRunner.privateRun(SuiteRunner.java:319)
	at org.testng.SuiteRunner.run(SuiteRunner.java:268)
	at org.testng.SuiteRunnerWorker.runSuite(SuiteRunnerWorker.java:52)
	at org.testng.SuiteRunnerWorker.run(SuiteRunnerWorker.java:86)
	at org.testng.TestNG.runSuitesSequentially(TestNG.java:1244)
	at org.testng.TestNG.runSuitesLocally(TestNG.java:1169)
	at org.testng.TestNG.run(TestNG.java:1064)
	at testScripts.VisibilityMain.main(VisibilityMain.java:24)
</pre></div></td>
<td>0</td>
<td>null</td></tr>
<tr>
<td title='testScripts.Outboundscenarios.dispatch()'><b>dispatch</b><br>Test class: testScripts.Outboundscenarios</td>
<td><div><pre>java.lang.Throwable: Method Outboundscenarios.dispatch()[pri:0, instance:testScripts.Outboundscenarios@3a03464] depends on not successfully finished methods
	at testScripts.VisibilityMain.main(VisibilityMain.java:24)
... Removed 14 stack frames</pre></div><a href='#' onClick='toggleBox("stack-trace426435961", this, "Click to show all stack frames", "Click to hide stack frames")'>Click to show all stack frames</a>
<div class='stack-trace' id='stack-trace426435961'><pre>java.lang.Throwable: Method Outboundscenarios.dispatch()[pri:0, instance:testScripts.Outboundscenarios@3a03464] depends on not successfully finished methods
	at org.testng.internal.Invoker.invokeTestMethods(Invoker.java:1039)
	at org.testng.internal.TestMethodWorker.invokeTestMethods(TestMethodWorker.java:129)
	at org.testng.internal.TestMethodWorker.run(TestMethodWorker.java:112)
	at org.testng.TestRunner.privateRun(TestRunner.java:782)
	at org.testng.TestRunner.run(TestRunner.java:632)
	at org.testng.SuiteRunner.runTest(SuiteRunner.java:366)
	at org.testng.SuiteRunner.runSequentially(SuiteRunner.java:361)
	at org.testng.SuiteRunner.privateRun(SuiteRunner.java:319)
	at org.testng.SuiteRunner.run(SuiteRunner.java:268)
	at org.testng.SuiteRunnerWorker.runSuite(SuiteRunnerWorker.java:52)
	at org.testng.SuiteRunnerWorker.run(SuiteRunnerWorker.java:86)
	at org.testng.TestNG.runSuitesSequentially(TestNG.java:1244)
	at org.testng.TestNG.runSuitesLocally(TestNG.java:1169)
	at org.testng.TestNG.run(TestNG.java:1064)
	at testScripts.VisibilityMain.main(VisibilityMain.java:24)
</pre></div></td>
<td>0</td>
<td>null</td></tr>
<tr>
<td title='testScripts.Outboundscenarios.dispatchOrderform()'><b>dispatchOrderform</b><br>Test class: testScripts.Outboundscenarios</td>
<td><div><pre>java.lang.Throwable: Method Outboundscenarios.dispatchOrderform()[pri:0, instance:testScripts.Outboundscenarios@3a03464] depends on not successfully finished methods
	at testScripts.VisibilityMain.main(VisibilityMain.java:24)
... Removed 14 stack frames</pre></div><a href='#' onClick='toggleBox("stack-trace2058661465", this, "Click to show all stack frames", "Click to hide stack frames")'>Click to show all stack frames</a>
<div class='stack-trace' id='stack-trace2058661465'><pre>java.lang.Throwable: Method Outboundscenarios.dispatchOrderform()[pri:0, instance:testScripts.Outboundscenarios@3a03464] depends on not successfully finished methods
	at org.testng.internal.Invoker.invokeTestMethods(Invoker.java:1039)
	at org.testng.internal.TestMethodWorker.invokeTestMethods(TestMethodWorker.java:129)
	at org.testng.internal.TestMethodWorker.run(TestMethodWorker.java:112)
	at org.testng.TestRunner.privateRun(TestRunner.java:782)
	at org.testng.TestRunner.run(TestRunner.java:632)
	at org.testng.SuiteRunner.runTest(SuiteRunner.java:366)
	at org.testng.SuiteRunner.runSequentially(SuiteRunner.java:361)
	at org.testng.SuiteRunner.privateRun(SuiteRunner.java:319)
	at org.testng.SuiteRunner.run(SuiteRunner.java:268)
	at org.testng.SuiteRunnerWorker.runSuite(SuiteRunnerWorker.java:52)
	at org.testng.SuiteRunnerWorker.run(SuiteRunnerWorker.java:86)
	at org.testng.TestNG.runSuitesSequentially(TestNG.java:1244)
	at org.testng.TestNG.runSuitesLocally(TestNG.java:1169)
	at org.testng.TestNG.run(TestNG.java:1064)
	at testScripts.VisibilityMain.main(VisibilityMain.java:24)
</pre></div></td>
<td>0</td>
<td>null</td></tr>
<tr>
<td title='testScripts.Outboundscenarios.optimization_skip()'><b>optimization_skip</b><br>Test class: testScripts.Outboundscenarios</td>
<td><div><pre>java.lang.Throwable: Method Outboundscenarios.optimization_skip()[pri:0, instance:testScripts.Outboundscenarios@3a03464] depends on not successfully finished methods
	at testScripts.VisibilityMain.main(VisibilityMain.java:24)
... Removed 14 stack frames</pre></div><a href='#' onClick='toggleBox("stack-trace266843824", this, "Click to show all stack frames", "Click to hide stack frames")'>Click to show all stack frames</a>
<div class='stack-trace' id='stack-trace266843824'><pre>java.lang.Throwable: Method Outboundscenarios.optimization_skip()[pri:0, instance:testScripts.Outboundscenarios@3a03464] depends on not successfully finished methods
	at org.testng.internal.Invoker.invokeTestMethods(Invoker.java:1039)
	at org.testng.internal.TestMethodWorker.invokeTestMethods(TestMethodWorker.java:129)
	at org.testng.internal.TestMethodWorker.run(TestMethodWorker.java:112)
	at org.testng.TestRunner.privateRun(TestRunner.java:782)
	at org.testng.TestRunner.run(TestRunner.java:632)
	at org.testng.SuiteRunner.runTest(SuiteRunner.java:366)
	at org.testng.SuiteRunner.runSequentially(SuiteRunner.java:361)
	at org.testng.SuiteRunner.privateRun(SuiteRunner.java:319)
	at org.testng.SuiteRunner.run(SuiteRunner.java:268)
	at org.testng.SuiteRunnerWorker.runSuite(SuiteRunnerWorker.java:52)
	at org.testng.SuiteRunnerWorker.run(SuiteRunnerWorker.java:86)
	at org.testng.TestNG.runSuitesSequentially(TestNG.java:1244)
	at org.testng.TestNG.runSuitesLocally(TestNG.java:1169)
	at org.testng.TestNG.run(TestNG.java:1064)
	at testScripts.VisibilityMain.main(VisibilityMain.java:24)
</pre></div></td>
<td>0</td>
<td>null</td></tr>
<tr>
<td title='testScripts.ExcessQtyBinning.pickerassign()'><b>pickerassign</b><br>Test class: testScripts.ExcessQtyBinning</td>
<td><div><pre>java.lang.Throwable: Method ExcessQtyBinning.pickerassign()[pri:0, instance:testScripts.ExcessQtyBinning@2ef9b8bc] depends on not successfully finished methods
	at testScripts.VisibilityMain.main(VisibilityMain.java:24)
... Removed 14 stack frames</pre></div><a href='#' onClick='toggleBox("stack-trace435626542", this, "Click to show all stack frames", "Click to hide stack frames")'>Click to show all stack frames</a>
<div class='stack-trace' id='stack-trace435626542'><pre>java.lang.Throwable: Method ExcessQtyBinning.pickerassign()[pri:0, instance:testScripts.ExcessQtyBinning@2ef9b8bc] depends on not successfully finished methods
	at org.testng.internal.Invoker.invokeTestMethods(Invoker.java:1039)
	at org.testng.internal.TestMethodWorker.invokeTestMethods(TestMethodWorker.java:129)
	at org.testng.internal.TestMethodWorker.run(TestMethodWorker.java:112)
	at org.testng.TestRunner.privateRun(TestRunner.java:782)
	at org.testng.TestRunner.run(TestRunner.java:632)
	at org.testng.SuiteRunner.runTest(SuiteRunner.java:366)
	at org.testng.SuiteRunner.runSequentially(SuiteRunner.java:361)
	at org.testng.SuiteRunner.privateRun(SuiteRunner.java:319)
	at org.testng.SuiteRunner.run(SuiteRunner.java:268)
	at org.testng.SuiteRunnerWorker.runSuite(SuiteRunnerWorker.java:52)
	at org.testng.SuiteRunnerWorker.run(SuiteRunnerWorker.java:86)
	at org.testng.TestNG.runSuitesSequentially(TestNG.java:1244)
	at org.testng.TestNG.runSuitesLocally(TestNG.java:1169)
	at org.testng.TestNG.run(TestNG.java:1064)
	at testScripts.VisibilityMain.main(VisibilityMain.java:24)
</pre></div></td>
<td>0</td>
<td>null</td></tr>
<tr>
<td title='testScripts.ScanToBox.pickerassign()'><b>pickerassign</b><br>Test class: testScripts.ScanToBox</td>
<td><div><pre>java.lang.Throwable: Method ScanToBox.pickerassign()[pri:0, instance:testScripts.ScanToBox@3567135c] depends on not successfully finished methods
	at testScripts.VisibilityMain.main(VisibilityMain.java:24)
... Removed 14 stack frames</pre></div><a href='#' onClick='toggleBox("stack-trace92862012", this, "Click to show all stack frames", "Click to hide stack frames")'>Click to show all stack frames</a>
<div class='stack-trace' id='stack-trace92862012'><pre>java.lang.Throwable: Method ScanToBox.pickerassign()[pri:0, instance:testScripts.ScanToBox@3567135c] depends on not successfully finished methods
	at org.testng.internal.Invoker.invokeTestMethods(Invoker.java:1039)
	at org.testng.internal.TestMethodWorker.invokeTestMethods(TestMethodWorker.java:129)
	at org.testng.internal.TestMethodWorker.run(TestMethodWorker.java:112)
	at org.testng.TestRunner.privateRun(TestRunner.java:782)
	at org.testng.TestRunner.run(TestRunner.java:632)
	at org.testng.SuiteRunner.runTest(SuiteRunner.java:366)
	at org.testng.SuiteRunner.runSequentially(SuiteRunner.java:361)
	at org.testng.SuiteRunner.privateRun(SuiteRunner.java:319)
	at org.testng.SuiteRunner.run(SuiteRunner.java:268)
	at org.testng.SuiteRunnerWorker.runSuite(SuiteRunnerWorker.java:52)
	at org.testng.SuiteRunnerWorker.run(SuiteRunnerWorker.java:86)
	at org.testng.TestNG.runSuitesSequentially(TestNG.java:1244)
	at org.testng.TestNG.runSuitesLocally(TestNG.java:1169)
	at org.testng.TestNG.run(TestNG.java:1064)
	at testScripts.VisibilityMain.main(VisibilityMain.java:24)
</pre></div></td>
<td>0</td>
<td>null</td></tr>
<tr>
<td title='testScripts.Outboundscenarios.pickerassignment()'><b>pickerassignment</b><br>Test class: testScripts.Outboundscenarios</td>
<td><div><pre>java.lang.Throwable: Method Outboundscenarios.pickerassignment()[pri:0, instance:testScripts.Outboundscenarios@3a03464] depends on not successfully finished methods
	at testScripts.VisibilityMain.main(VisibilityMain.java:24)
... Removed 14 stack frames</pre></div><a href='#' onClick='toggleBox("stack-trace1624510452", this, "Click to show all stack frames", "Click to hide stack frames")'>Click to show all stack frames</a>
<div class='stack-trace' id='stack-trace1624510452'><pre>java.lang.Throwable: Method Outboundscenarios.pickerassignment()[pri:0, instance:testScripts.Outboundscenarios@3a03464] depends on not successfully finished methods
	at org.testng.internal.Invoker.invokeTestMethods(Invoker.java:1039)
	at org.testng.internal.TestMethodWorker.invokeTestMethods(TestMethodWorker.java:129)
	at org.testng.internal.TestMethodWorker.run(TestMethodWorker.java:112)
	at org.testng.TestRunner.privateRun(TestRunner.java:782)
	at org.testng.TestRunner.run(TestRunner.java:632)
	at org.testng.SuiteRunner.runTest(SuiteRunner.java:366)
	at org.testng.SuiteRunner.runSequentially(SuiteRunner.java:361)
	at org.testng.SuiteRunner.privateRun(SuiteRunner.java:319)
	at org.testng.SuiteRunner.run(SuiteRunner.java:268)
	at org.testng.SuiteRunnerWorker.runSuite(SuiteRunnerWorker.java:52)
	at org.testng.SuiteRunnerWorker.run(SuiteRunnerWorker.java:86)
	at org.testng.TestNG.runSuitesSequentially(TestNG.java:1244)
	at org.testng.TestNG.runSuitesLocally(TestNG.java:1169)
	at org.testng.TestNG.run(TestNG.java:1064)
	at testScripts.VisibilityMain.main(VisibilityMain.java:24)
</pre></div></td>
<td>0</td>
<td>null</td></tr>
<tr>
<td title='testScripts.ExcessQtyBinning.pickgeneration()'><b>pickgeneration</b><br>Test class: testScripts.ExcessQtyBinning</td>
<td><div><pre>java.lang.Throwable: Method ExcessQtyBinning.pickgeneration()[pri:0, instance:testScripts.ExcessQtyBinning@2ef9b8bc] depends on not successfully finished methods
	at testScripts.VisibilityMain.main(VisibilityMain.java:24)
... Removed 14 stack frames</pre></div><a href='#' onClick='toggleBox("stack-trace1037346554", this, "Click to show all stack frames", "Click to hide stack frames")'>Click to show all stack frames</a>
<div class='stack-trace' id='stack-trace1037346554'><pre>java.lang.Throwable: Method ExcessQtyBinning.pickgeneration()[pri:0, instance:testScripts.ExcessQtyBinning@2ef9b8bc] depends on not successfully finished methods
	at org.testng.internal.Invoker.invokeTestMethods(Invoker.java:1039)
	at org.testng.internal.TestMethodWorker.invokeTestMethods(TestMethodWorker.java:129)
	at org.testng.internal.TestMethodWorker.run(TestMethodWorker.java:112)
	at org.testng.TestRunner.privateRun(TestRunner.java:782)
	at org.testng.TestRunner.run(TestRunner.java:632)
	at org.testng.SuiteRunner.runTest(SuiteRunner.java:366)
	at org.testng.SuiteRunner.runSequentially(SuiteRunner.java:361)
	at org.testng.SuiteRunner.privateRun(SuiteRunner.java:319)
	at org.testng.SuiteRunner.run(SuiteRunner.java:268)
	at org.testng.SuiteRunnerWorker.runSuite(SuiteRunnerWorker.java:52)
	at org.testng.SuiteRunnerWorker.run(SuiteRunnerWorker.java:86)
	at org.testng.TestNG.runSuitesSequentially(TestNG.java:1244)
	at org.testng.TestNG.runSuitesLocally(TestNG.java:1169)
	at org.testng.TestNG.run(TestNG.java:1064)
	at testScripts.VisibilityMain.main(VisibilityMain.java:24)
</pre></div></td>
<td>0</td>
<td>null</td></tr>
<tr>
<td title='testScripts.ScanToBox.pickgeneration()'><b>pickgeneration</b><br>Test class: testScripts.ScanToBox</td>
<td><div><pre>java.lang.Throwable: Method ScanToBox.pickgeneration()[pri:0, instance:testScripts.ScanToBox@3567135c] depends on not successfully finished methods
	at testScripts.VisibilityMain.main(VisibilityMain.java:24)
... Removed 14 stack frames</pre></div><a href='#' onClick='toggleBox("stack-trace2127481101", this, "Click to show all stack frames", "Click to hide stack frames")'>Click to show all stack frames</a>
<div class='stack-trace' id='stack-trace2127481101'><pre>java.lang.Throwable: Method ScanToBox.pickgeneration()[pri:0, instance:testScripts.ScanToBox@3567135c] depends on not successfully finished methods
	at org.testng.internal.Invoker.invokeTestMethods(Invoker.java:1039)
	at org.testng.internal.TestMethodWorker.invokeTestMethods(TestMethodWorker.java:129)
	at org.testng.internal.TestMethodWorker.run(TestMethodWorker.java:112)
	at org.testng.TestRunner.privateRun(TestRunner.java:782)
	at org.testng.TestRunner.run(TestRunner.java:632)
	at org.testng.SuiteRunner.runTest(SuiteRunner.java:366)
	at org.testng.SuiteRunner.runSequentially(SuiteRunner.java:361)
	at org.testng.SuiteRunner.privateRun(SuiteRunner.java:319)
	at org.testng.SuiteRunner.run(SuiteRunner.java:268)
	at org.testng.SuiteRunnerWorker.runSuite(SuiteRunnerWorker.java:52)
	at org.testng.SuiteRunnerWorker.run(SuiteRunnerWorker.java:86)
	at org.testng.TestNG.runSuitesSequentially(TestNG.java:1244)
	at org.testng.TestNG.runSuitesLocally(TestNG.java:1169)
	at org.testng.TestNG.run(TestNG.java:1064)
	at testScripts.VisibilityMain.main(VisibilityMain.java:24)
</pre></div></td>
<td>0</td>
<td>null</td></tr>
<tr>
<td title='testScripts.ExcessQtyBinning.pickingScreen()'><b>pickingScreen</b><br>Test class: testScripts.ExcessQtyBinning</td>
<td><div><pre>java.lang.Throwable: Method ExcessQtyBinning.pickingScreen()[pri:0, instance:testScripts.ExcessQtyBinning@2ef9b8bc] depends on not successfully finished methods
	at testScripts.VisibilityMain.main(VisibilityMain.java:24)
... Removed 14 stack frames</pre></div><a href='#' onClick='toggleBox("stack-trace1064456966", this, "Click to show all stack frames", "Click to hide stack frames")'>Click to show all stack frames</a>
<div class='stack-trace' id='stack-trace1064456966'><pre>java.lang.Throwable: Method ExcessQtyBinning.pickingScreen()[pri:0, instance:testScripts.ExcessQtyBinning@2ef9b8bc] depends on not successfully finished methods
	at org.testng.internal.Invoker.invokeTestMethods(Invoker.java:1039)
	at org.testng.internal.TestMethodWorker.invokeTestMethods(TestMethodWorker.java:129)
	at org.testng.internal.TestMethodWorker.run(TestMethodWorker.java:112)
	at org.testng.TestRunner.privateRun(TestRunner.java:782)
	at org.testng.TestRunner.run(TestRunner.java:632)
	at org.testng.SuiteRunner.runTest(SuiteRunner.java:366)
	at org.testng.SuiteRunner.runSequentially(SuiteRunner.java:361)
	at org.testng.SuiteRunner.privateRun(SuiteRunner.java:319)
	at org.testng.SuiteRunner.run(SuiteRunner.java:268)
	at org.testng.SuiteRunnerWorker.runSuite(SuiteRunnerWorker.java:52)
	at org.testng.SuiteRunnerWorker.run(SuiteRunnerWorker.java:86)
	at org.testng.TestNG.runSuitesSequentially(TestNG.java:1244)
	at org.testng.TestNG.runSuitesLocally(TestNG.java:1169)
	at org.testng.TestNG.run(TestNG.java:1064)
	at testScripts.VisibilityMain.main(VisibilityMain.java:24)
</pre></div></td>
<td>0</td>
<td>null</td></tr>
<tr>
<td title='testScripts.ScanToBox.pickingScreen()'><b>pickingScreen</b><br>Test class: testScripts.ScanToBox</td>
<td><div><pre>java.lang.Throwable: Method ScanToBox.pickingScreen()[pri:0, instance:testScripts.ScanToBox@3567135c] depends on not successfully finished methods
	at testScripts.VisibilityMain.main(VisibilityMain.java:24)
... Removed 14 stack frames</pre></div><a href='#' onClick='toggleBox("stack-trace1517266286", this, "Click to show all stack frames", "Click to hide stack frames")'>Click to show all stack frames</a>
<div class='stack-trace' id='stack-trace1517266286'><pre>java.lang.Throwable: Method ScanToBox.pickingScreen()[pri:0, instance:testScripts.ScanToBox@3567135c] depends on not successfully finished methods
	at org.testng.internal.Invoker.invokeTestMethods(Invoker.java:1039)
	at org.testng.internal.TestMethodWorker.invokeTestMethods(TestMethodWorker.java:129)
	at org.testng.internal.TestMethodWorker.run(TestMethodWorker.java:112)
	at org.testng.TestRunner.privateRun(TestRunner.java:782)
	at org.testng.TestRunner.run(TestRunner.java:632)
	at org.testng.SuiteRunner.runTest(SuiteRunner.java:366)
	at org.testng.SuiteRunner.runSequentially(SuiteRunner.java:361)
	at org.testng.SuiteRunner.privateRun(SuiteRunner.java:319)
	at org.testng.SuiteRunner.run(SuiteRunner.java:268)
	at org.testng.SuiteRunnerWorker.runSuite(SuiteRunnerWorker.java:52)
	at org.testng.SuiteRunnerWorker.run(SuiteRunnerWorker.java:86)
	at org.testng.TestNG.runSuitesSequentially(TestNG.java:1244)
	at org.testng.TestNG.runSuitesLocally(TestNG.java:1169)
	at org.testng.TestNG.run(TestNG.java:1064)
	at testScripts.VisibilityMain.main(VisibilityMain.java:24)
</pre></div></td>
<td>0</td>
<td>null</td></tr>
<tr>
<td title='testScripts.Outboundscenarios.shortpick()'><b>shortpick</b><br>Test class: testScripts.Outboundscenarios</td>
<td><div><pre>java.lang.Throwable: Method Outboundscenarios.shortpick()[pri:0, instance:testScripts.Outboundscenarios@3a03464] depends on not successfully finished methods
	at testScripts.VisibilityMain.main(VisibilityMain.java:24)
... Removed 14 stack frames</pre></div><a href='#' onClick='toggleBox("stack-trace1326230282", this, "Click to show all stack frames", "Click to hide stack frames")'>Click to show all stack frames</a>
<div class='stack-trace' id='stack-trace1326230282'><pre>java.lang.Throwable: Method Outboundscenarios.shortpick()[pri:0, instance:testScripts.Outboundscenarios@3a03464] depends on not successfully finished methods
	at org.testng.internal.Invoker.invokeTestMethods(Invoker.java:1039)
	at org.testng.internal.TestMethodWorker.invokeTestMethods(TestMethodWorker.java:129)
	at org.testng.internal.TestMethodWorker.run(TestMethodWorker.java:112)
	at org.testng.TestRunner.privateRun(TestRunner.java:782)
	at org.testng.TestRunner.run(TestRunner.java:632)
	at org.testng.SuiteRunner.runTest(SuiteRunner.java:366)
	at org.testng.SuiteRunner.runSequentially(SuiteRunner.java:361)
	at org.testng.SuiteRunner.privateRun(SuiteRunner.java:319)
	at org.testng.SuiteRunner.run(SuiteRunner.java:268)
	at org.testng.SuiteRunnerWorker.runSuite(SuiteRunnerWorker.java:52)
	at org.testng.SuiteRunnerWorker.run(SuiteRunnerWorker.java:86)
	at org.testng.TestNG.runSuitesSequentially(TestNG.java:1244)
	at org.testng.TestNG.runSuitesLocally(TestNG.java:1169)
	at org.testng.TestNG.run(TestNG.java:1064)
	at testScripts.VisibilityMain.main(VisibilityMain.java:24)
</pre></div></td>
<td>0</td>
<td>null</td></tr>
</table><p>
</body>
</html>